SF:lib/ui/calendar.dart
DA:20,1
DA:27,1
DA:29,1
DA:30,1
DA:49,2
DA:50,1
DA:51,2
DA:52,2
DA:53,1
DA:54,2
DA:56,1
DA:58,2
DA:59,4
DA:60,2
DA:62,6
DA:64,2
DA:65,1
DA:68,1
DA:69,3
DA:71,2
DA:72,1
DA:75,1
DA:76,3
DA:78,6
DA:80,2
DA:81,1
DA:82,1
DA:83,1
DA:86,1
DA:87,1
DA:90,1
DA:95,1
DA:96,6
DA:97,2
DA:98,0
DA:100,3
DA:101,4
DA:103,2
DA:106,1
DA:107,1
DA:108,4
DA:109,3
DA:113,1
DA:115,2
DA:116,2
DA:117,1
DA:120,1
DA:122,1
DA:123,1
DA:125,1
DA:126,6
DA:127,1
DA:128,1
DA:129,3
DA:132,1
DA:133,2
DA:134,3
DA:135,2
DA:143,1
DA:144,1
DA:145,1
DA:148,1
DA:149,1
DA:150,1
DA:151,1
DA:152,1
DA:153,1
DA:154,0
DA:155,0
DA:156,0
DA:157,0
DA:164,1
DA:165,1
DA:166,1
DA:167,1
DA:168,1
DA:169,3
DA:171,0
DA:172,0
DA:174,0
DA:175,0
DA:176,0
DA:177,0
DA:178,0
DA:179,0
DA:183,0
DA:184,0
DA:185,0
DA:186,0
DA:187,0
DA:188,0
DA:192,6
DA:193,1
DA:194,11
DA:196,3
DA:201,1
DA:202,1
DA:203,1
DA:204,1
DA:205,0
DA:206,0
DA:207,0
DA:208,0
DA:220,1
DA:221,1
DA:222,1
DA:223,2
DA:224,2
DA:227,1
DA:228,0
DA:229,0
DA:230,0
DA:233,1
DA:237,1
DA:238,3
DA:239,2
DA:240,2
DA:248,2
DA:249,8
DA:251,2
DA:252,8
DA:258,1
DA:263,1
DA:264,1
DA:266,1
DA:268,1
DA:269,1
DA:273,1
DA:274,1
DA:283,2
DA:285,1
DA:286,1
DA:288,1
DA:289,1
DA:290,1
DA:292,1
DA:293,1
DA:294,1
DA:306,1
DA:308,1
DA:316,1
DA:320,1
LF:142
LH:116
end_of_record
SF:lib/actions/absences_actions.g.dart
DA:14,20
DA:15,20
DA:20,10
DA:22,20
DA:23,20
DA:28,9
DA:29,30
LF:7
LH:7
end_of_record
SF:lib/actions/absences_actions.dart
DA:6,20
DA:7,10
LF:2
LH:2
end_of_record
SF:lib/actions/app_actions.g.dart
DA:14,20
DA:15,20
DA:45,10
DA:47,20
DA:48,20
DA:49,20
DA:50,20
DA:51,20
DA:52,20
DA:53,20
DA:54,20
DA:55,20
DA:56,20
DA:57,20
DA:58,20
DA:60,20
DA:61,20
DA:62,20
DA:63,20
DA:64,20
DA:65,20
DA:66,20
DA:67,20
DA:68,20
DA:69,20
DA:70,20
DA:71,20
DA:76,0
DA:77,3
DA:78,9
DA:79,9
DA:80,9
DA:81,6
DA:82,3
DA:83,30
DA:84,30
DA:85,30
DA:86,20
DA:87,10
DA:88,30
DA:89,9
LF:41
LH:40
end_of_record
SF:lib/actions/app_actions.dart
DA:20,20
DA:21,10
LF:2
LH:2
end_of_record
SF:lib/app_state.g.dart
DA:9,3
DA:10,2
DA:11,1
DA:12,2
DA:13,1
DA:14,2
DA:15,1
DA:16,3
DA:17,3
DA:18,2
DA:19,1
DA:20,3
DA:21,2
DA:22,1
DA:23,2
DA:24,1
DA:25,2
DA:26,1
DA:27,2
DA:28,1
DA:29,2
DA:30,1
DA:38,1
DA:41,1
DA:43,2
DA:46,2
DA:49,2
DA:52,2
DA:55,2
DA:58,2
DA:61,2
DA:64,2
DA:67,2
DA:74,1
DA:77,1
DA:79,1
DA:80,1
DA:81,1
DA:82,1
DA:83,1
DA:85,1
DA:86,3
DA:89,1
DA:90,3
DA:94,1
DA:95,3
DA:98,1
DA:99,3
DA:102,1
DA:103,3
DA:106,1
DA:107,3
DA:110,1
DA:111,3
DA:114,1
DA:115,3
DA:119,1
DA:120,3
DA:126,1
DA:136,1
DA:139,1
DA:141,2
DA:146,1
DA:149,0
DA:150,0
DA:155,1
DA:159,1
DA:161,1
DA:162,1
DA:163,1
DA:164,1
DA:165,1
DA:167,1
DA:168,3
DA:173,0
DA:174,0
DA:180,1
DA:191,1
DA:194,1
DA:196,2
DA:199,1
DA:202,1
DA:203,2
DA:207,1
DA:210,0
DA:211,0
DA:218,1
DA:222,1
DA:224,1
DA:225,1
DA:226,1
DA:227,1
DA:228,1
DA:230,1
DA:231,2
DA:234,1
DA:235,3
DA:240,0
DA:241,0
DA:249,1
DA:260,1
DA:263,1
DA:265,1
DA:268,0
DA:269,0
DA:276,1
DA:280,1
DA:282,1
DA:283,1
DA:284,0
DA:285,0
DA:286,0
DA:288,0
DA:289,0
DA:297,1
DA:307,0
DA:310,0
DA:312,0
DA:314,0
DA:317,0
DA:320,0
DA:323,0
DA:327,0
DA:330,0
DA:331,0
DA:336,0
DA:339,0
DA:341,0
DA:342,0
DA:343,0
DA:344,0
DA:345,0
DA:347,0
DA:348,0
DA:351,0
DA:352,0
DA:355,0
DA:356,0
DA:359,0
DA:360,0
DA:363,0
DA:364,0
DA:367,0
DA:368,0
DA:374,0
DA:384,1
DA:387,1
DA:389,2
DA:392,2
DA:400,1
DA:403,1
DA:405,1
DA:406,1
DA:407,1
DA:408,1
DA:409,1
DA:411,1
DA:412,3
DA:415,1
DA:416,3
DA:424,1
DA:434,0
DA:437,0
DA:439,0
DA:441,0
DA:447,0
DA:450,0
DA:452,0
DA:453,0
DA:454,0
DA:455,0
DA:456,0
DA:458,0
DA:459,0
DA:462,0
DA:463,0
DA:469,0
DA:479,1
DA:482,1
DA:484,2
DA:487,1
DA:490,0
DA:491,0
DA:496,1
DA:499,1
DA:501,1
DA:502,1
DA:503,1
DA:504,1
DA:505,1
DA:507,1
DA:508,2
DA:511,0
DA:512,0
DA:518,1
DA:528,1
DA:531,1
DA:533,2
DA:536,2
DA:539,2
DA:542,2
DA:545,2
DA:548,2
DA:551,2
DA:554,2
DA:558,2
DA:561,2
DA:564,2
DA:567,2
DA:570,2
DA:573,2
DA:576,2
DA:579,2
DA:583,2
DA:587,2
DA:594,1
DA:598,1
DA:600,1
DA:601,1
DA:602,1
DA:603,1
DA:604,1
DA:606,1
DA:607,2
DA:610,1
DA:611,2
DA:614,1
DA:615,2
DA:618,1
DA:619,2
DA:622,1
DA:623,2
DA:626,1
DA:627,2
DA:630,1
DA:631,2
DA:634,1
DA:635,3
DA:639,1
DA:640,2
DA:643,1
DA:644,2
DA:647,1
DA:648,2
DA:651,1
DA:652,1
DA:653,1
DA:655,1
DA:656,2
DA:659,1
DA:660,2
DA:663,1
DA:664,2
DA:667,1
DA:668,3
DA:674,1
DA:675,3
DA:680,1
DA:681,2
DA:687,1
DA:697,1
DA:700,1
DA:702,1
DA:705,0
DA:706,0
DA:709,1
DA:712,0
DA:713,0
DA:716,1
DA:719,0
DA:720,0
DA:723,1
DA:726,0
DA:727,0
DA:730,1
DA:733,0
DA:734,0
DA:735,0
DA:740,1
DA:743,1
DA:745,1
DA:746,1
DA:747,0
DA:748,0
DA:749,0
DA:751,0
DA:752,0
DA:755,0
DA:756,0
DA:759,0
DA:760,0
DA:763,0
DA:764,0
DA:767,0
DA:768,0
DA:774,1
DA:784,1
DA:787,1
DA:789,2
DA:794,1
DA:797,0
DA:798,0
DA:804,1
DA:808,1
DA:810,1
DA:811,1
DA:812,1
DA:813,1
DA:814,1
DA:816,1
DA:817,0
DA:821,1
DA:822,3
DA:830,1
DA:840,1
DA:843,1
DA:845,2
DA:853,1
DA:857,1
DA:859,1
DA:860,1
DA:861,1
DA:862,1
DA:863,1
DA:865,1
DA:866,3
DA:875,1
DA:886,1
DA:889,1
DA:891,1
DA:894,0
DA:895,0
DA:901,1
DA:905,1
DA:907,1
DA:908,1
DA:909,0
DA:910,0
DA:911,0
DA:913,0
DA:914,0
DA:920,1
DA:954,10
DA:955,30
DA:957,10
DA:972,10
DA:973,10
DA:974,10
DA:975,20
DA:976,10
DA:977,10
DA:978,10
DA:979,10
DA:980,10
DA:981,10
DA:982,20
DA:983,10
DA:984,10
DA:985,10
DA:986,10
DA:987,10
DA:988,10
DA:989,10
DA:990,10
DA:991,10
DA:992,10
DA:993,10
DA:994,10
DA:997,10
DA:999,30
DA:1001,10
DA:1002,20
DA:1004,10
DA:1007,10
DA:1008,30
DA:1009,27
DA:1010,27
DA:1011,24
DA:1012,24
DA:1013,21
DA:1014,21
DA:1015,21
DA:1016,9
DA:1017,9
DA:1018,6
DA:1019,6
DA:1020,6
DA:1021,6
DA:1024,0
DA:1026,0
DA:1027,0
DA:1028,0
DA:1029,0
DA:1030,0
DA:1031,0
DA:1032,0
DA:1033,0
DA:1034,0
DA:1035,0
DA:1036,0
DA:1037,0
DA:1038,0
DA:1039,0
DA:1041,0
DA:1042,0
DA:1043,0
DA:1044,0
DA:1045,0
DA:1046,0
DA:1047,0
DA:1048,0
DA:1049,0
DA:1050,0
DA:1051,0
DA:1052,0
DA:1053,0
DA:1054,0
DA:1055,0
DA:1058,0
DA:1060,0
DA:1061,0
DA:1062,0
DA:1063,0
DA:1064,0
DA:1065,0
DA:1066,0
DA:1067,0
DA:1068,0
DA:1069,0
DA:1070,0
DA:1071,0
DA:1072,0
DA:1073,0
DA:1074,0
DA:1075,0
DA:1083,10
DA:1084,20
DA:1085,10
DA:1086,20
DA:1089,10
DA:1090,20
DA:1091,10
DA:1092,20
DA:1095,10
DA:1096,20
DA:1097,10
DA:1098,20
DA:1101,10
DA:1102,20
DA:1103,10
DA:1104,20
DA:1107,10
DA:1108,20
DA:1109,10
DA:1110,20
DA:1113,0
DA:1114,0
DA:1117,30
DA:1118,30
DA:1121,10
DA:1122,20
DA:1123,10
DA:1124,20
DA:1127,10
DA:1128,20
DA:1129,10
DA:1130,20
DA:1133,10
DA:1134,20
DA:1135,10
DA:1136,20
DA:1139,10
DA:1140,20
DA:1141,10
DA:1142,20
DA:1145,10
DA:1146,20
DA:1147,10
DA:1148,20
DA:1151,10
DA:1152,20
DA:1153,10
DA:1154,20
DA:1157,30
DA:1158,3
DA:1160,10
DA:1161,10
DA:1164,10
DA:1165,10
DA:1167,30
DA:1168,30
DA:1169,30
DA:1170,30
DA:1171,30
DA:1172,20
DA:1173,20
DA:1174,30
DA:1175,30
DA:1176,30
DA:1177,30
DA:1178,30
DA:1179,30
DA:1180,20
DA:1181,10
DA:1186,10
DA:1188,10
DA:1189,10
DA:1192,10
DA:1194,10
DA:1197,10
DA:1201,10
DA:1202,10
DA:1203,20
DA:1204,20
DA:1205,20
DA:1206,20
DA:1207,20
DA:1208,10
DA:1209,10
DA:1210,10
DA:1211,20
DA:1212,20
DA:1213,20
DA:1214,20
DA:1215,20
DA:1216,20
DA:1217,10
DA:1222,0
DA:1224,0
DA:1226,0
DA:1228,0
DA:1230,0
DA:1232,0
DA:1235,0
DA:1237,0
DA:1239,0
DA:1241,0
DA:1243,0
DA:1245,0
DA:1247,0
DA:1248,0
DA:1252,10
DA:1263,0
DA:1264,0
DA:1266,20
DA:1267,10
DA:1268,10
DA:1271,0
DA:1273,0
DA:1275,10
DA:1276,20
DA:1278,2
DA:1281,0
DA:1282,0
DA:1283,0
DA:1286,0
DA:1288,0
DA:1291,0
DA:1293,0
DA:1294,0
DA:1295,0
DA:1296,0
DA:1305,10
DA:1306,20
DA:1307,30
DA:1310,30
DA:1311,0
DA:1313,10
DA:1314,10
DA:1317,10
DA:1318,10
DA:1320,0
DA:1321,0
DA:1322,0
DA:1327,10
DA:1329,10
DA:1330,10
DA:1333,0
DA:1335,0
DA:1338,10
DA:1342,10
DA:1343,10
DA:1344,30
DA:1349,0
DA:1351,0
DA:1352,0
DA:1356,10
DA:1371,0
DA:1372,0
DA:1374,10
DA:1379,10
DA:1380,20
DA:1381,20
DA:1384,0
DA:1386,0
DA:1388,10
DA:1390,20
DA:1392,10
DA:1395,3
DA:1396,9
DA:1397,9
DA:1398,9
DA:1399,9
DA:1402,0
DA:1404,0
DA:1405,0
DA:1406,0
DA:1409,0
DA:1411,0
DA:1412,0
DA:1413,0
DA:1414,0
DA:1415,0
DA:1416,0
DA:1425,30
DA:1426,30
DA:1429,30
DA:1430,30
DA:1433,1
DA:1434,2
DA:1435,10
DA:1436,20
DA:1439,7
DA:1440,3
DA:1442,10
DA:1443,10
DA:1446,10
DA:1447,10
DA:1449,4
DA:1450,4
DA:1451,6
DA:1452,6
DA:1453,2
DA:1458,10
DA:1460,10
DA:1461,10
DA:1464,0
DA:1466,0
DA:1469,10
DA:1473,10
DA:1474,10
DA:1475,10
DA:1476,10
DA:1477,10
DA:1478,10
DA:1479,20
DA:1480,12
DA:1485,0
DA:1487,0
DA:1489,0
DA:1490,0
DA:1494,10
DA:1519,0
DA:1520,0
DA:1522,10
DA:1532,10
DA:1533,20
DA:1534,20
DA:1535,10
DA:1536,10
DA:1537,10
DA:1538,10
DA:1539,10
DA:1540,10
DA:1541,10
DA:1542,10
DA:1543,10
DA:1544,10
DA:1547,0
DA:1549,0
DA:1551,10
DA:1552,20
DA:1554,9
DA:1558,1
DA:1559,3
DA:1560,3
DA:1561,3
DA:1562,3
DA:1563,3
DA:1564,3
DA:1565,3
DA:1566,3
DA:1567,3
DA:1570,0
DA:1572,0
DA:1573,0
DA:1574,0
DA:1575,0
DA:1576,0
DA:1577,0
DA:1578,0
DA:1579,0
DA:1580,0
DA:1581,0
DA:1582,0
DA:1583,0
DA:1584,0
DA:1585,0
DA:1586,0
DA:1587,0
DA:1590,0
DA:1592,0
DA:1593,0
DA:1594,0
DA:1595,0
DA:1596,0
DA:1597,0
DA:1598,0
DA:1599,0
DA:1600,0
DA:1601,0
DA:1602,0
DA:1610,30
DA:1611,30
DA:1614,30
DA:1615,30
DA:1618,30
DA:1619,0
DA:1622,30
DA:1623,6
DA:1626,30
DA:1627,10
DA:1628,20
DA:1631,30
DA:1632,10
DA:1633,20
DA:1636,10
DA:1637,20
DA:1638,10
DA:1639,20
DA:1642,10
DA:1643,20
DA:1644,10
DA:1645,20
DA:1648,10
DA:1649,20
DA:1650,10
DA:1651,20
DA:1653,10
DA:1654,10
DA:1657,10
DA:1658,10
DA:1660,2
DA:1661,2
DA:1662,2
DA:1663,2
DA:1664,2
DA:1665,2
DA:1666,3
DA:1667,3
DA:1668,3
DA:1669,1
DA:1674,10
DA:1676,10
DA:1677,10
DA:1680,0
DA:1682,0
DA:1685,10
DA:1689,10
DA:1690,10
DA:1691,10
DA:1692,10
DA:1693,10
DA:1694,10
DA:1695,10
DA:1696,10
DA:1697,10
DA:1698,10
DA:1699,10
DA:1700,10
DA:1701,20
DA:1702,20
DA:1703,20
DA:1708,0
DA:1710,0
DA:1712,0
DA:1714,0
DA:1715,0
DA:1719,10
DA:1736,0
DA:1737,0
DA:1739,10
DA:1745,10
DA:1746,20
DA:1749,0
DA:1751,0
DA:1753,1
DA:1755,2
DA:1757,1
DA:1760,1
DA:1761,3
DA:1762,3
DA:1763,3
DA:1764,3
DA:1765,3
DA:1768,0
DA:1770,0
DA:1771,0
DA:1772,0
DA:1773,0
DA:1774,0
DA:1775,0
DA:1778,0
DA:1780,0
DA:1781,0
DA:1782,0
DA:1783,0
DA:1784,0
DA:1785,0
DA:1786,0
DA:1795,30
DA:1796,0
DA:1799,30
DA:1800,30
DA:1803,30
DA:1804,0
DA:1807,30
DA:1808,0
DA:1811,30
DA:1812,0
DA:1814,10
DA:1815,10
DA:1818,10
DA:1819,10
DA:1821,0
DA:1822,0
DA:1823,0
DA:1824,0
DA:1825,0
DA:1826,0
DA:1831,10
DA:1833,10
DA:1834,10
DA:1837,0
DA:1839,0
DA:1842,10
DA:1844,10
DA:1845,10
DA:1846,10
DA:1847,10
DA:1848,10
DA:1849,10
DA:1850,10
DA:1851,10
DA:1852,10
DA:1861,0
DA:1863,0
DA:1865,20
DA:1867,0
DA:1869,0
DA:1871,10
DA:1873,20
DA:1875,9
DA:1878,8
DA:1881,0
DA:1883,0
DA:1886,0
DA:1888,0
DA:1889,0
DA:1890,0
DA:1899,1
DA:1900,2
DA:1901,1
DA:1902,2
DA:1904,10
DA:1906,1
DA:1907,1
DA:1909,3
DA:1910,1
DA:1915,10
DA:1917,10
DA:1918,10
DA:1921,0
DA:1923,0
DA:1926,10
DA:1930,10
DA:1931,21
DA:1936,0
DA:1938,0
DA:1939,0
DA:1943,10
DA:1962,1
DA:1963,3
DA:1965,1
DA:1972,1
DA:1973,2
DA:1974,1
DA:1975,1
DA:1976,2
DA:1977,2
DA:1978,1
DA:1979,1
DA:1982,0
DA:1984,0
DA:1986,0
DA:1987,0
DA:1989,0
DA:1992,0
DA:1993,0
DA:1994,0
DA:1995,0
DA:1996,0
DA:1997,0
DA:1998,0
DA:2001,0
DA:2003,0
DA:2004,0
DA:2005,0
DA:2006,0
DA:2007,0
DA:2008,0
DA:2009,0
DA:2010,0
DA:2013,0
DA:2015,0
DA:2016,0
DA:2017,0
DA:2018,0
DA:2019,0
DA:2020,0
DA:2021,0
DA:2022,0
DA:2030,3
DA:2031,3
DA:2034,3
DA:2035,1
DA:2036,2
DA:2039,3
DA:2040,3
DA:2043,3
DA:2044,3
DA:2047,3
DA:2048,1
DA:2049,2
DA:2052,3
DA:2053,1
DA:2054,2
DA:2056,1
DA:2058,1
DA:2059,1
DA:2061,0
DA:2062,0
DA:2063,0
DA:2064,0
DA:2065,0
DA:2066,0
DA:2067,0
DA:2072,1
DA:2074,1
DA:2075,1
DA:2078,1
DA:2080,1
DA:2083,1
DA:2085,1
DA:2086,1
DA:2087,1
DA:2088,1
DA:2089,1
DA:2090,1
DA:2091,1
DA:2092,1
DA:2093,1
DA:2094,1
DA:2095,1
DA:2096,1
DA:2097,1
DA:2098,1
DA:2113,0
DA:2114,0
DA:2116,10
DA:2121,10
DA:2122,20
DA:2123,20
DA:2124,20
DA:2127,0
DA:2129,0
DA:2131,10
DA:2132,20
DA:2134,8
DA:2137,1
DA:2138,3
DA:2139,3
DA:2140,3
DA:2141,3
DA:2144,0
DA:2146,0
DA:2147,0
DA:2148,0
DA:2149,0
DA:2152,0
DA:2154,0
DA:2155,0
DA:2156,0
DA:2157,0
DA:2158,0
DA:2159,0
DA:2167,30
DA:2168,30
DA:2171,30
DA:2172,30
DA:2175,10
DA:2176,20
DA:2177,30
DA:2180,0
DA:2181,0
DA:2182,0
DA:2183,0
DA:2185,10
DA:2186,10
DA:2189,10
DA:2190,10
DA:2192,0
DA:2193,0
DA:2194,0
DA:2195,0
DA:2196,0
DA:2201,10
DA:2203,10
DA:2204,10
DA:2207,0
DA:2209,0
DA:2212,10
DA:2216,10
DA:2217,10
DA:2218,10
DA:2219,10
DA:2220,20
DA:2221,20
DA:2222,10
DA:2227,0
DA:2229,0
DA:2231,0
DA:2233,0
DA:2234,0
DA:2238,10
DA:2249,3
DA:2250,9
DA:2252,6
DA:2253,6
DA:2254,6
DA:2257,1
DA:2259,3
DA:2261,1
DA:2262,2
DA:2264,1
DA:2267,1
DA:2268,3
DA:2269,0
DA:2272,1
DA:2274,7
DA:2277,0
DA:2279,0
DA:2280,0
DA:2281,0
DA:2282,0
DA:2291,9
DA:2292,9
DA:2295,9
DA:2296,9
DA:2298,3
DA:2300,3
DA:2301,3
DA:2303,2
DA:2304,2
DA:2305,1
DA:2310,3
DA:2312,3
DA:2313,3
DA:2316,3
DA:2318,3
DA:2321,3
DA:2323,3
DA:2324,3
DA:2325,3
DA:2326,3
DA:2327,3
DA:2328,3
DA:2329,3
DA:2340,10
DA:2341,30
DA:2343,20
DA:2344,20
DA:2347,0
DA:2349,0
DA:2351,10
DA:2352,20
DA:2354,3
DA:2357,8
DA:2360,2
DA:2362,14
DA:2365,0
DA:2367,0
DA:2368,0
DA:2369,0
DA:2370,0
DA:2378,30
DA:2379,30
DA:2382,30
DA:2383,6
DA:2385,10
DA:2387,10
DA:2388,10
DA:2390,0
DA:2391,0
DA:2392,0
DA:2397,10
DA:2399,10
DA:2400,10
DA:2403,10
DA:2405,10
DA:2408,10
DA:2410,10
DA:2411,10
DA:2413,20
DA:2414,10
DA:2415,10
DA:2462,0
DA:2463,0
DA:2465,10
DA:2486,10
DA:2487,10
DA:2488,10
DA:2489,10
DA:2490,10
DA:2491,10
DA:2492,10
DA:2493,10
DA:2494,10
DA:2495,10
DA:2496,10
DA:2497,10
DA:2498,10
DA:2499,10
DA:2500,10
DA:2501,10
DA:2502,10
DA:2503,10
DA:2504,10
DA:2505,10
DA:2506,10
DA:2507,10
DA:2508,10
DA:2509,10
DA:2510,10
DA:2511,10
DA:2512,10
DA:2513,20
DA:2515,20
DA:2517,10
DA:2518,10
DA:2519,10
DA:2520,10
DA:2521,10
DA:2522,10
DA:2523,10
DA:2524,10
DA:2525,10
DA:2526,10
DA:2529,0
DA:2531,0
DA:2533,10
DA:2534,20
DA:2536,7
DA:2539,6
DA:2540,18
DA:2541,18
DA:2542,18
DA:2543,15
DA:2544,15
DA:2545,15
DA:2546,12
DA:2547,12
DA:2548,12
DA:2549,9
DA:2550,9
DA:2551,9
DA:2552,9
DA:2553,6
DA:2554,3
DA:2555,9
DA:2556,9
DA:2557,9
DA:2558,9
DA:2559,3
DA:2560,0
DA:2563,0
DA:2565,0
DA:2566,0
DA:2567,0
DA:2568,0
DA:2569,0
DA:2570,0
DA:2571,0
DA:2572,0
DA:2573,0
DA:2574,0
DA:2575,0
DA:2576,0
DA:2577,0
DA:2578,0
DA:2579,0
DA:2580,0
DA:2581,0
DA:2582,0
DA:2583,0
DA:2584,0
DA:2586,0
DA:2587,0
DA:2588,0
DA:2589,0
DA:2590,0
DA:2591,0
DA:2592,0
DA:2593,0
DA:2594,0
DA:2595,0
DA:2596,0
DA:2597,0
DA:2598,0
DA:2599,0
DA:2600,0
DA:2601,0
DA:2602,0
DA:2603,0
DA:2604,0
DA:2605,0
DA:2606,0
DA:2607,0
DA:2608,0
DA:2609,0
DA:2610,0
DA:2611,0
DA:2612,0
DA:2613,0
DA:2616,0
DA:2618,0
DA:2619,0
DA:2620,0
DA:2621,0
DA:2622,0
DA:2623,0
DA:2624,0
DA:2625,0
DA:2626,0
DA:2627,0
DA:2628,0
DA:2629,0
DA:2630,0
DA:2631,0
DA:2632,0
DA:2633,0
DA:2634,0
DA:2635,0
DA:2636,0
DA:2637,0
DA:2638,0
DA:2639,0
DA:2640,0
DA:2649,30
DA:2650,10
DA:2651,20
DA:2654,30
DA:2655,30
DA:2658,30
DA:2659,30
DA:2662,30
DA:2663,10
DA:2664,20
DA:2667,30
DA:2668,10
DA:2669,20
DA:2672,30
DA:2673,10
DA:2674,20
DA:2677,30
DA:2678,10
DA:2679,20
DA:2682,10
DA:2683,20
DA:2684,10
DA:2685,20
DA:2688,30
DA:2689,10
DA:2690,20
DA:2693,30
DA:2694,10
DA:2695,20
DA:2698,30
DA:2699,10
DA:2700,20
DA:2703,30
DA:2704,10
DA:2705,20
DA:2708,30
DA:2709,10
DA:2710,20
DA:2713,10
DA:2714,20
DA:2715,10
DA:2717,20
DA:2721,30
DA:2722,10
DA:2723,20
DA:2726,30
DA:2727,10
DA:2728,20
DA:2731,30
DA:2732,10
DA:2733,20
DA:2736,10
DA:2737,20
DA:2738,10
DA:2739,20
DA:2742,10
DA:2743,20
DA:2744,10
DA:2745,20
DA:2748,30
DA:2749,10
DA:2750,20
DA:2752,10
DA:2753,10
DA:2756,10
DA:2757,10
DA:2759,12
DA:2760,12
DA:2761,12
DA:2762,12
DA:2763,12
DA:2764,12
DA:2765,12
DA:2766,18
DA:2767,12
DA:2768,12
DA:2769,12
DA:2770,12
DA:2771,12
DA:2772,12
DA:2773,12
DA:2774,12
DA:2775,12
DA:2776,18
DA:2777,18
DA:2778,12
DA:2779,6
DA:2784,10
DA:2786,10
DA:2787,10
DA:2790,0
DA:2792,0
DA:2795,10
DA:2799,10
DA:2800,10
DA:2801,10
DA:2802,10
DA:2803,10
DA:2804,10
DA:2805,10
DA:2806,10
DA:2807,10
DA:2808,10
DA:2809,10
DA:2810,10
DA:2811,10
DA:2812,10
DA:2813,10
DA:2814,10
DA:2815,20
DA:2817,20
DA:2818,20
DA:2819,20
DA:2820,20
DA:2821,20
DA:2822,20
DA:2823,20
DA:2824,20
DA:2825,20
DA:2826,20
DA:2827,20
DA:2828,20
DA:2833,0
DA:2836,0
DA:2838,0
DA:2840,0
DA:2841,0
DA:2845,10
DA:2862,0
DA:2863,0
DA:2865,10
DA:2871,10
DA:2873,0
DA:2875,0
DA:2877,10
DA:2878,20
DA:2880,3
DA:2883,0
DA:2884,0
DA:2885,0
DA:2886,0
DA:2887,0
DA:2888,0
DA:2891,0
DA:2893,0
DA:2894,0
DA:2895,0
DA:2896,0
DA:2897,0
DA:2898,0
DA:2901,0
DA:2903,0
DA:2904,0
DA:2905,0
DA:2906,0
DA:2907,0
DA:2908,0
DA:2909,0
DA:2918,30
DA:2919,0
DA:2922,30
DA:2923,0
DA:2926,30
DA:2927,0
DA:2930,30
DA:2931,0
DA:2934,30
DA:2935,0
DA:2936,0
DA:2938,10
DA:2940,10
DA:2941,10
DA:2943,0
DA:2944,0
DA:2945,0
DA:2946,0
DA:2947,0
DA:2948,0
DA:2953,10
DA:2955,10
DA:2956,10
DA:2959,0
DA:2961,0
DA:2964,10
DA:2966,10
DA:2967,10
DA:2968,10
DA:2969,10
DA:2970,10
DA:2971,10
DA:2972,10
DA:2973,10
DA:2984,2
DA:2985,6
DA:2987,20
DA:2988,10
DA:2989,10
DA:2992,0
DA:2994,0
DA:2996,10
DA:2997,20
DA:2999,8
DA:3002,3
DA:3003,9
DA:3004,6
DA:3007,0
DA:3009,0
DA:3012,0
DA:3014,0
DA:3015,0
DA:3016,0
DA:3017,0
DA:3026,0
DA:3027,0
DA:3028,2
DA:3029,4
DA:3032,10
DA:3033,30
DA:3034,2
DA:3035,4
DA:3037,10
DA:3039,10
DA:3040,10
DA:3042,0
DA:3043,0
DA:3044,0
DA:3049,10
DA:3051,10
DA:3052,10
DA:3055,2
DA:3057,2
DA:3060,10
DA:3064,10
DA:3065,10
DA:3066,32
DA:3071,0
DA:3073,0
DA:3075,0
DA:3076,0
DA:3080,10
DA:3091,0
DA:3092,0
DA:3094,20
DA:3095,20
DA:3098,0
DA:3100,0
DA:3102,10
DA:3103,20
DA:3105,3
DA:3108,1
DA:3109,3
DA:3110,3
DA:3113,0
DA:3115,0
DA:3118,0
DA:3120,0
DA:3121,0
DA:3122,0
DA:3123,0
DA:3132,10
DA:3133,20
DA:3134,30
DA:3137,30
DA:3138,1
DA:3139,2
DA:3141,10
DA:3142,10
DA:3145,10
DA:3146,10
DA:3148,3
DA:3149,2
DA:3150,1
DA:3155,10
DA:3157,10
DA:3158,10
DA:3161,0
DA:3163,0
DA:3166,10
DA:3170,10
DA:3171,10
DA:3172,30
DA:3177,0
DA:3179,0
DA:3180,0
DA:3184,10
DA:3193,0
DA:3195,0
DA:3197,20
DA:3199,0
DA:3201,0
DA:3203,10
DA:3205,20
DA:3207,2
DA:3210,0
DA:3213,0
DA:3215,0
DA:3218,0
DA:3220,0
DA:3221,0
DA:3230,30
DA:3231,0
DA:3233,10
DA:3235,10
DA:3236,10
DA:3238,0
DA:3239,0
DA:3244,10
DA:3246,10
DA:3247,10
DA:3250,0
DA:3252,0
DA:3255,10
DA:3257,30
DA:3258,10
DA:3267,0
DA:3269,0
DA:3271,20
DA:3272,10
DA:3273,10
DA:3276,0
DA:3279,0
DA:3281,10
DA:3283,20
DA:3285,2
DA:3288,0
DA:3291,0
DA:3293,0
DA:3296,0
DA:3298,0
DA:3299,0
DA:3300,0
DA:3309,10
DA:3310,20
DA:3311,30
DA:3313,10
DA:3314,10
DA:3317,10
DA:3318,10
DA:3320,0
DA:3321,0
DA:3326,10
DA:3328,10
DA:3329,10
DA:3332,0
DA:3334,0
DA:3337,10
DA:3341,40
DA:3346,0
DA:3348,0
DA:3349,0
DA:3353,10
DA:3366,0
DA:3368,0
DA:3370,0
DA:3372,0
DA:3373,0
DA:3374,0
DA:3375,0
DA:3376,0
DA:3377,0
DA:3378,0
DA:3381,0
DA:3384,0
DA:3386,0
DA:3388,0
DA:3390,0
DA:3393,0
DA:3394,0
DA:3395,0
DA:3396,0
DA:3399,0
DA:3401,0
DA:3402,0
DA:3405,0
DA:3407,0
DA:3408,0
DA:3409,0
DA:3410,0
DA:3411,0
DA:3420,0
DA:3421,0
DA:3424,0
DA:3425,0
DA:3428,0
DA:3429,0
DA:3431,0
DA:3433,0
DA:3434,0
DA:3436,0
DA:3437,0
DA:3438,0
DA:3439,0
DA:3444,0
DA:3446,0
DA:3447,0
DA:3450,0
DA:3452,0
DA:3455,0
DA:3457,0
DA:3458,0
DA:3459,0
DA:3460,0
DA:3461,0
DA:3462,0
DA:3463,0
DA:3464,0
DA:3465,0
LF:1665
LH:1040
end_of_record
SF:lib/app_state.dart
DA:39,2
DA:41,3
DA:43,10
DA:44,2
DA:45,2
DA:48,6
DA:49,0
DA:51,6
DA:52,4
DA:53,2
DA:54,3
DA:58,3
DA:62,10
DA:63,10
DA:65,20
DA:66,20
DA:67,20
DA:68,20
DA:69,20
DA:70,20
DA:71,20
DA:72,20
DA:73,20
DA:74,20
DA:75,20
DA:76,10
DA:86,2
DA:90,10
DA:92,10
DA:93,20
DA:106,1
DA:107,1
DA:111,10
DA:112,10
DA:114,10
DA:115,10
DA:116,20
DA:133,10
DA:134,10
DA:136,10
DA:137,10
DA:138,10
DA:139,10
DA:140,20
DA:141,20
DA:142,20
DA:158,10
DA:159,10
DA:160,10
DA:168,0
DA:169,0
DA:170,1
DA:171,1
DA:176,10
DA:188,2
DA:192,1
DA:198,0
DA:207,2
DA:211,10
DA:212,10
DA:214,30
DA:215,20
DA:216,10
DA:225,2
DA:229,3
DA:236,8
DA:237,2
DA:238,2
DA:239,4
DA:240,1
DA:241,1
DA:242,50
DA:243,6
DA:244,2
DA:246,10
DA:288,10
DA:289,2
DA:290,10
DA:292,10
DA:293,10
DA:294,10
DA:295,10
DA:296,10
DA:297,10
DA:298,10
DA:299,20
DA:313,10
DA:314,10
DA:315,10
DA:316,10
DA:317,10
DA:318,20
DA:319,10
DA:320,20
DA:321,10
DA:322,10
DA:323,10
DA:324,10
DA:332,10
DA:333,2
DA:346,10
DA:347,2
DA:362,1
DA:363,2
DA:366,1
DA:367,4
DA:368,7
DA:369,1
DA:370,2
DA:376,10
DA:377,2
DA:378,10
DA:379,20
DA:389,10
DA:390,1
DA:391,1
DA:401,10
DA:403,10
DA:404,20
DA:417,0
LF:120
LH:115
end_of_record
SF:lib/actions/calendar_actions.g.dart
DA:14,20
DA:15,20
DA:23,10
DA:25,20
DA:26,20
DA:27,20
DA:32,9
DA:33,20
DA:34,10
DA:35,20
DA:36,10
LF:11
LH:11
end_of_record
SF:lib/actions/calendar_actions.dart
DA:6,20
DA:7,10
LF:2
LH:2
end_of_record
SF:lib/actions/certificate_actions.g.dart
DA:14,20
DA:15,20
DA:20,10
DA:22,20
DA:23,20
DA:28,9
DA:29,30
LF:7
LH:7
end_of_record
SF:lib/actions/certificate_actions.dart
DA:6,20
DA:7,10
LF:2
LH:2
end_of_record
SF:lib/actions/dashboard_actions.dart
DA:10,20
DA:11,10
DA:35,1
DA:48,0
DA:59,0
DA:69,1
LF:6
LH:4
end_of_record
SF:lib/actions/dashboard_actions.g.dart
DA:14,20
DA:15,20
DA:43,10
DA:45,20
DA:46,20
DA:47,20
DA:48,20
DA:49,20
DA:50,20
DA:51,20
DA:52,20
DA:53,20
DA:54,20
DA:55,20
DA:56,20
DA:57,20
DA:58,20
DA:59,20
DA:60,20
DA:65,20
DA:66,10
DA:67,30
DA:68,30
DA:69,30
DA:70,20
DA:71,10
DA:72,6
DA:73,3
DA:74,20
DA:75,10
DA:76,20
DA:77,10
DA:78,30
DA:79,20
DA:80,10
DA:81,20
DA:82,10
DA:83,20
DA:84,10
DA:85,9
DA:86,20
DA:87,10
DA:88,20
DA:89,10
DA:90,6
DA:91,3
DA:108,1
DA:110,3
DA:112,1
DA:117,1
DA:118,2
DA:119,1
DA:120,1
DA:121,2
DA:123,1
DA:124,1
DA:127,0
DA:129,0
DA:131,0
DA:133,0
DA:135,0
DA:138,0
DA:139,0
DA:140,0
DA:141,0
DA:142,0
DA:145,0
DA:147,0
DA:148,0
DA:149,0
DA:150,0
DA:153,0
DA:155,0
DA:156,0
DA:157,0
DA:158,0
DA:159,0
DA:160,0
DA:169,3
DA:170,3
DA:173,3
DA:174,3
DA:177,3
DA:178,1
DA:179,2
DA:182,3
DA:183,1
DA:184,2
DA:186,1
DA:188,1
DA:189,1
DA:191,0
DA:192,0
DA:193,0
DA:194,0
DA:195,0
DA:200,1
DA:202,1
DA:203,1
DA:206,1
DA:208,1
DA:211,1
DA:213,1
DA:214,1
DA:215,1
DA:216,1
DA:217,1
DA:218,1
DA:219,1
DA:220,1
DA:223,1
DA:224,1
DA:225,1
DA:236,0
DA:238,0
DA:240,0
DA:241,0
DA:242,0
DA:243,0
DA:246,0
DA:249,0
DA:251,0
DA:253,0
DA:255,0
DA:258,0
DA:259,0
DA:260,0
DA:263,0
DA:265,0
DA:268,0
DA:270,0
DA:271,0
DA:272,0
DA:273,0
DA:282,0
DA:283,0
DA:286,0
DA:287,0
DA:289,0
DA:291,0
DA:292,0
DA:294,0
DA:295,0
DA:296,0
DA:301,0
DA:303,0
DA:304,0
DA:307,0
DA:309,0
DA:312,0
DA:314,0
DA:315,0
DA:316,0
DA:317,0
DA:318,0
DA:319,0
DA:320,0
DA:331,0
DA:333,0
DA:335,0
DA:336,0
DA:337,0
DA:340,0
DA:343,0
DA:345,0
DA:347,0
DA:349,0
DA:352,0
DA:353,0
DA:354,0
DA:357,0
DA:359,0
DA:362,0
DA:364,0
DA:365,0
DA:366,0
DA:367,0
DA:376,0
DA:377,0
DA:380,0
DA:381,0
DA:383,0
DA:385,0
DA:386,0
DA:388,0
DA:389,0
DA:390,0
DA:395,0
DA:397,0
DA:398,0
DA:401,0
DA:403,0
DA:406,0
DA:408,0
DA:409,0
DA:410,0
DA:411,0
DA:412,0
DA:413,0
DA:414,0
DA:425,1
DA:427,3
DA:429,2
DA:430,2
DA:431,2
DA:434,0
DA:436,0
DA:438,0
DA:440,0
DA:442,0
DA:445,0
DA:448,0
DA:450,0
DA:453,0
DA:455,0
DA:456,0
DA:457,0
DA:458,0
DA:467,3
DA:468,3
DA:471,3
DA:472,3
DA:474,1
DA:476,1
DA:477,1
DA:479,0
DA:480,0
DA:481,0
DA:486,1
DA:488,1
DA:489,1
DA:492,1
DA:494,1
DA:497,1
DA:501,1
DA:502,1
DA:503,2
DA:504,1
DA:505,1
DA:510,0
DA:512,0
DA:513,0
DA:517,1
LF:243
LH:110
end_of_record
SF:lib/actions/grades_actions.dart
DA:10,20
DA:11,10
DA:30,1
DA:43,0
DA:54,0
DA:66,0
DA:80,0
LF:7
LH:3
end_of_record
SF:lib/actions/grades_actions.g.dart
DA:14,20
DA:15,20
DA:32,10
DA:34,20
DA:35,20
DA:36,20
DA:37,20
DA:38,20
DA:39,20
DA:40,20
DA:45,30
DA:46,30
DA:47,6
DA:48,3
DA:49,6
DA:50,3
DA:52,20
DA:53,10
DA:54,20
DA:55,10
DA:56,20
DA:57,10
DA:71,1
DA:73,3
DA:75,1
DA:76,1
DA:77,1
DA:78,1
DA:79,1
DA:80,1
DA:83,0
DA:86,0
DA:88,0
DA:90,0
DA:92,0
DA:95,0
DA:96,0
DA:97,0
DA:100,0
DA:102,0
DA:105,0
DA:107,0
DA:108,0
DA:109,0
DA:110,0
DA:120,3
DA:121,3
DA:124,3
DA:125,3
DA:127,1
DA:129,1
DA:130,1
DA:132,0
DA:133,0
DA:134,0
DA:139,1
DA:141,1
DA:142,1
DA:145,1
DA:147,1
DA:150,1
DA:154,1
DA:155,1
DA:156,4
DA:161,0
DA:163,0
DA:165,0
DA:166,0
DA:170,1
DA:182,0
DA:185,0
DA:186,0
DA:188,0
DA:190,0
DA:191,0
DA:192,0
DA:193,0
DA:194,0
DA:197,0
DA:200,0
DA:202,0
DA:204,0
DA:206,0
DA:209,0
DA:210,0
DA:211,0
DA:214,0
DA:216,0
DA:219,0
DA:221,0
DA:222,0
DA:223,0
DA:224,0
DA:235,0
DA:236,0
DA:239,0
DA:240,0
DA:242,0
DA:244,0
DA:245,0
DA:247,0
DA:248,0
DA:249,0
DA:254,0
DA:256,0
DA:257,0
DA:260,0
DA:263,0
DA:266,0
DA:270,0
DA:271,0
DA:272,0
DA:277,0
DA:279,0
DA:281,0
DA:283,0
DA:284,0
DA:288,0
DA:299,0
DA:301,0
DA:303,0
DA:304,0
DA:305,0
DA:306,0
DA:307,0
DA:308,0
DA:311,0
DA:314,0
DA:316,0
DA:318,0
DA:320,0
DA:323,0
DA:324,0
DA:325,0
DA:328,0
DA:330,0
DA:333,0
DA:335,0
DA:336,0
DA:337,0
DA:338,0
DA:347,0
DA:348,0
DA:351,0
DA:352,0
DA:354,0
DA:356,0
DA:357,0
DA:359,0
DA:360,0
DA:361,0
DA:366,0
DA:368,0
DA:369,0
DA:372,0
DA:374,0
DA:377,0
DA:381,0
DA:382,0
DA:383,0
DA:384,0
DA:385,0
DA:390,0
DA:392,0
DA:393,0
DA:397,0
DA:410,0
DA:412,0
DA:414,0
DA:416,0
DA:417,0
DA:418,0
DA:419,0
DA:420,0
DA:421,0
DA:422,0
DA:425,0
DA:428,0
DA:430,0
DA:432,0
DA:434,0
DA:437,0
DA:438,0
DA:439,0
DA:440,0
DA:443,0
DA:445,0
DA:446,0
DA:449,0
DA:451,0
DA:452,0
DA:453,0
DA:454,0
DA:455,0
DA:465,0
DA:466,0
DA:469,0
DA:470,0
DA:473,0
DA:474,0
DA:476,0
DA:478,0
DA:479,0
DA:481,0
DA:482,0
DA:483,0
DA:484,0
DA:489,0
DA:491,0
DA:492,0
DA:495,0
DA:497,0
DA:500,0
DA:504,0
DA:505,0
DA:506,0
DA:507,0
DA:508,0
DA:509,0
DA:514,0
DA:516,0
DA:518,0
DA:519,0
DA:523,0
DA:537,0
DA:540,0
DA:541,0
DA:543,0
DA:545,0
DA:546,0
DA:547,0
DA:548,0
DA:549,0
DA:550,0
DA:551,0
DA:554,0
DA:558,0
DA:560,0
DA:562,0
DA:564,0
DA:567,0
DA:568,0
DA:569,0
DA:570,0
DA:573,0
DA:575,0
DA:576,0
DA:579,0
DA:581,0
DA:583,0
DA:584,0
DA:585,0
DA:586,0
DA:597,0
DA:598,0
DA:601,0
DA:602,0
DA:605,0
DA:606,0
DA:608,0
DA:610,0
DA:611,0
DA:613,0
DA:614,0
DA:615,0
DA:616,0
DA:621,0
DA:623,0
DA:624,0
DA:627,0
DA:630,0
DA:633,0
DA:637,0
DA:638,0
DA:639,0
DA:640,0
DA:641,0
DA:642,0
DA:647,0
DA:649,0
DA:651,0
DA:653,0
DA:654,0
DA:658,0
LF:284
LH:47
end_of_record
SF:lib/actions/login_actions.g.dart
DA:14,20
DA:15,20
DA:46,10
DA:48,20
DA:49,20
DA:50,20
DA:51,20
DA:52,20
DA:53,20
DA:54,20
DA:55,20
DA:56,20
DA:57,20
DA:58,20
DA:59,20
DA:60,20
DA:61,20
DA:62,20
DA:63,20
DA:64,20
DA:65,20
DA:66,20
DA:71,30
DA:72,9
DA:73,30
DA:74,20
DA:75,10
DA:76,30
DA:77,9
DA:78,30
DA:79,20
DA:80,10
DA:81,30
DA:82,6
DA:83,3
DA:84,20
DA:85,10
DA:86,20
DA:87,10
DA:88,6
DA:89,3
DA:90,9
DA:91,20
DA:92,10
DA:93,20
DA:94,10
DA:95,20
DA:96,10
DA:97,9
DA:98,9
DA:117,0
DA:118,0
DA:120,0
DA:126,0
DA:127,0
DA:128,0
DA:129,0
DA:130,0
DA:131,0
DA:132,0
DA:133,0
DA:136,0
DA:138,0
DA:140,0
DA:141,0
DA:143,0
DA:146,0
DA:147,0
DA:148,0
DA:149,0
DA:150,0
DA:151,0
DA:154,0
DA:156,0
DA:157,0
DA:158,0
DA:159,0
DA:168,0
DA:169,0
DA:172,0
DA:173,0
DA:176,0
DA:177,0
DA:180,0
DA:181,0
DA:184,0
DA:185,0
DA:186,0
DA:188,0
DA:189,0
DA:192,0
DA:193,0
DA:195,0
DA:196,0
DA:197,0
DA:198,0
DA:199,0
DA:200,0
DA:205,0
DA:207,0
DA:208,0
DA:211,0
DA:213,0
DA:216,0
DA:218,0
DA:219,0
DA:220,0
DA:221,0
DA:222,0
DA:223,0
DA:224,0
DA:225,0
DA:226,0
DA:227,0
DA:228,0
DA:229,0
DA:230,0
DA:245,0
DA:247,0
DA:249,0
DA:254,0
DA:255,0
DA:256,0
DA:257,0
DA:258,0
DA:259,0
DA:260,0
DA:263,0
DA:265,0
DA:267,0
DA:269,0
DA:271,0
DA:274,0
DA:275,0
DA:276,0
DA:277,0
DA:278,0
DA:281,0
DA:283,0
DA:284,0
DA:285,0
DA:288,0
DA:290,0
DA:291,0
DA:292,0
DA:293,0
DA:294,0
DA:295,0
DA:304,0
DA:305,0
DA:308,0
DA:309,0
DA:312,0
DA:313,0
DA:316,0
DA:317,0
DA:319,0
DA:321,0
DA:322,0
DA:324,0
DA:325,0
DA:326,0
DA:327,0
DA:328,0
DA:333,0
DA:335,0
DA:336,0
DA:339,0
DA:341,0
DA:344,0
DA:346,0
DA:347,0
DA:348,0
DA:349,0
DA:350,0
DA:351,0
DA:352,0
DA:353,0
DA:354,0
DA:355,0
DA:356,0
DA:367,0
DA:369,0
DA:371,0
DA:372,0
DA:373,0
DA:374,0
DA:375,0
DA:376,0
DA:379,0
DA:382,0
DA:384,0
DA:386,0
DA:388,0
DA:391,0
DA:392,0
DA:393,0
DA:396,0
DA:398,0
DA:401,0
DA:403,0
DA:404,0
DA:405,0
DA:406,0
DA:416,0
DA:417,0
DA:420,0
DA:421,0
DA:423,0
DA:425,0
DA:426,0
DA:428,0
DA:429,0
DA:430,0
DA:435,0
DA:437,0
DA:438,0
DA:441,0
DA:443,0
DA:446,0
DA:448,0
DA:449,0
DA:450,0
DA:451,0
DA:452,0
DA:453,0
DA:454,0
DA:465,0
DA:466,0
DA:468,0
DA:469,0
DA:470,0
DA:471,0
DA:472,0
DA:473,0
DA:476,0
DA:478,0
DA:480,0
DA:482,0
DA:484,0
DA:487,0
DA:488,0
DA:489,0
DA:492,0
DA:494,0
DA:497,0
DA:499,0
DA:500,0
DA:501,0
DA:502,0
DA:511,0
DA:512,0
DA:515,0
DA:516,0
DA:518,0
DA:520,0
DA:521,0
DA:523,0
DA:524,0
DA:525,0
DA:530,0
DA:532,0
DA:533,0
DA:536,0
DA:538,0
DA:541,0
DA:543,0
DA:544,0
DA:545,0
DA:546,0
DA:547,0
DA:548,0
DA:549,0
DA:560,0
DA:562,0
DA:564,0
DA:565,0
DA:568,0
DA:571,0
DA:573,0
DA:575,0
DA:577,0
DA:580,0
DA:581,0
DA:582,0
DA:585,0
DA:587,0
DA:590,0
DA:592,0
DA:593,0
DA:594,0
DA:595,0
DA:604,0
DA:605,0
DA:608,0
DA:609,0
DA:611,0
DA:613,0
DA:614,0
DA:616,0
DA:617,0
DA:618,0
DA:623,0
DA:625,0
DA:626,0
DA:629,0
DA:631,0
DA:634,0
DA:636,0
DA:637,0
DA:638,0
DA:639,0
DA:640,0
DA:641,0
DA:652,1
DA:653,3
DA:655,2
DA:656,2
DA:657,2
DA:660,0
DA:662,0
DA:664,0
DA:665,0
DA:667,0
DA:670,0
DA:671,0
DA:672,0
DA:675,0
DA:677,0
DA:680,0
DA:682,0
DA:683,0
DA:684,0
DA:685,0
DA:694,3
DA:695,3
DA:698,3
DA:699,3
DA:701,1
DA:703,1
DA:704,1
DA:706,0
DA:707,0
DA:708,0
DA:713,1
DA:715,1
DA:716,1
DA:719,1
DA:721,1
DA:724,1
DA:726,1
DA:727,1
DA:728,1
DA:729,1
DA:730,1
DA:731,1
DA:732,1
LF:357
LH:75
end_of_record
SF:lib/actions/login_actions.dart
DA:7,20
DA:8,10
DA:36,0
DA:38,0
DA:40,0
DA:41,0
DA:43,0
DA:44,0
DA:45,0
DA:46,0
DA:49,0
DA:50,0
DA:64,0
DA:76,0
DA:85,0
DA:96,0
DA:107,1
LF:17
LH:3
end_of_record
SF:lib/actions/messages_actions.g.dart
DA:14,20
DA:15,20
DA:26,10
DA:28,20
DA:29,20
DA:30,20
DA:31,20
DA:32,20
DA:33,20
DA:38,9
DA:39,30
DA:40,20
DA:41,10
DA:42,20
DA:43,10
DA:44,9
DA:45,30
LF:17
LH:17
end_of_record
SF:lib/actions/messages_actions.dart
DA:8,20
DA:9,10
LF:2
LH:2
end_of_record
SF:lib/actions/notifications_actions.g.dart
DA:14,20
DA:15,20
DA:22,10
DA:24,20
DA:25,20
DA:26,20
DA:27,20
DA:32,9
DA:33,30
DA:34,30
DA:35,30
LF:11
LH:11
end_of_record
SF:lib/actions/notifications_actions.dart
DA:8,20
DA:9,10
LF:2
LH:2
end_of_record
SF:lib/actions/profile_actions.dart
DA:7,20
DA:8,10
DA:21,0
DA:26,0
DA:28,0
DA:30,0
DA:31,0
LF:7
LH:2
end_of_record
SF:lib/actions/profile_actions.g.dart
DA:14,20
DA:15,20
DA:24,10
DA:26,20
DA:27,20
DA:28,20
DA:29,20
DA:34,9
DA:35,30
DA:36,20
DA:37,10
DA:38,6
DA:39,3
DA:52,0
DA:54,0
DA:56,0
DA:57,0
DA:58,0
DA:59,0
DA:62,0
DA:65,0
DA:67,0
DA:69,0
DA:71,0
DA:74,0
DA:75,0
DA:76,0
DA:79,0
DA:81,0
DA:90,0
DA:91,0
DA:94,0
DA:95,0
DA:97,0
DA:99,0
DA:100,0
DA:102,0
DA:103,0
DA:104,0
DA:109,0
DA:111,0
DA:112,0
DA:115,0
DA:117,0
DA:120,0
DA:122,0
DA:123,0
DA:124,0
DA:125,0
DA:126,0
DA:127,0
DA:128,0
LF:52
LH:13
end_of_record
SF:lib/actions/routing_actions.g.dart
DA:14,20
DA:15,20
DA:44,10
DA:46,20
DA:47,20
DA:48,20
DA:49,20
DA:50,20
DA:51,20
DA:52,20
DA:53,20
DA:54,20
DA:55,20
DA:56,20
DA:57,20
DA:58,20
DA:59,20
DA:60,20
DA:61,20
DA:62,20
DA:67,30
DA:68,12
DA:69,8
DA:70,4
DA:71,20
DA:72,10
DA:73,20
DA:74,10
DA:75,12
DA:76,8
DA:77,4
DA:78,30
DA:79,12
DA:80,8
DA:81,4
DA:82,8
DA:83,4
DA:84,12
DA:85,8
DA:86,4
DA:87,12
DA:88,30
DA:89,20
DA:90,10
DA:91,20
DA:92,10
DA:105,0
DA:107,0
DA:109,0
DA:110,0
DA:111,0
DA:112,0
DA:113,0
DA:114,0
DA:117,0
DA:120,0
DA:122,0
DA:124,0
DA:126,0
DA:129,0
DA:130,0
DA:131,0
DA:134,0
DA:136,0
DA:145,0
DA:146,0
DA:149,0
DA:150,0
DA:152,0
DA:154,0
DA:155,0
DA:157,0
DA:158,0
DA:159,0
DA:164,0
DA:166,0
DA:167,0
DA:170,0
DA:172,0
DA:175,0
DA:177,0
DA:178,0
DA:179,0
DA:180,0
DA:181,0
DA:182,0
DA:183,0
LF:87
LH:46
end_of_record
SF:lib/actions/routing_actions.dart
DA:7,20
DA:8,10
DA:34,0
DA:39,0
DA:41,0
DA:43,0
DA:44,0
LF:7
LH:2
end_of_record
SF:lib/actions/save_pass_actions.g.dart
DA:14,20
DA:15,20
DA:20,10
DA:22,20
DA:23,20
DA:28,9
DA:29,9
LF:7
LH:7
end_of_record
SF:lib/actions/save_pass_actions.dart
DA:6,20
DA:7,10
LF:2
LH:2
end_of_record
SF:lib/actions/settings_actions.dart
DA:9,20
DA:10,10
LF:2
LH:2
end_of_record
SF:lib/actions/settings_actions.g.dart
DA:14,20
DA:15,20
DA:54,10
DA:56,20
DA:57,20
DA:58,20
DA:59,20
DA:60,20
DA:61,20
DA:62,20
DA:63,20
DA:64,20
DA:65,20
DA:66,20
DA:67,20
DA:68,20
DA:69,20
DA:70,20
DA:71,20
DA:72,20
DA:73,20
DA:74,20
DA:79,30
DA:80,20
DA:81,10
DA:82,30
DA:83,20
DA:84,10
DA:85,20
DA:86,10
DA:87,20
DA:88,10
DA:89,30
DA:91,20
DA:92,10
DA:93,20
DA:94,10
DA:95,20
DA:96,10
DA:97,20
DA:98,10
DA:99,20
DA:100,10
DA:101,20
DA:102,10
DA:103,20
DA:104,10
DA:105,20
DA:106,10
DA:107,20
DA:108,10
DA:109,20
DA:110,10
DA:111,20
DA:112,10
DA:113,20
DA:114,10
LF:57
LH:57
end_of_record
SF:lib/data.g.dart
DA:16,0
DA:18,0
DA:20,0
DA:22,0
DA:24,0
DA:26,0
DA:28,0
DA:31,0
DA:35,2
DA:36,1
DA:52,0
DA:54,0
DA:56,0
DA:58,0
DA:60,0
DA:63,0
DA:67,0
DA:75,3
DA:76,3
DA:77,2
DA:78,1
DA:79,2
DA:80,1
DA:81,2
DA:82,1
DA:83,3
DA:84,3
DA:85,3
DA:86,3
DA:87,3
DA:88,2
DA:89,1
DA:90,2
DA:91,1
DA:92,3
DA:93,2
DA:94,1
DA:95,3
DA:96,2
DA:97,1
DA:98,3
DA:99,2
DA:100,1
DA:101,3
DA:109,0
DA:112,0
DA:114,0
DA:118,0
DA:122,0
DA:125,0
DA:132,0
DA:135,0
DA:137,0
DA:138,0
DA:139,0
DA:140,0
DA:141,0
DA:143,0
DA:144,0
DA:149,0
DA:150,0
DA:155,0
DA:156,0
DA:159,0
DA:160,0
DA:166,0
DA:176,0
DA:179,0
DA:181,0
DA:184,0
DA:186,0
DA:188,0
DA:191,0
DA:194,0
DA:197,0
DA:200,0
DA:203,0
DA:206,0
DA:209,0
DA:212,0
DA:216,0
DA:219,0
DA:220,0
DA:223,0
DA:226,0
DA:227,0
DA:230,0
DA:233,0
DA:234,0
DA:237,0
DA:240,0
DA:241,0
DA:244,0
DA:247,0
DA:248,0
DA:251,0
DA:254,0
DA:255,0
DA:262,0
DA:265,0
DA:267,0
DA:268,0
DA:269,0
DA:270,0
DA:271,0
DA:273,0
DA:274,0
DA:277,0
DA:278,0
DA:281,0
DA:282,0
DA:285,0
DA:286,0
DA:289,0
DA:290,0
DA:293,0
DA:294,0
DA:297,0
DA:298,0
DA:301,0
DA:302,0
DA:305,0
DA:306,0
DA:309,0
DA:310,0
DA:313,0
DA:314,0
DA:317,0
DA:318,0
DA:321,0
DA:322,0
DA:325,0
DA:326,0
DA:329,0
DA:330,0
DA:333,0
DA:334,0
DA:337,0
DA:338,0
DA:341,0
DA:342,0
DA:350,0
DA:360,0
DA:363,0
DA:365,0
DA:368,0
DA:381,0
DA:385,0
DA:387,0
DA:390,0
DA:392,0
DA:395,0
DA:398,0
DA:401,0
DA:403,0
DA:406,0
DA:412,0
DA:416,0
DA:418,0
DA:419,0
DA:420,0
DA:421,0
DA:422,0
DA:424,0
DA:425,0
DA:428,0
DA:429,0
DA:432,0
DA:433,0
DA:436,0
DA:437,0
DA:440,0
DA:441,0
DA:444,0
DA:445,0
DA:448,0
DA:449,0
DA:452,0
DA:453,0
DA:459,0
DA:469,0
DA:472,0
DA:474,0
DA:476,0
DA:479,0
DA:483,0
DA:486,0
DA:487,0
DA:490,0
DA:493,0
DA:494,0
DA:497,0
DA:500,0
DA:501,0
DA:506,0
DA:509,0
DA:511,0
DA:512,0
DA:513,0
DA:514,0
DA:515,0
DA:517,0
DA:518,0
DA:521,0
DA:522,0
DA:525,0
DA:526,0
DA:529,0
DA:530,0
DA:533,0
DA:534,0
DA:537,0
DA:538,0
DA:544,0
DA:554,0
DA:557,0
DA:559,0
DA:565,0
DA:571,0
DA:577,0
DA:580,0
DA:583,0
DA:584,0
DA:589,0
DA:592,0
DA:594,0
DA:595,0
DA:596,0
DA:597,0
DA:598,0
DA:600,0
DA:601,0
DA:607,0
DA:608,0
DA:614,0
DA:615,0
DA:621,0
DA:622,0
DA:625,0
DA:626,0
DA:632,0
DA:642,0
DA:645,0
DA:647,0
DA:650,0
DA:653,0
DA:655,0
DA:658,0
DA:665,0
DA:668,0
DA:670,0
DA:671,0
DA:672,0
DA:673,0
DA:674,0
DA:676,0
DA:677,0
DA:680,0
DA:681,0
DA:684,0
DA:685,0
DA:688,0
DA:689,0
DA:692,0
DA:693,0
DA:699,0
DA:709,0
DA:712,0
DA:714,0
DA:717,0
DA:720,0
DA:722,0
DA:726,0
DA:729,0
DA:730,0
DA:735,0
DA:738,0
DA:740,0
DA:741,0
DA:742,0
DA:743,0
DA:744,0
DA:746,0
DA:747,0
DA:750,0
DA:751,0
DA:754,0
DA:755,0
DA:758,0
DA:759,0
DA:762,0
DA:763,0
DA:769,0
DA:779,0
DA:782,0
DA:784,0
DA:786,0
DA:790,0
DA:792,0
DA:795,0
DA:798,0
DA:801,0
DA:803,0
DA:807,0
DA:810,0
DA:811,0
DA:814,0
DA:817,0
DA:818,0
DA:821,0
DA:824,0
DA:825,0
DA:830,0
DA:833,0
DA:835,0
DA:836,0
DA:837,0
DA:838,0
DA:839,0
DA:841,0
DA:842,0
DA:845,0
DA:846,0
DA:851,0
DA:852,0
DA:855,0
DA:856,0
DA:859,0
DA:860,0
DA:863,0
DA:864,0
DA:867,0
DA:868,0
DA:871,0
DA:872,0
DA:875,0
DA:876,0
DA:879,0
DA:880,0
DA:883,0
DA:884,0
DA:890,0
DA:900,0
DA:903,0
DA:905,0
DA:908,0
DA:914,0
DA:917,0
DA:919,0
DA:920,0
DA:921,0
DA:922,0
DA:923,0
DA:925,0
DA:926,0
DA:929,0
DA:930,0
DA:936,0
DA:946,0
DA:949,0
DA:951,0
DA:954,0
DA:956,0
DA:958,0
DA:963,0
DA:966,0
DA:967,0
DA:970,0
DA:973,0
DA:974,0
DA:977,0
DA:980,0
DA:981,0
DA:987,0
DA:990,0
DA:992,0
DA:993,0
DA:994,0
DA:995,0
DA:996,0
DA:998,0
DA:999,0
DA:1002,0
DA:1003,0
DA:1006,0
DA:1007,0
DA:1010,0
DA:1011,0
DA:1015,0
DA:1016,0
DA:1019,0
DA:1020,0
DA:1023,0
DA:1024,0
DA:1032,0
DA:1043,0
DA:1046,0
DA:1048,0
DA:1051,0
DA:1052,0
DA:1054,0
DA:1057,0
DA:1058,0
DA:1060,0
DA:1063,0
DA:1064,0
DA:1066,0
DA:1069,0
DA:1070,0
DA:1072,0
DA:1075,0
DA:1076,0
DA:1078,0
DA:1081,0
DA:1082,0
DA:1088,0
DA:1092,0
DA:1094,0
DA:1095,0
DA:1096,0
DA:1097,0
DA:1098,0
DA:1100,0
DA:1101,0
DA:1104,0
DA:1105,0
DA:1108,0
DA:1109,0
DA:1112,0
DA:1113,0
DA:1116,0
DA:1117,0
DA:1120,0
DA:1121,0
DA:1127,0
DA:1137,0
DA:1140,0
DA:1142,0
DA:1144,0
DA:1147,0
DA:1150,0
DA:1153,0
DA:1159,0
DA:1162,0
DA:1164,0
DA:1165,0
DA:1166,0
DA:1167,0
DA:1168,0
DA:1170,0
DA:1171,0
DA:1174,0
DA:1175,0
DA:1178,0
DA:1179,0
DA:1182,0
DA:1183,0
DA:1186,0
DA:1187,0
DA:1193,0
DA:1204,0
DA:1207,0
DA:1209,0
DA:1212,0
DA:1221,0
DA:1224,0
DA:1226,0
DA:1229,0
DA:1237,0
DA:1240,0
DA:1242,0
DA:1243,0
DA:1244,0
DA:1245,0
DA:1246,0
DA:1248,0
DA:1249,0
DA:1252,0
DA:1253,0
DA:1261,0
DA:1271,0
DA:1274,0
DA:1276,0
DA:1279,0
DA:1281,0
DA:1285,0
DA:1288,0
DA:1292,0
DA:1297,0
DA:1300,0
DA:1301,0
DA:1307,0
DA:1310,0
DA:1312,0
DA:1313,0
DA:1314,0
DA:1315,0
DA:1316,0
DA:1318,0
DA:1319,0
DA:1322,0
DA:1323,0
DA:1326,0
DA:1327,0
DA:1332,0
DA:1333,0
DA:1336,0
DA:1337,0
DA:1340,0
DA:1341,0
DA:1346,0
DA:1347,0
DA:1355,0
DA:1365,0
DA:1368,0
DA:1370,0
DA:1373,0
DA:1380,0
DA:1383,0
DA:1385,0
DA:1386,0
DA:1387,0
DA:1388,0
DA:1389,0
DA:1391,0
DA:1392,0
DA:1395,0
DA:1396,0
DA:1402,0
DA:1412,0
DA:1415,0
DA:1417,0
DA:1419,0
DA:1421,0
DA:1424,0
DA:1426,0
DA:1429,0
DA:1432,0
DA:1435,0
DA:1437,0
DA:1444,0
DA:1447,0
DA:1449,0
DA:1450,0
DA:1451,0
DA:1452,0
DA:1453,0
DA:1455,0
DA:1456,0
DA:1459,0
DA:1460,0
DA:1463,0
DA:1464,0
DA:1467,0
DA:1468,0
DA:1471,0
DA:1472,0
DA:1475,0
DA:1476,0
DA:1479,0
DA:1480,0
DA:1483,0
DA:1484,0
DA:1487,0
DA:1488,0
DA:1494,0
DA:1504,0
DA:1507,0
DA:1509,0
DA:1512,0
DA:1514,0
DA:1517,0
DA:1520,0
DA:1523,0
DA:1525,0
DA:1529,0
DA:1532,0
DA:1533,0
DA:1536,0
DA:1539,0
DA:1540,0
DA:1543,0
DA:1546,0
DA:1547,0
DA:1553,0
DA:1556,0
DA:1558,0
DA:1559,0
DA:1560,0
DA:1561,0
DA:1562,0
DA:1564,0
DA:1565,0
DA:1568,0
DA:1569,0
DA:1572,0
DA:1573,0
DA:1576,0
DA:1577,0
DA:1580,0
DA:1581,0
DA:1584,0
DA:1585,0
DA:1588,0
DA:1589,0
DA:1592,0
DA:1593,0
DA:1596,0
DA:1597,0
DA:1600,0
DA:1601,0
DA:1607,0
DA:1621,2
DA:1622,6
DA:1624,2
DA:1629,2
DA:1630,4
DA:1631,2
DA:1632,2
DA:1633,4
DA:1634,2
DA:1635,2
DA:1638,2
DA:1640,6
DA:1642,2
DA:1643,4
DA:1645,1
DA:1648,0
DA:1649,0
DA:1650,0
DA:1651,0
DA:1652,0
DA:1655,2
DA:1657,4
DA:1658,14
DA:1659,4
DA:1660,4
DA:1663,0
DA:1665,0
DA:1666,0
DA:1667,0
DA:1668,0
DA:1669,0
DA:1670,0
DA:1678,2
DA:1679,5
DA:1680,6
DA:1683,2
DA:1684,4
DA:1685,2
DA:1686,4
DA:1689,6
DA:1690,6
DA:1693,6
DA:1694,2
DA:1695,4
DA:1697,2
DA:1698,2
DA:1701,2
DA:1702,2
DA:1704,6
DA:1705,6
DA:1706,4
DA:1707,4
DA:1708,2
DA:1713,2
DA:1715,2
DA:1716,2
DA:1719,2
DA:1721,2
DA:1724,2
DA:1728,2
DA:1729,2
DA:1730,4
DA:1731,4
DA:1732,4
DA:1733,2
DA:1734,2
DA:1739,0
DA:1741,0
DA:1743,0
DA:1744,0
DA:1748,2
DA:1791,2
DA:1792,6
DA:1794,2
DA:1813,2
DA:1814,4
DA:1815,4
DA:1816,4
DA:1817,4
DA:1818,4
DA:1819,4
DA:1820,2
DA:1821,2
DA:1822,4
DA:1823,4
DA:1824,4
DA:1825,4
DA:1826,4
DA:1829,2
DA:1831,6
DA:1833,2
DA:1834,4
DA:1836,2
DA:1839,1
DA:1840,3
DA:1841,3
DA:1842,3
DA:1843,3
DA:1844,3
DA:1845,3
DA:1846,3
DA:1847,3
DA:1848,3
DA:1849,3
DA:1850,3
DA:1851,3
DA:1852,3
DA:1853,3
DA:1854,3
DA:1855,3
DA:1856,3
DA:1857,3
DA:1860,2
DA:1862,4
DA:1863,2
DA:1864,2
DA:1865,2
DA:1866,2
DA:1867,2
DA:1868,2
DA:1869,2
DA:1870,2
DA:1871,2
DA:1872,2
DA:1873,2
DA:1874,2
DA:1875,2
DA:1876,2
DA:1877,2
DA:1878,2
DA:1879,2
DA:1881,2
DA:1882,2
DA:1883,2
DA:1884,2
DA:1885,2
DA:1886,2
DA:1887,2
DA:1888,2
DA:1889,4
DA:1890,4
DA:1891,4
DA:1892,4
DA:1893,4
DA:1894,4
DA:1895,4
DA:1896,4
DA:1897,4
DA:1898,4
DA:1899,4
DA:1900,4
DA:1901,4
DA:1902,4
DA:1905,0
DA:1907,0
DA:1908,0
DA:1909,0
DA:1910,0
DA:1911,0
DA:1912,0
DA:1913,0
DA:1914,0
DA:1915,0
DA:1916,0
DA:1917,0
DA:1918,0
DA:1919,0
DA:1920,0
DA:1921,0
DA:1922,0
DA:1923,0
DA:1924,0
DA:1925,0
DA:1926,0
DA:1934,6
DA:1935,6
DA:1938,6
DA:1939,6
DA:1942,6
DA:1943,6
DA:1946,6
DA:1947,6
DA:1950,6
DA:1951,6
DA:1954,6
DA:1955,6
DA:1958,6
DA:1959,3
DA:1962,6
DA:1963,1
DA:1964,2
DA:1967,6
DA:1968,0
DA:1971,6
DA:1972,2
DA:1973,4
DA:1976,6
DA:1977,6
DA:1980,6
DA:1981,6
DA:1984,6
DA:1985,6
DA:1988,6
DA:1989,6
DA:1992,0
DA:1993,0
DA:1994,1
DA:1995,2
DA:1998,6
DA:1999,3
DA:2002,6
DA:2003,6
DA:2006,0
DA:2007,0
DA:2008,1
DA:2010,2
DA:2012,2
DA:2013,2
DA:2016,2
DA:2017,2
DA:2019,4
DA:2020,4
DA:2021,4
DA:2022,4
DA:2023,4
DA:2024,4
DA:2025,4
DA:2026,4
DA:2027,4
DA:2028,4
DA:2029,4
DA:2030,4
DA:2031,4
DA:2032,4
DA:2033,4
DA:2034,4
DA:2035,4
DA:2036,4
DA:2037,2
DA:2042,2
DA:2044,2
DA:2045,2
DA:2048,2
DA:2050,2
DA:2053,2
DA:2057,2
DA:2058,2
DA:2059,2
DA:2060,2
DA:2061,4
DA:2062,2
DA:2063,2
DA:2064,2
DA:2065,2
DA:2066,2
DA:2067,2
DA:2068,2
DA:2069,2
DA:2070,2
DA:2071,2
DA:2072,2
DA:2073,2
DA:2074,2
DA:2075,2
DA:2076,2
DA:2077,2
DA:2078,2
DA:2079,2
DA:2080,2
DA:2081,2
DA:2082,2
DA:2083,3
DA:2084,2
DA:2086,4
DA:2087,2
DA:2092,0
DA:2095,0
DA:2097,0
DA:2098,0
DA:2102,2
DA:2127,0
DA:2129,0
DA:2131,0
DA:2141,0
DA:2142,0
DA:2143,0
DA:2144,0
DA:2145,0
DA:2146,0
DA:2147,0
DA:2148,0
DA:2149,0
DA:2150,0
DA:2151,0
DA:2152,0
DA:2153,0
DA:2154,0
DA:2155,0
DA:2156,0
DA:2157,0
DA:2160,0
DA:2163,0
DA:2165,0
DA:2167,0
DA:2169,0
DA:2172,0
DA:2173,0
DA:2174,0
DA:2175,0
DA:2176,0
DA:2177,0
DA:2178,0
DA:2179,0
DA:2180,0
DA:2181,0
DA:2184,0
DA:2186,0
DA:2187,0
DA:2188,0
DA:2189,0
DA:2190,0
DA:2191,0
DA:2192,0
DA:2193,0
DA:2194,0
DA:2195,0
DA:2196,0
DA:2197,0
DA:2198,0
DA:2199,0
DA:2202,0
DA:2204,0
DA:2205,0
DA:2206,0
DA:2207,0
DA:2208,0
DA:2209,0
DA:2210,0
DA:2211,0
DA:2212,0
DA:2213,0
DA:2214,0
DA:2223,0
DA:2224,0
DA:2227,0
DA:2228,0
DA:2231,0
DA:2232,0
DA:2235,0
DA:2236,0
DA:2239,0
DA:2240,0
DA:2243,0
DA:2244,0
DA:2245,0
DA:2248,0
DA:2249,0
DA:2252,0
DA:2253,0
DA:2256,0
DA:2257,0
DA:2259,0
DA:2260,0
DA:2263,0
DA:2264,0
DA:2266,0
DA:2267,0
DA:2268,0
DA:2269,0
DA:2270,0
DA:2271,0
DA:2272,0
DA:2273,0
DA:2274,0
DA:2275,0
DA:2280,0
DA:2282,0
DA:2283,0
DA:2286,0
DA:2288,0
DA:2291,0
DA:2293,0
DA:2294,0
DA:2295,0
DA:2296,0
DA:2297,0
DA:2298,0
DA:2299,0
DA:2300,0
DA:2301,0
DA:2302,0
DA:2303,0
DA:2304,0
DA:2305,0
DA:2306,0
DA:2307,0
DA:2308,0
DA:2309,0
DA:2310,0
DA:2312,0
DA:2313,0
DA:2332,1
DA:2333,3
DA:2335,1
DA:2342,1
DA:2343,2
DA:2344,2
DA:2345,2
DA:2348,0
DA:2350,0
DA:2352,0
DA:2353,0
DA:2355,1
DA:2358,0
DA:2359,0
DA:2360,0
DA:2361,0
DA:2362,0
DA:2363,0
DA:2364,0
DA:2367,0
DA:2369,0
DA:2370,0
DA:2371,0
DA:2372,0
DA:2373,0
DA:2374,0
DA:2375,0
DA:2376,0
DA:2379,0
DA:2381,0
DA:2382,0
DA:2383,0
DA:2384,0
DA:2385,0
DA:2386,0
DA:2387,0
DA:2388,0
DA:2397,3
DA:2398,3
DA:2401,3
DA:2402,3
DA:2405,3
DA:2406,0
DA:2409,3
DA:2410,3
DA:2413,3
DA:2414,0
DA:2417,3
DA:2418,0
DA:2420,1
DA:2422,1
DA:2423,1
DA:2425,0
DA:2426,0
DA:2427,0
DA:2428,0
DA:2429,0
DA:2430,0
DA:2431,0
DA:2436,1
DA:2438,1
DA:2439,1
DA:2442,1
DA:2444,1
DA:2447,1
DA:2449,1
DA:2450,1
DA:2451,2
DA:2452,1
DA:2453,1
DA:2454,1
DA:2455,1
DA:2456,1
DA:2457,1
DA:2458,1
DA:2459,1
DA:2476,2
DA:2477,6
DA:2479,2
DA:2485,2
DA:2486,4
DA:2487,4
DA:2488,2
DA:2489,2
DA:2490,4
DA:2493,0
DA:2495,0
DA:2497,1
DA:2498,2
DA:2500,0
DA:2503,0
DA:2504,0
DA:2505,0
DA:2506,0
DA:2507,0
DA:2508,0
DA:2511,0
DA:2513,0
DA:2514,0
DA:2515,0
DA:2516,0
DA:2517,0
DA:2518,0
DA:2521,0
DA:2523,0
DA:2524,0
DA:2525,0
DA:2526,0
DA:2527,0
DA:2528,0
DA:2529,0
DA:2537,2
DA:2538,4
DA:2539,2
DA:2540,4
DA:2543,2
DA:2544,4
DA:2545,2
DA:2546,4
DA:2549,2
DA:2550,4
DA:2551,0
DA:2552,2
DA:2554,4
DA:2557,6
DA:2558,0
DA:2561,6
DA:2562,6
DA:2564,2
DA:2566,2
DA:2567,2
DA:2569,0
DA:2570,0
DA:2571,0
DA:2572,0
DA:2573,0
DA:2574,0
DA:2579,2
DA:2581,2
DA:2582,2
DA:2585,2
DA:2587,2
DA:2590,2
DA:2594,2
DA:2595,2
DA:2596,4
DA:2597,4
DA:2598,4
DA:2599,2
DA:2600,2
DA:2601,2
DA:2606,0
DA:2608,0
DA:2610,0
DA:2612,0
DA:2613,0
DA:2617,2
DA:2634,1
DA:2635,3
DA:2637,1
DA:2643,1
DA:2644,2
DA:2645,2
DA:2646,2
DA:2647,2
DA:2648,1
DA:2649,1
DA:2652,0
DA:2654,0
DA:2656,0
DA:2657,0
DA:2659,0
DA:2662,0
DA:2663,0
DA:2664,0
DA:2665,0
DA:2666,0
DA:2667,0
DA:2670,0
DA:2672,0
DA:2673,0
DA:2674,0
DA:2675,0
DA:2676,0
DA:2677,0
DA:2680,0
DA:2682,0
DA:2683,0
DA:2684,0
DA:2685,0
DA:2686,0
DA:2687,0
DA:2688,0
DA:2696,3
DA:2697,3
DA:2700,3
DA:2701,3
DA:2704,3
DA:2705,3
DA:2708,3
DA:2709,3
DA:2712,3
DA:2713,3
DA:2715,1
DA:2717,1
DA:2718,1
DA:2720,0
DA:2721,0
DA:2722,0
DA:2723,0
DA:2724,0
DA:2725,0
DA:2730,1
DA:2732,1
DA:2733,1
DA:2736,1
DA:2738,1
DA:2741,1
DA:2743,1
DA:2744,1
DA:2745,1
DA:2746,1
DA:2747,1
DA:2748,1
DA:2749,1
DA:2750,1
DA:2751,1
DA:2752,1
DA:2753,1
DA:2754,1
DA:2755,1
DA:2772,2
DA:2773,6
DA:2775,2
DA:2781,2
DA:2782,2
DA:2783,2
DA:2784,4
DA:2785,4
DA:2786,4
DA:2789,0
DA:2791,0
DA:2793,0
DA:2794,0
DA:2796,0
DA:2799,0
DA:2800,0
DA:2801,0
DA:2802,0
DA:2803,0
DA:2804,0
DA:2807,0
DA:2809,0
DA:2810,0
DA:2811,0
DA:2812,0
DA:2813,0
DA:2814,0
DA:2817,0
DA:2819,0
DA:2820,0
DA:2821,0
DA:2822,0
DA:2823,0
DA:2824,0
DA:2825,0
DA:2833,6
DA:2834,6
DA:2837,6
DA:2838,2
DA:2839,4
DA:2842,6
DA:2843,6
DA:2846,6
DA:2847,6
DA:2850,6
DA:2851,6
DA:2853,2
DA:2855,2
DA:2856,2
DA:2858,0
DA:2859,0
DA:2860,0
DA:2861,0
DA:2862,0
DA:2863,0
DA:2868,2
DA:2870,2
DA:2871,2
DA:2874,2
DA:2876,2
DA:2879,2
DA:2881,2
DA:2882,2
DA:2883,2
DA:2884,2
DA:2885,2
DA:2887,4
DA:2889,4
DA:2890,2
DA:2891,2
DA:2892,2
DA:2921,1
DA:2922,3
DA:2924,1
DA:2936,1
DA:2937,2
DA:2938,1
DA:2939,1
DA:2940,2
DA:2941,2
DA:2942,1
DA:2943,1
DA:2944,2
DA:2945,2
DA:2946,1
DA:2947,1
DA:2950,0
DA:2952,0
DA:2954,0
DA:2955,0
DA:2957,0
DA:2960,0
DA:2961,0
DA:2962,0
DA:2963,0
DA:2964,0
DA:2965,0
DA:2966,0
DA:2967,0
DA:2968,0
DA:2969,0
DA:2970,0
DA:2971,0
DA:2974,0
DA:2976,0
DA:2977,0
DA:2978,0
DA:2979,0
DA:2980,0
DA:2981,0
DA:2982,0
DA:2983,0
DA:2984,0
DA:2985,0
DA:2986,0
DA:2987,0
DA:2988,0
DA:2989,0
DA:2990,0
DA:2991,0
DA:2992,0
DA:2993,0
DA:2994,0
DA:2995,0
DA:2998,0
DA:3000,0
DA:3001,0
DA:3002,0
DA:3003,0
DA:3004,0
DA:3005,0
DA:3006,0
DA:3007,0
DA:3008,0
DA:3009,0
DA:3010,0
DA:3011,0
DA:3012,0
DA:3020,3
DA:3021,3
DA:3024,1
DA:3025,3
DA:3026,1
DA:3027,2
DA:3030,3
DA:3031,3
DA:3034,3
DA:3035,3
DA:3038,3
DA:3039,0
DA:3040,0
DA:3043,3
DA:3044,0
DA:3047,3
DA:3048,3
DA:3051,3
DA:3052,1
DA:3053,2
DA:3056,3
DA:3057,3
DA:3060,3
DA:3061,3
DA:3064,3
DA:3065,3
DA:3067,1
DA:3069,1
DA:3070,1
DA:3072,0
DA:3073,0
DA:3074,0
DA:3075,0
DA:3076,0
DA:3077,0
DA:3078,0
DA:3079,0
DA:3080,0
DA:3081,0
DA:3082,0
DA:3083,0
DA:3088,1
DA:3090,1
DA:3091,1
DA:3094,1
DA:3096,1
DA:3099,1
DA:3103,1
DA:3104,1
DA:3105,1
DA:3106,1
DA:3107,2
DA:3108,1
DA:3109,1
DA:3110,1
DA:3111,1
DA:3112,1
DA:3113,1
DA:3114,1
DA:3115,1
DA:3116,1
DA:3117,1
DA:3118,1
DA:3119,1
DA:3120,1
DA:3121,1
DA:3122,1
DA:3127,0
DA:3129,0
DA:3130,0
DA:3134,1
DA:3145,1
DA:3146,3
DA:3148,2
DA:3149,2
DA:3150,2
DA:3153,0
DA:3155,0
DA:3157,0
DA:3158,0
DA:3160,0
DA:3163,0
DA:3164,0
DA:3165,0
DA:3168,0
DA:3170,0
DA:3173,0
DA:3175,0
DA:3176,0
DA:3177,0
DA:3178,0
DA:3186,3
DA:3187,3
DA:3190,3
DA:3191,3
DA:3193,1
DA:3195,1
DA:3196,1
DA:3198,0
DA:3199,0
DA:3200,0
DA:3205,1
DA:3207,1
DA:3208,1
DA:3211,1
DA:3213,1
DA:3216,1
DA:3218,1
DA:3219,1
DA:3220,1
DA:3221,1
DA:3222,1
DA:3223,1
DA:3224,1
DA:3245,2
DA:3246,6
DA:3248,2
DA:3256,2
DA:3257,2
DA:3258,2
DA:3259,4
DA:3260,4
DA:3261,4
DA:3264,0
DA:3266,0
DA:3268,0
DA:3269,0
DA:3271,1
DA:3274,1
DA:3275,3
DA:3276,3
DA:3277,3
DA:3278,3
DA:3279,3
DA:3280,3
DA:3281,3
DA:3284,1
DA:3286,2
DA:3287,1
DA:3288,1
DA:3289,1
DA:3290,7
DA:3291,2
DA:3292,2
DA:3293,2
DA:3294,2
DA:3295,2
DA:3298,0
DA:3300,0
DA:3301,0
DA:3302,0
DA:3303,0
DA:3304,0
DA:3305,0
DA:3306,0
DA:3307,0
DA:3308,0
DA:3317,6
DA:3318,6
DA:3321,6
DA:3322,2
DA:3323,4
DA:3326,6
DA:3327,2
DA:3328,4
DA:3331,6
DA:3332,6
DA:3335,6
DA:3336,6
DA:3339,6
DA:3340,6
DA:3343,2
DA:3344,4
DA:3345,6
DA:3347,2
DA:3349,2
DA:3350,2
DA:3352,0
DA:3353,0
DA:3354,0
DA:3355,0
DA:3356,0
DA:3357,0
DA:3358,0
DA:3359,0
DA:3364,2
DA:3366,2
DA:3367,2
DA:3370,2
DA:3372,2
DA:3375,2
DA:3379,2
DA:3380,2
DA:3381,2
DA:3382,2
DA:3383,2
DA:3384,2
DA:3385,2
DA:3386,2
DA:3387,2
DA:3388,2
DA:3389,2
DA:3390,4
DA:3395,0
DA:3397,0
DA:3398,0
DA:3402,2
DA:3421,0
DA:3423,0
DA:3425,2
DA:3432,2
DA:3434,0
DA:3436,0
DA:3438,0
DA:3440,0
DA:3442,2
DA:3445,1
DA:3446,3
DA:3447,3
DA:3448,3
DA:3449,3
DA:3450,3
DA:3451,3
DA:3454,0
DA:3456,0
DA:3457,0
DA:3458,0
DA:3459,0
DA:3460,0
DA:3461,0
DA:3462,0
DA:3463,0
DA:3466,0
DA:3468,0
DA:3469,0
DA:3470,0
DA:3471,0
DA:3472,0
DA:3473,0
DA:3474,0
DA:3475,0
DA:3484,6
DA:3485,6
DA:3488,6
DA:3489,2
DA:3490,4
DA:3493,6
DA:3494,6
DA:3497,6
DA:3498,6
DA:3501,6
DA:3502,6
DA:3505,6
DA:3506,6
DA:3508,2
DA:3510,2
DA:3511,2
DA:3513,0
DA:3514,0
DA:3515,0
DA:3516,0
DA:3517,0
DA:3518,0
DA:3519,0
DA:3524,2
DA:3526,2
DA:3527,2
DA:3530,0
DA:3532,0
DA:3535,2
DA:3537,2
DA:3538,2
DA:3539,2
DA:3540,2
DA:3541,2
DA:3542,2
DA:3543,2
DA:3544,2
DA:3545,2
DA:3562,2
DA:3563,6
DA:3565,2
DA:3571,2
DA:3572,4
DA:3573,2
DA:3574,2
DA:3575,2
DA:3576,2
DA:3577,4
DA:3578,4
DA:3581,0
DA:3583,0
DA:3585,0
DA:3586,0
DA:3588,2
DA:3591,2
DA:3592,6
DA:3593,6
DA:3594,6
DA:3595,6
DA:3596,6
DA:3599,1
DA:3601,2
DA:3602,1
DA:3603,7
DA:3604,2
DA:3605,2
DA:3606,2
DA:3609,0
DA:3611,0
DA:3612,0
DA:3613,0
DA:3614,0
DA:3615,0
DA:3616,0
DA:3617,0
DA:3625,6
DA:3626,6
DA:3629,6
DA:3630,2
DA:3631,4
DA:3634,6
DA:3635,2
DA:3636,4
DA:3639,6
DA:3640,6
DA:3643,6
DA:3644,6
DA:3646,2
DA:3648,2
DA:3649,2
DA:3651,0
DA:3652,0
DA:3653,0
DA:3654,0
DA:3655,0
DA:3656,0
DA:3661,2
DA:3663,2
DA:3664,2
DA:3667,2
DA:3669,2
DA:3672,2
DA:3674,2
DA:3675,2
DA:3676,2
DA:3677,2
DA:3678,2
DA:3679,2
DA:3680,2
DA:3681,2
DA:3683,4
DA:3685,4
DA:3686,2
DA:3697,1
DA:3698,3
DA:3700,2
DA:3701,2
DA:3702,2
DA:3705,0
DA:3707,0
DA:3709,0
DA:3710,0
DA:3712,1
DA:3715,0
DA:3718,1
DA:3720,7
DA:3723,0
DA:3725,0
DA:3726,0
DA:3727,0
DA:3728,0
DA:3736,3
DA:3737,3
DA:3740,1
DA:3741,2
DA:3742,3
DA:3744,1
DA:3746,1
DA:3747,1
DA:3749,0
DA:3750,0
DA:3751,0
DA:3756,1
DA:3758,1
DA:3759,1
DA:3762,1
DA:3764,1
DA:3767,1
DA:3771,1
DA:3772,1
DA:3773,1
DA:3774,1
DA:3775,2
DA:3780,0
DA:3782,0
DA:3783,0
DA:3787,1
DA:3808,1
DA:3809,3
DA:3811,1
DA:3819,1
DA:3820,2
DA:3821,2
DA:3822,2
DA:3823,2
DA:3824,1
DA:3825,1
DA:3826,2
DA:3829,0
DA:3831,0
DA:3833,0
DA:3834,0
DA:3836,0
DA:3839,0
DA:3840,0
DA:3841,0
DA:3842,0
DA:3843,0
DA:3844,0
DA:3845,0
DA:3846,0
DA:3849,1
DA:3851,2
DA:3852,1
DA:3853,1
DA:3854,1
DA:3855,7
DA:3856,2
DA:3857,2
DA:3858,2
DA:3859,2
DA:3860,2
DA:3863,0
DA:3865,0
DA:3866,0
DA:3867,0
DA:3868,0
DA:3869,0
DA:3870,0
DA:3871,0
DA:3872,0
DA:3873,0
DA:3882,3
DA:3883,3
DA:3886,3
DA:3887,3
DA:3890,3
DA:3891,3
DA:3894,3
DA:3895,0
DA:3898,3
DA:3899,3
DA:3902,1
DA:3903,2
DA:3904,1
DA:3905,2
DA:3908,1
DA:3909,2
DA:3910,3
DA:3912,1
DA:3913,1
DA:3916,1
DA:3917,1
DA:3919,0
DA:3920,0
DA:3921,0
DA:3922,0
DA:3923,0
DA:3924,0
DA:3925,0
DA:3926,0
DA:3931,1
DA:3933,1
DA:3934,1
DA:3937,1
DA:3939,1
DA:3942,1
DA:3946,1
DA:3947,1
DA:3948,1
DA:3949,1
DA:3950,1
DA:3951,1
DA:3952,2
DA:3953,1
DA:3954,1
DA:3955,1
DA:3956,2
DA:3957,2
DA:3962,0
DA:3965,0
DA:3967,0
DA:3969,0
DA:3970,0
DA:3974,1
DA:3985,0
DA:3986,0
DA:3988,0
DA:3989,0
DA:3990,0
DA:3993,0
DA:3995,0
DA:3997,0
DA:3998,0
DA:4000,0
DA:4003,0
DA:4004,0
DA:4005,0
DA:4008,0
DA:4010,0
DA:4013,0
DA:4015,0
DA:4016,0
DA:4017,0
DA:4018,0
DA:4026,0
DA:4027,0
DA:4030,0
DA:4031,0
DA:4033,0
DA:4035,0
DA:4036,0
DA:4038,0
DA:4039,0
DA:4040,0
DA:4045,0
DA:4047,0
DA:4048,0
DA:4051,0
DA:4053,0
DA:4056,0
DA:4058,0
DA:4059,0
DA:4060,0
DA:4061,0
DA:4062,0
DA:4063,0
DA:4064,0
DA:4089,1
DA:4090,3
DA:4092,1
DA:4102,1
DA:4103,2
DA:4104,2
DA:4105,2
DA:4106,2
DA:4107,2
DA:4108,1
DA:4109,1
DA:4110,1
DA:4111,1
DA:4112,2
DA:4113,2
DA:4116,0
DA:4118,0
DA:4120,0
DA:4121,0
DA:4123,0
DA:4126,0
DA:4127,0
DA:4128,0
DA:4129,0
DA:4130,0
DA:4131,0
DA:4132,0
DA:4133,0
DA:4134,0
DA:4135,0
DA:4138,1
DA:4140,2
DA:4141,1
DA:4142,1
DA:4143,1
DA:4144,1
DA:4145,1
DA:4146,7
DA:4147,2
DA:4148,2
DA:4149,2
DA:4150,2
DA:4151,2
DA:4152,2
DA:4153,2
DA:4156,0
DA:4158,0
DA:4159,0
DA:4160,0
DA:4161,0
DA:4162,0
DA:4163,0
DA:4164,0
DA:4165,0
DA:4166,0
DA:4167,0
DA:4168,0
DA:4177,3
DA:4178,3
DA:4181,3
DA:4182,3
DA:4185,3
DA:4186,3
DA:4189,3
DA:4190,3
DA:4193,3
DA:4194,3
DA:4197,3
DA:4198,3
DA:4201,3
DA:4202,1
DA:4203,2
DA:4206,3
DA:4207,3
DA:4210,3
DA:4211,3
DA:4213,1
DA:4215,1
DA:4216,1
DA:4218,0
DA:4219,0
DA:4220,0
DA:4221,0
DA:4222,0
DA:4223,0
DA:4224,0
DA:4225,0
DA:4226,0
DA:4227,0
DA:4232,1
DA:4234,1
DA:4235,1
DA:4238,1
DA:4240,1
DA:4243,1
DA:4245,1
DA:4246,1
DA:4247,2
DA:4248,1
DA:4249,1
DA:4250,1
DA:4251,1
DA:4252,1
DA:4253,1
DA:4254,1
DA:4255,1
DA:4256,1
DA:4257,1
DA:4258,1
DA:4259,1
DA:4262,1
DA:4263,1
DA:4264,1
DA:4265,1
DA:4266,1
DA:4295,0
DA:4296,0
DA:4298,0
DA:4310,0
DA:4311,0
DA:4312,0
DA:4313,0
DA:4314,0
DA:4315,0
DA:4316,0
DA:4317,0
DA:4318,0
DA:4319,0
DA:4320,0
DA:4321,0
DA:4324,0
DA:4326,0
DA:4328,0
DA:4329,0
DA:4331,0
DA:4334,0
DA:4335,0
DA:4336,0
DA:4337,0
DA:4338,0
DA:4339,0
DA:4340,0
DA:4341,0
DA:4342,0
DA:4343,0
DA:4344,0
DA:4345,0
DA:4348,0
DA:4350,0
DA:4351,0
DA:4352,0
DA:4353,0
DA:4354,0
DA:4355,0
DA:4356,0
DA:4357,0
DA:4358,0
DA:4359,0
DA:4360,0
DA:4361,0
DA:4362,0
DA:4363,0
DA:4364,0
DA:4365,0
DA:4366,0
DA:4367,0
DA:4368,0
DA:4369,0
DA:4372,0
DA:4374,0
DA:4375,0
DA:4376,0
DA:4377,0
DA:4378,0
DA:4379,0
DA:4380,0
DA:4381,0
DA:4382,0
DA:4383,0
DA:4384,0
DA:4385,0
DA:4386,0
DA:4394,0
DA:4395,0
DA:4398,0
DA:4399,0
DA:4402,0
DA:4403,0
DA:4406,0
DA:4407,0
DA:4410,0
DA:4411,0
DA:4412,0
DA:4415,0
DA:4416,0
DA:4419,0
DA:4420,0
DA:4423,0
DA:4424,0
DA:4425,0
DA:4428,0
DA:4429,0
DA:4432,0
DA:4433,0
DA:4434,0
DA:4437,0
DA:4438,0
DA:4440,0
DA:4441,0
DA:4444,0
DA:4445,0
DA:4447,0
DA:4448,0
DA:4449,0
DA:4450,0
DA:4451,0
DA:4452,0
DA:4453,0
DA:4454,0
DA:4455,0
DA:4456,0
DA:4457,0
DA:4458,0
DA:4463,0
DA:4465,0
DA:4466,0
DA:4469,0
DA:4471,0
DA:4474,0
DA:4476,0
DA:4477,0
DA:4478,0
DA:4479,0
DA:4481,0
DA:4482,0
DA:4483,0
DA:4484,0
DA:4485,0
DA:4486,0
DA:4487,0
DA:4488,0
DA:4489,0
DA:4490,0
DA:4491,0
DA:4492,0
DA:4493,0
DA:4494,0
DA:4495,0
DA:4496,0
LF:2170
LH:849
end_of_record
SF:lib/data.dart
DA:12,2
DA:13,2
DA:17,3
DA:18,3
DA:21,2
DA:23,4
DA:24,4
DA:27,1
DA:28,7
DA:31,1
DA:32,2
DA:35,1
DA:36,1
DA:37,1
DA:38,2
DA:39,0
DA:40,0
DA:43,0
DA:51,0
DA:52,0
DA:53,0
DA:60,2
DA:61,2
DA:80,1
DA:81,5
DA:96,1
DA:97,3
DA:98,3
DA:99,0
DA:100,0
DA:101,0
DA:102,0
DA:103,0
DA:104,0
DA:115,0
DA:116,0
DA:117,0
DA:125,0
DA:126,0
DA:127,0
DA:128,0
DA:129,0
DA:135,0
DA:136,0
DA:137,0
DA:138,0
DA:139,0
DA:140,0
DA:141,0
DA:142,0
DA:143,0
DA:147,0
DA:148,0
DA:151,2
DA:152,2
DA:153,2
DA:154,2
DA:155,2
DA:156,2
DA:157,2
DA:158,2
DA:159,4
DA:162,0
DA:164,0
DA:165,0
DA:166,0
DA:167,0
DA:169,0
DA:170,0
DA:171,0
DA:172,0
DA:173,0
DA:174,0
DA:175,0
DA:176,0
DA:189,13
DA:190,2
DA:191,0
DA:192,2
DA:193,0
DA:195,0
DA:204,0
DA:205,1
DA:206,1
DA:219,0
DA:220,0
DA:221,0
DA:228,1
DA:229,2
DA:244,2
DA:245,2
DA:253,1
DA:254,2
DA:255,0
DA:256,0
DA:257,0
DA:258,0
DA:259,0
DA:261,0
DA:262,0
DA:264,2
DA:265,3
DA:266,6
DA:269,1
DA:270,2
DA:271,0
DA:272,0
DA:273,0
DA:274,0
DA:275,0
DA:277,0
DA:278,0
DA:280,4
DA:281,1
DA:282,2
DA:283,3
DA:284,6
DA:287,1
DA:288,1
DA:292,2
DA:293,2
DA:294,4
DA:295,2
DA:297,1
DA:298,2
DA:301,1
DA:302,1
DA:304,3
DA:310,1
DA:311,1
DA:312,2
DA:314,1
DA:316,1
DA:317,1
DA:320,0
DA:324,1
DA:325,0
DA:327,2
DA:345,1
DA:346,2
DA:364,2
DA:365,2
DA:368,2
DA:372,2
DA:373,2
DA:375,2
DA:376,1
DA:377,2
DA:378,2
DA:379,2
DA:380,2
DA:381,2
DA:382,4
DA:384,0
DA:395,1
DA:396,2
DA:398,3
DA:415,1
DA:416,2
DA:436,2
DA:437,2
DA:444,2
DA:445,1
DA:446,1
DA:466,2
DA:467,2
DA:471,1
DA:472,1
DA:478,2
DA:479,2
DA:480,2
DA:481,2
DA:488,13
DA:489,0
DA:490,0
DA:496,6
DA:498,2
DA:501,1
DA:513,5
DA:514,0
DA:515,5
DA:519,1
DA:520,2
DA:522,2
DA:525,1
DA:531,2
DA:533,0
DA:547,5
DA:548,2
DA:551,1
DA:571,0
DA:573,2
DA:575,0
DA:576,0
DA:578,0
DA:579,0
LF:196
LH:119
end_of_record
SF:lib/container/calendar_container.dart
DA:10,1
DA:12,1
DA:13,1
DA:14,1
DA:17,2
DA:18,0
DA:19,0
DA:20,2
DA:21,2
DA:24,1
DA:25,1
DA:39,1
DA:40,3
DA:42,4
DA:43,3
DA:45,4
DA:46,2
DA:47,3
DA:48,3
DA:49,5
DA:50,4
DA:54,2
DA:55,1
LF:23
LH:21
end_of_record
SF:lib/container/calendar_week_container.dart
DA:16,1
DA:17,1
DA:18,1
DA:20,1
DA:21,1
DA:22,2
DA:24,1
DA:25,2
DA:42,1
DA:44,1
DA:46,1
DA:47,1
DA:48,4
DA:50,2
DA:51,4
DA:52,2
DA:53,1
DA:58,2
LF:18
LH:18
end_of_record
SF:lib/container/calendar_week_container.g.dart
DA:17,1
DA:19,3
DA:21,1
DA:25,1
DA:26,1
DA:27,1
DA:28,1
DA:29,1
DA:30,1
DA:31,1
DA:34,0
DA:37,0
DA:39,0
DA:41,0
DA:43,1
DA:46,1
DA:47,3
DA:48,3
DA:49,3
DA:52,0
DA:54,0
DA:55,0
DA:58,0
DA:60,0
DA:61,0
DA:62,0
DA:63,0
DA:64,0
DA:73,1
DA:74,2
DA:75,3
DA:78,1
DA:79,2
DA:80,1
DA:81,2
DA:84,3
DA:85,3
DA:87,1
DA:89,1
DA:90,1
DA:92,0
DA:93,0
DA:94,0
DA:95,0
DA:100,1
DA:102,1
DA:103,1
DA:106,1
DA:108,1
DA:111,1
DA:115,1
DA:116,1
DA:117,2
DA:118,2
DA:119,1
DA:120,1
DA:125,0
DA:127,0
DA:129,0
DA:130,0
DA:134,1
LF:61
LH:40
end_of_record
SF:lib/ui/calendar_week.dart
DA:13,2
DA:15,1
DA:17,7
DA:18,3
DA:19,2
DA:24,1
DA:25,1
DA:26,1
DA:27,1
DA:28,2
DA:29,1
DA:30,2
DA:31,1
DA:34,2
DA:38,1
DA:50,1
DA:55,1
DA:56,1
DA:58,1
DA:59,1
DA:60,5
DA:61,1
DA:62,4
DA:63,3
DA:65,3
DA:66,1
DA:67,2
DA:68,1
DA:69,1
DA:70,1
DA:71,1
DA:73,1
DA:77,1
DA:79,1
DA:83,1
DA:84,1
DA:86,1
DA:87,1
DA:88,5
DA:89,3
DA:90,1
DA:91,4
DA:92,1
DA:104,0
DA:110,1
DA:111,4
DA:112,1
DA:122,1
DA:123,1
DA:124,1
DA:126,1
DA:127,2
DA:128,1
DA:129,0
DA:130,0
DA:132,0
DA:133,0
DA:134,0
DA:135,0
DA:136,0
DA:137,0
DA:138,0
DA:139,0
DA:140,0
DA:143,0
DA:145,0
DA:148,0
DA:149,0
DA:150,0
DA:151,0
DA:156,0
DA:158,0
DA:161,0
DA:162,0
DA:163,0
DA:164,0
DA:169,0
DA:170,0
DA:171,0
DA:172,0
DA:174,0
DA:178,0
DA:179,0
DA:180,0
DA:181,0
DA:183,0
DA:184,0
DA:190,1
DA:191,2
DA:198,1
DA:199,1
DA:201,1
DA:202,1
DA:203,7
DA:207,3
DA:208,0
DA:211,2
DA:212,0
DA:213,0
DA:216,0
DA:217,0
DA:218,0
DA:220,3
DA:221,0
DA:224,2
DA:225,0
DA:229,0
DA:230,0
DA:231,0
DA:241,0
DA:242,0
DA:243,0
LF:112
LH:63
end_of_record
SF:lib/util.dart
DA:8,0
DA:11,0
DA:18,3
DA:20,2
DA:24,1
DA:25,2
DA:26,4
DA:27,1
DA:28,3
DA:30,4
DA:33,7
DA:37,0
DA:39,0
DA:40,0
DA:44,0
DA:45,0
DA:49,3
DA:60,0
DA:67,0
DA:69,0
DA:70,0
DA:71,0
DA:72,0
DA:75,0
DA:79,3
DA:85,3
DA:87,0
DA:91,0
DA:92,0
DA:93,0
DA:100,0
DA:101,0
DA:102,0
DA:104,0
DA:106,0
DA:108,0
DA:114,4
DA:116,3
DA:117,0
DA:119,3
DA:122,2
DA:124,1
DA:127,0
DA:128,0
DA:130,0
DA:133,3
DA:135,3
DA:138,2
DA:139,2
DA:141,0
DA:144,3
DA:147,3
DA:148,2
DA:150,3
DA:153,1
DA:156,1
DA:157,0
DA:159,1
DA:162,3
DA:163,3
DA:164,0
DA:170,1
DA:171,1
DA:172,0
LF:64
LH:32
end_of_record
SF:lib/ui/dialog.dart
DA:9,2
DA:14,2
DA:15,2
DA:17,2
DA:19,2
DA:20,2
DA:21,2
DA:22,2
DA:28,2
DA:31,2
DA:33,2
DA:35,0
DA:36,0
DA:42,2
DA:44,2
DA:46,2
DA:48,2
LF:17
LH:15
end_of_record
SF:lib/ui/no_internet.dart
DA:4,79
DA:5,1
DA:7,1
DA:8,1
DA:10,1
DA:11,1
DA:13,1
DA:14,1
DA:15,1
DA:16,1
LF:10
LH:10
end_of_record
SF:lib/ui/grade_calculator.dart
DA:13,1
DA:14,2
DA:17,1
DA:18,1
DA:19,6
DA:22,2
DA:23,1
DA:24,1
DA:25,1
DA:26,1
DA:30,1
DA:34,2
DA:36,1
DA:38,2
DA:39,1
DA:45,2
DA:46,1
DA:47,2
DA:51,2
DA:52,1
DA:58,2
DA:59,1
DA:60,2
DA:64,2
DA:65,1
DA:71,2
DA:72,1
DA:73,2
DA:77,2
DA:81,2
DA:84,2
DA:85,1
DA:94,0
DA:97,0
DA:98,0
DA:99,0
DA:101,0
DA:104,0
DA:105,0
DA:111,11
DA:112,0
DA:113,0
DA:121,0
DA:130,0
DA:131,0
DA:132,0
DA:133,0
DA:136,0
DA:137,0
DA:139,0
DA:141,0
DA:142,0
DA:146,0
DA:147,0
DA:152,0
DA:155,0
DA:156,0
DA:163,0
DA:164,0
DA:165,0
DA:166,0
DA:172,0
DA:174,0
DA:175,0
DA:188,0
DA:189,0
DA:194,0
DA:195,0
DA:196,0
DA:198,0
DA:199,0
DA:200,0
DA:207,0
DA:208,0
DA:209,0
DA:210,0
DA:214,0
DA:215,0
DA:217,0
DA:219,0
DA:220,0
DA:221,0
DA:222,0
DA:227,0
DA:229,0
DA:230,0
DA:233,0
DA:235,0
DA:236,0
DA:237,0
DA:238,0
DA:240,0
DA:241,0
DA:242,0
DA:243,0
DA:245,0
DA:260,0
DA:265,0
DA:266,0
DA:268,0
DA:269,0
DA:270,0
DA:272,0
DA:275,0
DA:276,0
DA:277,0
DA:279,0
DA:281,0
DA:283,0
DA:284,0
DA:285,0
DA:304,0
DA:305,0
DA:307,0
DA:309,0
DA:310,0
DA:311,0
DA:314,0
DA:316,0
DA:318,0
DA:319,0
DA:320,0
DA:321,0
DA:323,0
DA:325,0
DA:326,0
DA:328,0
DA:330,0
DA:331,0
DA:332,0
DA:333,0
DA:343,0
DA:344,0
DA:346,0
DA:347,0
DA:349,0
DA:351,0
DA:352,0
DA:353,0
DA:355,0
DA:366,0
DA:367,0
DA:369,0
DA:370,0
DA:371,0
DA:384,0
DA:385,0
DA:386,0
DA:388,0
DA:390,0
DA:391,0
DA:393,0
DA:395,0
DA:399,0
DA:400,0
DA:402,0
DA:403,0
DA:404,0
DA:415,0
DA:416,0
DA:418,0
DA:419,0
DA:420,0
DA:439,0
DA:440,0
DA:441,0
DA:445,0
DA:447,0
DA:448,0
DA:449,0
DA:450,0
DA:461,0
DA:462,0
DA:463,0
DA:464,0
DA:465,0
DA:466,0
DA:467,0
DA:468,0
DA:469,0
DA:470,0
DA:473,0
DA:474,0
DA:476,0
DA:481,0
DA:483,0
DA:484,0
DA:487,0
DA:488,0
DA:489,0
DA:490,0
DA:491,0
DA:492,0
DA:494,0
DA:497,0
DA:499,0
DA:500,0
DA:501,0
DA:503,0
DA:509,0
DA:511,0
DA:512,0
DA:513,0
DA:514,0
DA:515,0
DA:517,0
DA:520,0
DA:522,0
DA:523,0
DA:524,0
DA:525,0
DA:526,0
DA:528,0
DA:531,0
DA:533,0
DA:534,0
DA:535,0
DA:536,0
DA:537,0
DA:539,0
DA:545,0
DA:546,0
DA:547,0
DA:548,0
DA:549,0
DA:550,0
DA:551,0
DA:557,0
DA:558,0
DA:559,0
DA:560,0
DA:573,12
DA:582,0
DA:589,0
DA:590,0
DA:591,0
DA:598,0
DA:599,0
DA:600,0
DA:601,0
DA:602,0
DA:603,0
DA:604,0
DA:605,0
DA:613,0
DA:615,0
DA:616,0
DA:617,0
DA:618,0
DA:624,0
DA:626,0
DA:628,0
DA:629,0
DA:631,0
DA:632,0
DA:633,0
DA:634,0
DA:635,0
DA:636,0
DA:637,0
DA:640,0
DA:641,0
DA:643,0
DA:644,0
DA:645,0
LF:265
LH:34
end_of_record
SF:lib/wrapper.dart
DA:20,0
DA:21,0
DA:22,0
DA:26,0
DA:27,0
DA:28,0
DA:29,0
DA:31,0
DA:37,0
DA:47,3
DA:48,3
DA:51,1
DA:52,5
DA:56,2
DA:57,0
DA:58,0
DA:60,0
DA:62,0
DA:65,0
DA:70,0
DA:71,0
DA:73,0
DA:74,0
DA:88,0
DA:95,0
DA:97,0
DA:100,0
DA:102,0
DA:105,0
DA:107,0
DA:110,0
DA:112,0
DA:114,0
DA:116,0
DA:118,0
DA:119,0
DA:120,0
DA:121,0
DA:122,0
DA:123,0
DA:126,0
DA:128,0
DA:129,0
DA:130,0
DA:133,0
DA:134,0
DA:135,0
DA:136,0
DA:137,0
DA:138,0
DA:139,0
DA:140,0
DA:141,0
DA:142,0
DA:143,0
DA:146,0
DA:147,0
DA:148,0
DA:149,0
DA:150,0
DA:152,0
DA:155,0
DA:156,0
DA:158,0
DA:166,0
DA:167,0
DA:168,0
DA:169,0
DA:170,0
DA:171,0
DA:172,0
DA:173,0
DA:175,0
DA:178,0
DA:179,0
DA:180,0
DA:183,0
DA:184,0
DA:186,0
DA:197,0
DA:199,0
DA:201,0
DA:203,0
DA:204,0
DA:205,0
DA:211,0
DA:213,0
DA:214,0
DA:215,0
DA:218,0
DA:219,0
DA:221,0
DA:222,0
DA:223,0
DA:224,0
DA:229,0
DA:230,0
DA:231,0
DA:234,1
DA:235,1
DA:236,1
DA:237,1
DA:238,1
DA:239,1
DA:240,1
DA:241,1
DA:242,1
DA:243,1
DA:244,1
DA:245,1
DA:246,1
DA:247,1
DA:248,1
DA:252,1
DA:253,1
DA:256,1
DA:257,1
DA:258,0
DA:265,1
DA:266,1
DA:267,2
DA:268,1
DA:269,1
DA:270,3
DA:273,1
DA:275,4
DA:276,1
DA:277,3
DA:280,1
DA:282,3
DA:283,1
DA:284,1
DA:287,1
DA:288,1
DA:290,4
DA:291,1
DA:294,1
DA:295,1
DA:297,4
DA:298,3
DA:302,0
DA:305,0
DA:306,0
DA:307,0
DA:308,0
DA:309,0
DA:310,0
DA:311,0
DA:314,0
DA:317,0
DA:321,0
DA:325,0
DA:326,0
DA:327,0
DA:330,0
DA:331,0
DA:332,0
DA:334,0
DA:335,0
DA:336,0
DA:337,0
DA:338,0
DA:339,0
DA:340,0
DA:341,0
DA:342,0
DA:345,0
DA:346,0
DA:347,0
DA:348,0
DA:355,0
DA:356,0
DA:357,0
DA:358,0
DA:363,0
DA:364,0
DA:365,0
DA:366,0
DA:368,0
DA:372,0
DA:373,0
DA:374,0
DA:377,0
DA:378,0
DA:381,0
DA:384,0
DA:385,0
DA:388,0
DA:389,0
DA:392,0
DA:395,0
DA:396,0
DA:399,0
DA:400,0
DA:401,0
DA:405,0
DA:407,0
DA:409,0
DA:410,0
DA:413,0
DA:414,0
LF:201
LH:46
end_of_record
SF:lib/container/absence_group_container.dart
DA:13,1
DA:16,1
DA:17,1
DA:19,1
DA:20,1
DA:21,1
DA:23,1
DA:24,4
DA:25,2
DA:26,2
DA:28,3
DA:29,5
DA:30,1
DA:31,0
DA:33,4
DA:36,0
DA:37,0
DA:40,2
DA:41,3
DA:43,2
DA:44,0
DA:45,0
DA:48,1
DA:49,1
DA:50,0
DA:51,0
DA:52,0
DA:53,0
DA:55,1
DA:58,1
DA:65,1
DA:66,2
DA:79,1
LF:33
LH:24
end_of_record
SF:lib/ui/absence.dart
DA:9,2
DA:10,1
DA:12,1
DA:13,1
DA:14,3
DA:15,0
DA:18,1
DA:22,1
DA:24,1
DA:25,1
DA:26,3
DA:27,3
DA:28,1
DA:41,1
DA:42,2
DA:43,3
DA:45,1
DA:46,2
DA:47,3
DA:49,1
DA:61,1
DA:62,2
LF:22
LH:21
end_of_record
SF:lib/container/absences_page_container.dart
DA:10,1
DA:12,1
DA:13,1
DA:14,1
DA:15,1
DA:16,1
DA:19,1
DA:20,3
LF:8
LH:8
end_of_record
SF:lib/ui/absences_page.dart
DA:13,1
DA:14,1
DA:15,1
DA:17,1
DA:21,1
DA:22,1
DA:23,1
DA:33,1
DA:34,1
DA:36,1
DA:38,2
DA:39,3
DA:40,1
DA:41,1
DA:43,3
DA:47,2
DA:48,1
DA:49,2
DA:51,1
DA:52,3
DA:53,2
DA:54,5
DA:58,1
DA:69,1
DA:70,1
DA:71,1
DA:73,1
DA:75,1
DA:76,2
DA:77,0
DA:79,0
DA:81,2
DA:82,0
DA:84,0
DA:86,2
DA:87,1
DA:89,4
DA:91,2
DA:92,1
DA:94,4
DA:96,2
DA:97,1
DA:99,4
DA:101,2
DA:102,0
DA:104,0
LF:46
LH:40
end_of_record
SF:lib/container/certificate_container.dart
DA:9,0
DA:11,0
DA:12,0
DA:13,0
DA:14,0
DA:15,0
DA:18,0
DA:19,0
DA:29,0
LF:9
LH:0
end_of_record
SF:lib/ui/certificate.dart
DA:11,0
DA:12,0
DA:14,0
DA:16,0
DA:17,0
DA:18,0
DA:22,0
DA:23,0
DA:25,0
LF:9
LH:0
end_of_record
SF:lib/container/change_email_container.dart
DA:10,0
DA:12,0
DA:13,0
DA:14,0
DA:15,0
DA:16,0
DA:17,0
DA:18,0
DA:19,0
DA:20,0
LF:10
LH:0
end_of_record
SF:lib/ui/change_email.dart
DA:6,0
DA:7,0
DA:8,0
DA:16,0
DA:18,0
DA:19,0
DA:22,0
DA:24,0
DA:25,0
DA:27,0
DA:28,0
DA:30,0
DA:34,0
DA:36,0
DA:41,0
DA:42,0
DA:43,0
DA:44,0
LF:18
LH:0
end_of_record
SF:lib/container/chart_legend_container.dart
DA:10,1
DA:12,1
DA:13,1
DA:14,1
DA:18,1
DA:19,4
LF:6
LH:6
end_of_record
SF:lib/ui/grades_chart_legend.dart
DA:8,2
DA:9,1
DA:11,3
DA:12,1
DA:14,1
DA:17,1
DA:18,1
DA:19,2
DA:21,1
DA:23,1
DA:24,1
DA:25,2
DA:28,2
LF:13
LH:13
end_of_record
SF:lib/container/chart_legend_entry_container.dart
DA:14,1
DA:15,1
DA:16,1
DA:18,1
DA:19,1
DA:20,1
DA:21,1
DA:22,1
DA:23,1
DA:24,3
DA:25,1
DA:26,1
DA:27,2
DA:28,2
DA:35,1
DA:36,2
DA:50,1
DA:52,1
DA:53,1
DA:54,1
DA:55,1
DA:56,5
LF:22
LH:22
end_of_record
SF:lib/container/chart_legend_entry_container.g.dart
DA:15,1
DA:17,3
DA:19,1
DA:20,1
DA:21,2
DA:22,1
DA:23,1
DA:26,0
DA:29,0
DA:31,0
DA:33,0
DA:35,1
DA:38,1
DA:39,3
DA:40,3
DA:43,0
DA:45,0
DA:48,0
DA:50,0
DA:51,0
DA:52,0
DA:53,0
DA:62,3
DA:63,3
DA:66,1
DA:67,2
DA:68,3
DA:70,1
DA:72,1
DA:73,1
DA:75,0
DA:76,0
DA:77,0
DA:82,1
DA:84,1
DA:85,1
DA:88,1
DA:90,1
DA:93,1
DA:97,1
DA:98,1
DA:99,1
DA:100,1
DA:101,2
DA:106,0
DA:108,0
DA:109,0
DA:113,1
LF:48
LH:31
end_of_record
SF:lib/ui/grades_chart_legend_entry.dart
DA:13,1
DA:18,1
DA:19,1
DA:21,3
DA:23,1
DA:25,1
DA:26,1
DA:27,1
DA:29,1
DA:31,1
DA:32,1
DA:33,3
DA:37,1
DA:39,2
DA:40,1
DA:41,1
DA:42,1
DA:43,1
DA:44,3
DA:45,2
DA:48,2
DA:49,4
DA:52,2
DA:58,3
DA:59,4
LF:25
LH:25
end_of_record
SF:lib/container/days_container.dart
DA:15,1
DA:17,1
DA:18,1
DA:19,1
DA:21,2
DA:22,2
DA:23,0
DA:24,0
DA:25,0
DA:26,0
DA:27,0
DA:28,0
DA:32,1
DA:33,3
DA:35,1
DA:36,3
DA:37,1
DA:38,1
DA:39,2
DA:40,1
DA:44,0
DA:45,0
DA:47,2
DA:49,2
DA:50,2
DA:51,1
DA:52,2
DA:53,2
DA:56,1
DA:57,1
DA:86,1
DA:88,1
DA:89,2
DA:90,6
DA:91,1
DA:92,2
DA:93,1
DA:94,2
DA:95,4
DA:97,2
DA:98,4
DA:102,1
DA:103,1
DA:105,1
DA:106,1
DA:107,2
DA:108,2
DA:110,2
DA:111,3
DA:112,5
DA:113,3
DA:114,1
DA:115,3
DA:116,1
DA:117,3
DA:118,3
DA:119,3
DA:120,4
DA:135,1
DA:136,1
DA:137,0
DA:138,0
LF:62
LH:52
end_of_record
SF:lib/container/days_container.g.dart
DA:31,1
DA:32,3
DA:34,1
DA:45,1
DA:46,2
DA:47,1
DA:48,1
DA:49,1
DA:50,1
DA:51,2
DA:52,1
DA:53,1
DA:54,1
DA:55,1
DA:56,1
DA:57,1
DA:58,1
DA:59,1
DA:60,1
DA:61,1
DA:62,2
DA:65,0
DA:67,0
DA:69,0
DA:70,0
DA:72,1
DA:75,1
DA:76,3
DA:77,3
DA:78,3
DA:79,3
DA:80,3
DA:81,3
DA:82,3
DA:83,3
DA:84,3
DA:85,3
DA:88,0
DA:90,0
DA:91,0
DA:92,0
DA:93,0
DA:94,0
DA:95,0
DA:96,0
DA:97,0
DA:98,0
DA:99,0
DA:100,0
DA:101,0
DA:102,0
DA:103,0
DA:104,0
DA:105,0
DA:106,0
DA:107,0
DA:110,0
DA:112,0
DA:113,0
DA:114,0
DA:115,0
DA:116,0
DA:117,0
DA:118,0
DA:119,0
DA:120,0
DA:121,0
DA:122,0
DA:123,0
DA:132,3
DA:133,3
DA:136,3
DA:137,1
DA:138,2
DA:141,3
DA:142,3
DA:145,3
DA:146,3
DA:149,3
DA:150,1
DA:151,2
DA:154,3
DA:155,3
DA:158,3
DA:159,1
DA:160,2
DA:163,1
DA:164,2
DA:165,1
DA:166,2
DA:169,3
DA:170,1
DA:171,2
DA:174,3
DA:175,3
DA:177,1
DA:179,1
DA:180,1
DA:182,0
DA:183,0
DA:184,0
DA:185,0
DA:186,0
DA:187,0
DA:188,0
DA:189,0
DA:190,0
DA:191,0
DA:192,0
DA:197,1
DA:199,1
DA:200,1
DA:203,1
DA:205,1
DA:208,1
DA:212,1
DA:213,1
DA:214,1
DA:215,1
DA:216,1
DA:217,1
DA:218,1
DA:219,1
DA:220,1
DA:221,1
DA:222,1
DA:223,1
DA:224,1
DA:225,1
DA:226,1
DA:227,1
DA:228,2
DA:229,1
DA:230,1
DA:231,2
DA:236,0
DA:239,0
DA:241,0
DA:242,0
DA:246,1
LF:140
LH:89
end_of_record
SF:lib/ui/days.dart
DA:46,1
DA:61,1
DA:62,1
DA:63,1
DA:79,1
DA:80,2
DA:81,5
DA:85,0
DA:86,0
DA:88,0
DA:90,0
DA:91,0
DA:92,0
DA:93,0
DA:94,0
DA:99,1
DA:100,2
DA:101,0
DA:102,0
DA:103,0
DA:104,0
DA:105,0
DA:110,0
DA:113,2
DA:114,0
DA:115,0
DA:116,0
DA:117,0
DA:118,0
DA:119,0
DA:120,0
DA:123,0
DA:131,1
DA:132,1
DA:133,1
DA:136,1
DA:137,2
DA:138,2
DA:141,4
DA:142,2
DA:143,4
DA:144,0
DA:145,0
DA:147,1
DA:148,2
DA:149,2
DA:150,0
DA:152,2
DA:153,1
DA:155,1
DA:159,1
DA:161,1
DA:162,2
DA:163,0
DA:165,3
DA:166,1
DA:167,1
DA:168,2
DA:170,1
DA:173,1
DA:175,1
DA:176,1
DA:178,1
DA:181,1
DA:182,1
DA:183,1
DA:184,3
DA:185,2
DA:193,2
DA:198,2
DA:199,1
DA:200,4
DA:201,2
DA:202,1
DA:203,2
DA:204,2
DA:205,2
DA:206,2
DA:207,2
DA:208,2
DA:209,2
DA:210,3
DA:211,3
DA:212,3
DA:216,1
DA:218,3
DA:219,4
DA:223,3
DA:228,1
DA:230,1
DA:232,3
DA:237,1
DA:238,1
DA:239,1
DA:240,3
DA:241,2
DA:243,1
DA:244,1
DA:249,1
DA:251,1
DA:254,7
DA:255,1
DA:256,1
DA:258,8
DA:262,3
DA:263,1
DA:264,1
DA:271,3
DA:272,1
DA:273,0
DA:277,1
DA:280,1
DA:283,1
DA:284,1
DA:285,1
DA:286,1
DA:293,1
DA:294,2
DA:296,0
DA:297,0
DA:304,1
DA:306,3
DA:312,4
DA:313,0
DA:316,0
DA:317,0
DA:322,2
DA:323,0
DA:327,0
DA:328,0
DA:329,0
DA:336,1
DA:338,1
DA:339,3
DA:340,1
DA:341,1
DA:342,3
DA:345,2
DA:346,1
DA:354,3
DA:357,1
DA:361,1
DA:368,1
DA:376,1
DA:380,1
DA:382,1
DA:384,1
DA:385,1
DA:386,1
DA:387,1
DA:392,1
DA:393,1
DA:394,1
DA:395,2
DA:403,1
DA:405,1
DA:406,1
DA:407,1
DA:408,1
DA:409,1
DA:435,1
DA:450,1
DA:452,0
DA:453,0
DA:455,0
DA:457,0
DA:458,0
DA:460,0
DA:462,0
DA:463,0
DA:467,0
DA:468,0
DA:469,0
DA:470,0
DA:474,0
DA:475,0
DA:477,0
DA:478,0
DA:491,1
DA:493,1
DA:494,1
DA:495,1
DA:496,1
DA:498,1
DA:499,1
DA:500,1
DA:502,1
DA:504,1
DA:505,2
DA:506,3
DA:510,3
DA:511,1
DA:512,1
DA:513,1
DA:514,2
DA:515,1
DA:516,1
DA:517,1
DA:518,1
DA:521,5
DA:525,5
DA:527,2
DA:528,5
DA:530,1
DA:534,0
DA:535,0
DA:537,0
DA:538,0
DA:540,0
DA:542,0
DA:543,0
DA:544,0
DA:547,0
DA:548,0
DA:549,0
DA:550,0
DA:551,0
DA:554,0
DA:562,1
DA:563,2
DA:564,1
DA:566,2
DA:568,0
DA:570,0
DA:572,0
DA:579,2
DA:580,1
DA:582,4
DA:583,4
DA:584,1
DA:585,2
DA:586,2
DA:587,1
DA:588,1
DA:589,1
DA:590,1
DA:591,1
DA:592,1
DA:593,1
DA:618,1
DA:636,1
DA:638,0
DA:640,0
DA:642,0
DA:643,0
DA:644,0
DA:645,0
DA:647,0
DA:648,0
DA:654,0
DA:655,0
DA:656,0
DA:659,0
DA:660,0
DA:669,0
DA:672,0
DA:674,0
DA:675,0
DA:677,0
DA:678,0
DA:679,0
DA:680,0
DA:682,0
DA:683,0
DA:684,0
DA:685,0
DA:687,0
DA:688,0
DA:691,0
DA:692,0
DA:693,0
DA:694,0
DA:695,0
DA:706,1
DA:707,3
DA:710,1
DA:711,0
DA:712,0
DA:713,0
DA:715,5
DA:721,1
DA:723,1
DA:726,5
DA:727,2
DA:730,1
DA:731,1
DA:732,2
DA:733,2
DA:735,1
DA:738,1
DA:740,1
DA:741,1
DA:742,1
DA:743,1
DA:744,1
DA:745,1
DA:751,1
DA:752,1
DA:753,2
DA:754,0
DA:756,0
DA:757,0
DA:758,0
DA:759,0
DA:764,0
DA:765,0
DA:766,0
DA:767,0
DA:769,0
DA:771,0
DA:772,0
DA:773,0
DA:775,0
DA:777,0
DA:787,1
DA:789,3
DA:790,3
DA:792,3
DA:794,4
DA:795,1
DA:797,1
DA:799,1
DA:800,1
DA:802,0
DA:805,0
DA:807,0
DA:808,0
DA:810,0
DA:812,0
DA:813,0
DA:816,2
DA:817,2
DA:828,1
DA:830,1
DA:831,3
DA:832,0
DA:833,0
DA:834,0
DA:835,0
DA:837,0
DA:841,0
DA:842,0
DA:843,0
DA:844,0
DA:854,0
DA:855,0
DA:858,3
DA:859,0
DA:861,0
DA:862,0
DA:867,4
DA:868,1
DA:871,2
DA:872,1
DA:874,1
DA:875,2
DA:882,2
DA:884,0
DA:886,0
DA:887,0
DA:888,0
DA:892,3
DA:894,0
DA:896,0
DA:898,0
DA:899,0
DA:902,0
DA:903,0
DA:905,0
DA:906,0
DA:907,0
DA:915,2
DA:916,1
DA:917,1
DA:918,2
DA:919,1
DA:920,1
DA:924,1
DA:925,3
DA:926,1
DA:928,1
DA:929,0
DA:932,0
DA:933,0
DA:934,0
DA:935,0
DA:936,0
DA:937,0
DA:944,0
DA:946,0
DA:948,0
DA:949,0
DA:950,0
DA:951,0
DA:953,0
DA:954,0
DA:955,0
DA:957,0
DA:958,0
DA:959,0
DA:960,0
DA:961,0
DA:962,0
DA:964,0
DA:968,0
DA:969,0
DA:978,0
DA:984,0
DA:985,0
DA:987,0
DA:989,0
DA:990,0
DA:995,0
DA:996,0
DA:997,0
DA:998,0
DA:999,0
DA:1001,0
DA:1002,0
DA:1007,0
DA:1008,0
DA:1009,0
DA:1010,0
DA:1011,0
DA:1012,0
DA:1014,0
DA:1015,0
DA:1024,0
DA:1025,0
DA:1026,0
DA:1027,0
LF:431
LH:228
end_of_record
SF:lib/container/grades_chart_container.dart
DA:13,23
DA:14,0
DA:16,2
DA:18,2
DA:20,2
DA:21,2
DA:22,8
DA:23,0
DA:24,0
DA:25,0
DA:26,10
DA:27,8
DA:29,2
DA:30,2
DA:31,2
DA:32,10
DA:34,2
DA:38,2
DA:39,8
DA:42,2
DA:43,4
DA:44,6
DA:47,2
DA:48,2
DA:50,2
DA:51,4
DA:62,2
LF:27
LH:23
end_of_record
SF:lib/ui/grades_chart.dart
DA:15,1
DA:27,2
DA:32,2
DA:33,2
DA:35,2
DA:37,14
DA:38,2
DA:39,2
DA:40,4
DA:41,6
DA:42,2
DA:43,4
DA:44,2
DA:45,2
DA:46,2
DA:48,4
DA:49,8
DA:50,6
DA:51,2
DA:52,2
DA:55,2
DA:58,2
DA:62,4
DA:63,4
DA:64,6
DA:65,10
DA:66,6
DA:67,10
DA:68,2
DA:71,2
DA:76,0
DA:80,2
DA:81,10
DA:85,12
DA:86,2
DA:87,0
DA:90,8
DA:94,4
DA:95,9
DA:96,2
DA:98,2
DA:99,2
DA:100,2
DA:102,2
DA:104,0
DA:105,0
DA:107,0
DA:108,0
DA:109,0
DA:111,0
DA:115,2
DA:117,6
DA:118,2
DA:119,3
DA:120,2
DA:121,2
DA:122,2
DA:124,2
DA:125,2
DA:127,2
DA:128,1
DA:129,1
DA:134,2
DA:135,2
DA:136,1
DA:138,3
DA:139,3
DA:140,3
DA:141,2
DA:142,3
DA:143,2
DA:144,1
DA:146,1
DA:147,2
DA:148,1
DA:149,1
DA:150,1
DA:151,1
DA:152,1
DA:155,1
DA:157,3
DA:162,0
DA:167,2
DA:180,2
DA:181,2
DA:187,2
DA:189,4
DA:193,2
DA:194,2
DA:195,2
DA:196,2
DA:197,2
DA:200,2
DA:201,2
DA:207,2
DA:209,4
DA:215,2
DA:216,1
DA:217,1
DA:218,1
DA:219,1
DA:221,1
DA:223,1
DA:224,1
DA:225,1
DA:230,2
DA:231,1
DA:246,1
DA:247,1
DA:248,1
DA:249,1
DA:254,1
DA:256,1
DA:257,2
DA:262,1
DA:264,1
DA:266,1
DA:271,6
DA:272,1
DA:273,3
DA:275,1
DA:276,1
DA:282,1
DA:283,1
DA:286,1
DA:287,4
DA:291,3
DA:292,1
DA:298,1
DA:299,1
DA:300,1
DA:302,1
DA:303,1
DA:304,1
DA:305,1
DA:306,2
DA:315,1
DA:321,1
DA:322,1
DA:323,1
LF:140
LH:131
end_of_record
SF:lib/container/grades_page_container.dart
DA:13,12
DA:15,1
DA:17,1
DA:18,1
DA:19,1
DA:21,2
DA:23,2
DA:26,1
DA:27,1
DA:47,1
DA:49,1
DA:50,1
DA:51,1
DA:52,4
DA:53,3
DA:54,2
DA:55,4
DA:56,5
DA:57,4
DA:58,0
DA:60,2
DA:61,3
DA:62,3
DA:67,1
DA:70,3
DA:71,3
DA:73,3
DA:74,0
DA:76,1
DA:77,1
DA:80,1
DA:83,4
LF:32
LH:30
end_of_record
SF:lib/container/grades_page_container.g.dart
DA:25,1
DA:27,3
DA:29,1
DA:37,1
DA:38,1
DA:39,1
DA:40,1
DA:41,1
DA:42,1
DA:43,1
DA:44,1
DA:45,1
DA:46,2
DA:48,1
DA:49,1
DA:50,1
DA:51,1
DA:54,0
DA:57,0
DA:59,0
DA:61,0
DA:63,1
DA:66,1
DA:67,3
DA:68,3
DA:69,3
DA:70,3
DA:71,3
DA:72,3
DA:73,3
DA:76,0
DA:78,0
DA:79,0
DA:80,0
DA:81,0
DA:82,0
DA:83,0
DA:84,0
DA:85,0
DA:86,0
DA:87,0
DA:88,0
DA:89,0
DA:92,0
DA:94,0
DA:95,0
DA:96,0
DA:97,0
DA:98,0
DA:99,0
DA:100,0
DA:101,0
DA:102,0
DA:111,1
DA:112,2
DA:113,1
DA:114,2
DA:117,3
DA:118,1
DA:119,2
DA:122,3
DA:123,3
DA:126,3
DA:127,1
DA:128,2
DA:131,3
DA:132,1
DA:133,2
DA:136,3
DA:137,3
DA:140,3
DA:141,3
DA:143,1
DA:145,1
DA:146,1
DA:148,0
DA:149,0
DA:150,0
DA:151,0
DA:152,0
DA:153,0
DA:154,0
DA:155,0
DA:160,1
DA:162,1
DA:163,1
DA:166,1
DA:168,1
DA:171,1
DA:175,1
DA:176,1
DA:177,2
DA:178,1
DA:179,1
DA:182,1
DA:183,1
DA:184,1
DA:185,1
DA:188,1
DA:189,1
DA:192,1
DA:193,1
DA:194,1
DA:195,1
DA:200,0
DA:202,0
DA:203,0
DA:207,1
LF:108
LH:70
end_of_record
SF:lib/ui/grades_page.dart
DA:15,1
DA:20,1
DA:21,1
DA:23,1
DA:24,1
DA:26,1
DA:27,1
DA:28,1
DA:29,1
DA:30,1
DA:31,2
DA:32,1
DA:33,1
DA:34,2
DA:36,1
DA:37,1
DA:38,3
DA:39,2
DA:40,1
DA:44,1
DA:45,0
DA:46,0
DA:53,4
DA:55,4
DA:59,1
DA:60,1
DA:61,3
DA:62,1
DA:63,1
DA:64,2
DA:65,1
DA:70,3
DA:71,1
DA:72,1
DA:73,1
DA:75,1
DA:77,1
DA:81,3
DA:87,1
LF:39
LH:37
end_of_record
SF:lib/container/home_page.g.dart
DA:13,0
DA:15,0
DA:17,0
DA:18,0
DA:19,0
DA:22,0
DA:25,0
DA:27,0
DA:29,0
DA:31,0
DA:34,0
DA:37,0
DA:39,0
DA:42,0
DA:44,0
DA:45,0
DA:46,0
DA:56,0
DA:57,0
DA:59,0
DA:61,0
DA:62,0
DA:64,0
DA:65,0
DA:70,0
DA:72,0
DA:73,0
DA:76,0
DA:78,0
DA:81,0
DA:83,0
DA:84,0
DA:85,0
DA:86,0
DA:87,0
LF:35
LH:0
end_of_record
SF:lib/container/home_page.dart
DA:13,0
DA:15,0
DA:16,0
DA:17,0
DA:21,0
DA:22,0
DA:36,0
DA:38,0
DA:39,0
DA:40,0
LF:10
LH:0
end_of_record
SF:lib/ui/home_page_content.dart
DA:13,0
DA:16,0
DA:17,0
DA:19,0
DA:20,0
DA:21,0
DA:22,0
DA:23,0
DA:24,0
DA:25,0
DA:26,0
DA:28,0
DA:30,0
DA:31,0
DA:32,0
LF:15
LH:0
end_of_record
SF:lib/container/homework_filter_container.g.dart
DA:15,1
DA:17,3
DA:19,1
DA:20,1
DA:21,1
DA:22,1
DA:23,1
DA:24,1
DA:27,0
DA:29,0
DA:31,0
DA:33,0
DA:35,1
DA:38,1
DA:39,3
DA:40,3
DA:43,0
DA:45,0
DA:48,0
DA:50,0
DA:51,0
DA:52,0
DA:53,0
DA:62,1
DA:63,2
DA:64,1
DA:65,2
DA:68,1
DA:69,2
DA:70,1
DA:71,2
DA:73,1
DA:75,1
DA:76,1
DA:78,0
DA:79,0
DA:80,0
DA:85,1
DA:87,1
DA:88,1
DA:91,1
DA:93,1
DA:96,1
DA:100,1
DA:101,1
DA:102,2
DA:103,2
DA:108,0
DA:110,0
DA:112,0
DA:113,0
DA:117,1
LF:52
LH:34
end_of_record
SF:lib/container/homework_filter_container.dart
DA:14,1
DA:16,1
DA:17,1
DA:18,1
DA:20,0
DA:21,0
DA:24,1
DA:25,1
DA:26,1
DA:27,4
DA:28,3
DA:44,1
LF:12
LH:10
end_of_record
SF:lib/ui/homework_filter.dart
DA:15,1
DA:16,1
DA:18,1
DA:19,1
DA:24,1
DA:26,1
DA:27,1
DA:29,1
DA:31,1
DA:32,1
DA:35,4
DA:39,1
DA:40,1
DA:41,0
DA:43,0
DA:44,0
DA:45,0
DA:46,0
DA:47,0
DA:48,0
DA:51,4
DA:53,1
DA:54,0
DA:56,0
DA:57,0
DA:58,0
DA:59,0
DA:60,0
DA:61,0
DA:64,4
DA:65,1
DA:66,0
DA:68,0
DA:69,0
DA:70,0
DA:71,0
DA:74,4
DA:80,1
LF:38
LH:19
end_of_record
SF:lib/container/login_page.dart
DA:10,0
DA:12,0
DA:13,0
DA:14,0
DA:16,0
DA:17,0
DA:18,0
DA:19,0
DA:20,0
DA:21,0
DA:22,0
DA:23,0
DA:27,0
DA:28,0
DA:29,0
DA:30,0
DA:31,0
DA:32,0
DA:33,0
DA:34,0
DA:38,0
DA:39,0
DA:40,0
DA:41,0
DA:44,0
DA:45,0
DA:62,0
DA:63,0
DA:64,0
DA:65,0
DA:66,0
DA:68,0
DA:69,0
DA:70,0
DA:71,0
DA:72,0
LF:36
LH:0
end_of_record
SF:lib/ui/login_page_content.dart
DA:27,0
DA:36,0
DA:38,0
DA:39,0
DA:60,0
DA:62,0
DA:63,0
DA:64,0
DA:66,0
DA:67,0
DA:68,0
DA:69,0
DA:70,0
DA:71,0
DA:76,0
DA:77,0
DA:81,0
DA:84,0
DA:86,0
DA:87,0
DA:88,0
DA:91,0
DA:94,0
DA:95,0
DA:96,0
DA:98,0
DA:100,0
DA:101,0
DA:102,0
DA:103,0
DA:105,0
DA:106,0
DA:107,0
DA:109,0
DA:110,0
DA:111,0
DA:112,0
DA:113,0
DA:114,0
DA:115,0
DA:116,0
DA:117,0
DA:121,0
DA:123,0
DA:124,0
DA:125,0
DA:126,0
DA:131,0
DA:132,0
DA:134,0
DA:135,0
DA:136,0
DA:137,0
DA:139,0
DA:141,0
DA:142,0
DA:143,0
DA:144,0
DA:145,0
DA:149,0
DA:153,0
DA:157,0
DA:158,0
DA:160,0
DA:161,0
DA:162,0
DA:163,0
DA:164,0
DA:165,0
DA:166,0
DA:167,0
DA:171,0
DA:172,0
DA:176,0
DA:186,0
DA:188,0
DA:189,0
DA:193,0
DA:196,0
DA:198,0
DA:200,0
DA:202,0
DA:203,0
DA:204,0
DA:205,0
DA:212,0
DA:214,0
DA:215,0
DA:217,0
DA:218,0
DA:219,0
DA:222,0
DA:223,0
DA:228,0
DA:230,0
DA:232,0
DA:235,0
DA:236,0
DA:238,0
DA:239,0
DA:241,0
DA:242,0
DA:243,0
DA:246,0
DA:248,0
DA:250,0
DA:252,0
DA:253,0
DA:258,0
DA:264,0
DA:268,0
DA:269,0
DA:275,0
DA:276,0
DA:277,0
DA:278,0
DA:294,0
DA:295,0
DA:297,0
DA:300,0
DA:302,0
DA:303,0
DA:304,0
DA:305,0
DA:306,0
DA:307,0
DA:311,0
DA:312,0
DA:314,0
DA:315,0
DA:317,0
DA:321,0
DA:323,0
DA:324,0
DA:325,0
DA:326,0
DA:327,0
DA:328,0
DA:333,0
DA:334,0
DA:335,0
DA:337,0
DA:338,0
DA:339,0
DA:340,0
DA:341,0
DA:342,0
DA:343,0
DA:344,0
DA:345,0
DA:348,0
DA:349,0
DA:350,0
DA:351,0
DA:352,0
DA:356,0
DA:357,0
DA:362,0
DA:367,0
DA:371,0
DA:372,0
DA:374,0
DA:375,0
DA:376,0
DA:380,0
DA:381,0
DA:388,0
DA:389,0
DA:391,0
DA:392,0
DA:393,0
DA:394,0
DA:395,0
DA:400,0
DA:401,0
DA:402,0
DA:403,0
DA:405,0
DA:406,0
DA:407,0
DA:408,0
DA:409,0
DA:416,0
LF:183
LH:0
end_of_record
SF:lib/container/messages_container.dart
DA:10,0
DA:12,0
DA:13,0
DA:14,0
DA:15,0
DA:16,0
DA:17,0
DA:18,0
DA:19,0
DA:22,0
DA:23,0
LF:11
LH:0
end_of_record
SF:lib/ui/messages.dart
DA:23,0
DA:30,0
DA:31,0
DA:33,0
DA:37,0
DA:38,0
DA:41,0
DA:42,0
DA:43,0
DA:44,0
DA:45,0
DA:46,0
DA:47,0
DA:48,0
DA:50,0
DA:54,0
DA:55,0
DA:56,0
DA:57,0
DA:58,0
DA:59,0
DA:60,0
DA:61,0
DA:62,0
DA:63,0
DA:81,0
DA:89,0
DA:91,0
DA:92,0
DA:97,0
DA:99,0
DA:100,0
DA:103,0
DA:105,0
DA:106,0
DA:108,0
DA:109,0
DA:110,0
DA:111,0
DA:112,0
DA:113,0
DA:116,0
DA:117,0
DA:118,0
DA:119,0
DA:120,0
DA:121,0
DA:124,0
DA:125,0
DA:127,0
DA:132,0
DA:133,0
DA:136,0
DA:139,0
DA:141,0
DA:142,0
DA:143,0
DA:144,0
DA:149,0
DA:150,0
DA:151,0
DA:155,0
DA:156,0
DA:157,0
DA:162,0
DA:166,0
DA:167,0
DA:168,0
DA:173,0
DA:178,0
DA:179,0
DA:185,0
DA:186,0
DA:187,0
DA:188,0
DA:189,0
DA:203,0
DA:204,0
DA:205,0
LF:79
LH:0
end_of_record
SF:lib/container/network_protocol_container.dart
DA:9,0
DA:11,0
DA:12,0
DA:13,0
DA:15,0
DA:16,0
LF:6
LH:0
end_of_record
SF:lib/ui/network_protocol.dart
DA:10,0
DA:11,0
DA:13,0
DA:17,0
DA:18,0
DA:19,0
DA:20,0
DA:21,0
DA:31,0
DA:32,0
DA:34,0
DA:35,0
DA:36,0
DA:37,0
DA:39,0
DA:41,0
DA:43,0
DA:54,0
DA:55,0
DA:57,0
DA:59,0
DA:61,0
DA:62,0
DA:63,0
DA:64,0
DA:65,0
DA:67,0
DA:68,0
DA:69,0
DA:74,0
LF:30
LH:0
end_of_record
SF:lib/container/notification_icon_container.dart
DA:9,1
DA:11,1
DA:12,1
DA:13,1
DA:15,2
DA:18,1
DA:19,3
LF:7
LH:7
end_of_record
SF:lib/ui/notification_icon.dart
DA:8,1
DA:10,1
DA:11,1
DA:13,2
DA:14,1
DA:16,1
DA:17,1
DA:18,2
DA:21,1
DA:24,1
LF:10
LH:10
end_of_record
SF:lib/container/notifications_page_container.dart
DA:11,1
DA:13,1
DA:15,1
DA:16,1
DA:17,1
DA:18,1
DA:19,2
DA:20,2
DA:21,2
DA:24,1
DA:25,1
DA:26,3
DA:27,1
LF:13
LH:13
end_of_record
SF:lib/ui/notifications_page.dart
DA:16,1
DA:23,1
DA:24,1
DA:26,1
DA:27,1
DA:30,1
DA:32,2
DA:33,1
DA:34,1
DA:36,3
DA:40,1
DA:41,3
DA:42,1
DA:43,1
DA:44,1
[...]
DA:67,0
DA:68,0
DA:69,0
DA:70,0
DA:72,0
DA:73,0
DA:74,0
DA:78,0
DA:81,0
DA:82,0
DA:84,0
DA:85,0
DA:86,0
DA:87,0
DA:88,0
DA:89,0
DA:92,0
DA:93,0
DA:94,0
DA:95,0
DA:96,0
DA:97,0
DA:98,0
DA:99,0
DA:100,0
DA:108,0
DA:112,0
DA:114,0
DA:115,0
DA:116,0
DA:117,0
DA:118,0
DA:120,0
DA:121,0
DA:125,0
DA:128,0
DA:129,0
DA:130,0
DA:131,0
DA:132,0
DA:133,0
DA:140,0
DA:144,0
DA:145,0
DA:146,0
DA:147,0
DA:149,0
DA:150,0
DA:161,0
DA:165,0
DA:167,0
DA:169,0
DA:170,0
DA:171,0
DA:172,0
DA:173,0
DA:175,0
DA:177,0
DA:178,0
DA:179,0
DA:180,0
DA:181,0
DA:182,0
DA:185,0
DA:187,0
DA:188,0
DA:190,0
DA:194,0
LF:98
LH:5
end_of_record
SF:lib/middleware/middleware.dart
DA:56,1
DA:58,3
DA:60,3
DA:63,3
DA:64,0
DA:65,3
DA:66,3
DA:67,6
DA:68,6
DA:69,6
DA:70,6
DA:71,6
DA:72,6
DA:73,6
DA:74,6
DA:75,6
DA:76,6
DA:77,6
DA:78,6
DA:79,6
DA:80,6
DA:81,6
DA:82,6
DA:83,6
DA:84,6
DA:85,6
DA:86,6
DA:87,6
DA:88,3
DA:91,0
DA:93,0
DA:94,0
DA:95,0
DA:99,0
DA:105,0
DA:107,0
DA:109,0
DA:110,0
DA:111,0
DA:113,0
DA:115,0
DA:116,0
DA:117,0
DA:118,0
DA:120,0
DA:121,0
DA:122,0
DA:126,0
DA:128,0
DA:129,0
DA:130,0
DA:131,0
DA:132,0
DA:133,0
DA:138,0
DA:140,0
DA:143,0
DA:148,0
DA:159,0
DA:170,0
DA:171,0
DA:174,0
DA:176,0
DA:181,0
DA:183,0
DA:187,0
DA:191,0
DA:192,0
DA:193,0
DA:194,0
DA:196,0
DA:197,0
DA:202,0
DA:203,0
DA:207,1
DA:209,2
DA:210,3
DA:212,4
DA:213,2
DA:214,2
DA:215,2
DA:216,2
DA:217,1
DA:218,1
DA:219,0
DA:220,1
DA:222,4
DA:223,2
DA:224,3
DA:225,0
DA:227,0
DA:228,0
DA:231,0
DA:232,0
DA:233,0
DA:234,0
DA:235,0
DA:236,0
DA:237,0
DA:238,0
DA:242,4
DA:247,0
DA:249,0
DA:250,0
DA:251,0
DA:254,0
DA:256,0
DA:257,0
DA:258,0
DA:261,0
DA:262,0
DA:263,0
DA:267,0
DA:268,0
DA:269,0
DA:270,0
DA:271,0
DA:272,0
DA:277,0
DA:278,0
DA:279,0
DA:280,0
DA:281,0
DA:282,0
DA:283,0
DA:284,0
DA:285,0
DA:286,0
DA:287,0
DA:288,0
DA:289,0
DA:296,0
DA:298,0
DA:299,0
DA:301,0
DA:302,0
DA:303,0
DA:307,0
DA:308,0
DA:309,0
DA:311,0
DA:314,0
DA:316,0
DA:318,0
DA:319,0
DA:321,0
DA:322,0
DA:329,1
DA:335,3
DA:337,6
DA:338,6
DA:339,9
DA:340,3
DA:341,1
DA:343,4
DA:347,1
DA:348,5
DA:351,1
DA:354,3
DA:355,1
DA:356,3
DA:359,1
DA:360,4
DA:363,1
DA:366,2
DA:373,2
DA:375,1
DA:380,1
DA:381,2
DA:384,1
DA:385,3
DA:388,0
DA:389,0
DA:392,1
DA:397,2
DA:398,4
DA:401,1
DA:406,2
DA:408,4
DA:411,0
DA:416,0
DA:417,0
DA:418,0
DA:419,0
DA:420,0
DA:424,0
DA:429,0
DA:430,0
DA:431,0
DA:432,0
DA:433,0
DA:434,0
DA:435,0
DA:436,0
DA:439,0
DA:440,0
DA:441,0
DA:444,0
DA:445,0
DA:446,0
DA:448,0
DA:449,0
DA:450,0
DA:451,0
DA:452,0
DA:453,0
DA:454,0
DA:455,0
DA:456,0
DA:461,0
DA:462,0
DA:464,0
DA:465,0
DA:466,0
DA:470,0
DA:472,0
DA:474,0
DA:477,0
DA:480,0
DA:481,0
DA:483,0
DA:484,0
DA:485,0
DA:488,0
DA:489,0
DA:490,0
DA:493,0
DA:494,0
DA:495,0
DA:498,0
DA:499,0
DA:500,0
DA:503,0
DA:504,0
DA:505,0
DA:509,0
DA:513,1
DA:514,1
DA:515,0
DA:516,2
DA:520,0
DA:521,0
DA:523,0
DA:524,0
DA:532,0
DA:533,0
DA:534,0
DA:537,0
DA:538,0
LF:249
LH:76
end_of_record
SF:lib/middleware/absences.dart
DA:3,6
DA:4,3
DA:5,6
DA:7,0
DA:11,0
DA:12,0
DA:14,0
DA:16,0
DA:18,0
LF:9
LH:3
end_of_record
SF:lib/middleware/calendar.dart
DA:3,6
DA:4,3
DA:5,6
DA:7,0
DA:11,0
DA:13,0
DA:14,0
DA:15,0
DA:18,0
DA:20,0
LF:10
LH:3
end_of_record
SF:lib/middleware/certificate.dart
DA:3,6
DA:4,3
DA:5,6
DA:7,0
DA:11,0
DA:12,0
DA:14,0
DA:16,0
DA:18,0
LF:9
LH:3
end_of_record
SF:lib/middleware/dashboard.dart
DA:3,9
DA:5,6
DA:6,6
DA:7,6
DA:8,6
DA:9,6
DA:10,6
DA:11,6
DA:12,6
DA:14,0
DA:16,0
DA:18,0
DA:19,0
DA:20,0
DA:22,0
DA:23,0
DA:24,0
DA:27,0
DA:28,0
DA:29,0
DA:30,0
DA:31,0
DA:32,0
DA:33,0
DA:34,0
DA:35,0
DA:40,0
DA:44,0
DA:45,0
DA:48,0
DA:52,0
DA:53,0
DA:55,0
DA:56,0
DA:57,0
DA:61,0
DA:62,0
DA:65,0
DA:66,0
DA:67,0
DA:68,0
DA:69,0
DA:74,0
DA:78,0
DA:80,0
DA:81,0
DA:84,0
DA:85,0
DA:87,0
DA:88,0
DA:93,0
DA:97,0
DA:98,0
DA:100,0
DA:101,0
DA:102,0
DA:103,0
DA:106,0
DA:109,0
DA:111,0
DA:112,0
DA:113,0
DA:114,0
DA:115,0
DA:116,0
DA:117,0
DA:121,0
DA:122,0
DA:127,0
DA:131,0
DA:132,0
DA:134,0
DA:137,0
DA:141,0
DA:142,0
DA:143,0
DA:144,0
DA:147,0
DA:148,0
DA:149,0
DA:150,0
DA:151,0
DA:153,0
DA:155,0
DA:156,0
DA:157,0
DA:158,0
DA:159,0
DA:160,0
DA:161,0
DA:165,0
DA:169,0
DA:170,0
DA:171,0
DA:172,0
LF:95
LH:9
end_of_record
SF:lib/middleware/login.dart
DA:3,6
DA:4,3
DA:5,6
DA:6,6
DA:7,6
DA:8,6
DA:9,6
DA:10,6
DA:11,6
DA:12,6
DA:13,6
DA:15,1
DA:17,5
DA:18,3
DA:20,1
DA:21,1
DA:22,3
DA:23,3
DA:24,0
DA:25,0
DA:30,5
DA:31,4
DA:33,2
DA:34,0
DA:35,0
DA:37,2
DA:38,2
DA:39,1
DA:40,4
DA:41,3
DA:45,0
DA:47,0
DA:48,0
DA:49,0
DA:50,0
DA:51,0
DA:52,0
DA:53,0
DA:59,0
DA:60,0
DA:62,0
DA:65,0
DA:68,0
DA:70,0
DA:71,0
DA:72,0
DA:73,0
DA:76,0
DA:77,0
DA:78,0
DA:79,0
DA:80,0
DA:83,0
DA:84,0
DA:85,0
DA:87,0
DA:88,0
DA:89,0
DA:90,0
DA:91,0
DA:92,0
DA:95,0
DA:98,0
DA:99,0
DA:100,0
DA:101,0
DA:102,0
DA:105,0
DA:106,0
DA:107,0
DA:109,0
DA:111,0
DA:112,0
DA:113,0
DA:114,0
DA:115,0
DA:116,0
DA:117,0
DA:123,0
DA:124,0
DA:125,0
DA:126,0
DA:131,0
DA:135,0
DA:136,0
DA:137,0
DA:138,0
DA:139,0
DA:140,0
DA:142,0
DA:144,0
DA:147,0
DA:148,0
DA:149,0
DA:150,0
DA:151,0
DA:154,0
DA:155,0
DA:156,0
DA:157,0
DA:158,0
DA:159,0
DA:160,0
DA:163,0
DA:164,0
DA:168,0
DA:172,0
DA:174,0
DA:175,0
DA:178,0
DA:182,0
DA:183,0
DA:186,0
DA:191,0
DA:192,0
DA:193,0
DA:194,0
DA:195,0
DA:198,0
DA:199,0
DA:200,0
DA:201,0
DA:203,0
DA:204,0
DA:208,0
DA:213,0
DA:214,0
DA:215,0
DA:217,0
DA:218,0
DA:220,0
DA:223,0
DA:224,0
DA:225,0
DA:226,0
DA:228,0
DA:232,0
DA:236,0
DA:238,0
DA:239,0
DA:240,0
DA:241,0
DA:242,0
DA:243,0
DA:244,0
DA:245,0
DA:246,0
DA:247,0
DA:248,0
DA:251,0
DA:253,0
DA:254,0
DA:255,0
DA:260,0
DA:261,0
DA:264,0
DA:268,0
DA:269,0
DA:270,0
DA:271,0
DA:272,0
DA:273,0
DA:274,0
DA:275,0
DA:276,0
DA:277,0
DA:278,0
DA:279,0
DA:280,0
DA:281,0
DA:283,0
DA:285,0
DA:286,0
DA:287,0
DA:288,0
DA:289,0
DA:290,0
DA:291,0
DA:292,0
DA:295,0
DA:296,0
DA:297,0
DA:298,0
DA:299,0
DA:300,0
DA:302,0
DA:303,0
DA:305,0
DA:307,0
DA:311,0
DA:313,0
DA:315,0
DA:319,0
DA:321,0
DA:322,0
DA:323,0
DA:329,0
DA:330,0
LF:198
LH:26
end_of_record
SF:lib/middleware/messages.dart
DA:3,6
DA:4,3
DA:5,6
DA:6,6
DA:7,6
DA:8,6
DA:10,0
DA:14,0
DA:15,0
DA:16,0
DA:18,0
DA:20,0
DA:24,0
DA:28,0
DA:29,0
DA:32,0
DA:34,0
DA:35,0
DA:36,0
DA:38,0
DA:41,0
DA:45,0
DA:46,0
DA:48,0
DA:50,0
LF:25
LH:6
end_of_record
SF:lib/middleware/notifications.dart
DA:3,6
DA:4,3
DA:5,6
DA:6,6
DA:7,6
DA:9,0
DA:13,0
DA:15,0
DA:16,0
DA:19,0
DA:21,0
DA:25,0
DA:29,0
DA:30,0
DA:31,0
DA:32,0
DA:35,0
DA:39,0
DA:40,0
DA:41,0
DA:42,0
DA:44,0
DA:46,0
DA:48,0
LF:24
LH:5
end_of_record
SF:lib/middleware/pass.dart
DA:3,6
DA:4,3
DA:5,6
DA:6,6
DA:7,6
DA:8,6
DA:10,0
DA:14,0
DA:15,0
DA:16,0
DA:17,0
DA:18,0
DA:19,0
DA:21,0
DA:22,0
DA:26,0
DA:27,0
DA:28,0
DA:34,0
DA:38,0
DA:39,0
DA:40,0
DA:41,0
DA:42,0
DA:44,0
DA:48,0
DA:50,0
DA:51,0
DA:54,0
DA:56,0
DA:57,0
DA:58,0
DA:59,0
DA:60,0
DA:61,0
DA:62,0
DA:63,0
DA:69,0
DA:73,0
DA:74,0
DA:76,0
DA:77,0
DA:78,0
DA:79,0
DA:80,0
LF:45
LH:6
end_of_record
SF:lib/middleware/profile.dart
DA:3,9
DA:5,6
DA:6,6
DA:7,6
DA:9,0
DA:13,0
DA:14,0
DA:15,0
DA:17,0
DA:20,0
DA:23,0
DA:27,0
DA:28,0
DA:30,0
DA:31,0
DA:35,0
DA:40,0
DA:44,0
DA:45,0
DA:47,0
DA:48,0
DA:49,0
DA:53,0
DA:56,0
DA:57,0
DA:58,0
DA:60,0
DA:62,0
LF:28
LH:4
end_of_record
SF:lib/middleware/settings.dart
DA:3,6
DA:4,3
DA:5,6
DA:6,6
DA:7,6
DA:9,1
DA:13,2
DA:14,2
DA:15,5
LF:9
LH:9
end_of_record
SF:lib/ui/sidebar.dart
DA:11,1
DA:30,1
DA:48,1
DA:50,1
DA:51,1
DA:52,1
DA:53,1
DA:55,3
DA:60,1
DA:61,1
DA:64,1
DA:65,5
DA:66,1
DA:68,1
DA:69,1
DA:70,1
DA:71,4
DA:73,0
DA:77,0
DA:78,0
DA:82,0
DA:83,0
DA:84,0
DA:86,0
DA:92,1
DA:96,2
DA:99,1
DA:101,0
DA:102,3
DA:103,2
DA:104,4
DA:105,2
DA:106,3
DA:107,1
DA:108,1
DA:109,1
DA:110,2
DA:113,1
DA:115,1
DA:116,1
DA:117,2
DA:121,1
DA:124,2
DA:125,1
DA:126,1
DA:129,2
DA:130,1
DA:132,1
DA:135,2
DA:136,1
DA:138,1
DA:141,2
DA:142,1
DA:144,1
DA:148,2
DA:149,1
DA:151,1
DA:155,1
LF:58
LH:50
end_of_record
SF:lib/container/sorted_grades_container.dart
DA:15,1
DA:17,1
DA:18,1
DA:19,1
DA:21,1
DA:22,1
DA:24,2
DA:25,2
DA:26,2
DA:27,4
DA:28,1
DA:29,1
DA:30,2
DA:31,3
DA:55,1
DA:57,1
DA:58,1
DA:59,1
DA:60,4
DA:61,3
DA:62,4
DA:63,3
DA:64,2
DA:65,1
DA:66,3
LF:25
LH:25
end_of_record
SF:lib/container/sorted_grades_container.g.dart
DA:23,1
DA:25,3
DA:27,1
DA:34,1
DA:35,1
DA:36,1
DA:37,2
DA:39,1
DA:40,1
DA:41,1
DA:42,1
DA:45,0
DA:48,0
DA:50,0
DA:52,0
DA:54,1
DA:57,1
DA:58,3
DA:59,3
DA:60,3
DA:61,3
DA:62,0
DA:63,0
DA:66,0
DA:68,0
DA:69,0
DA:70,0
DA:71,0
DA:72,0
DA:73,0
DA:74,0
DA:75,0
DA:76,0
DA:77,0
DA:80,0
DA:82,0
DA:83,0
DA:84,0
DA:85,0
DA:86,0
DA:87,0
DA:88,0
DA:89,0
DA:98,1
DA:99,2
DA:100,3
DA:103,1
DA:104,2
DA:105,1
DA:107,2
DA:110,3
DA:111,3
DA:114,3
DA:115,3
DA:118,3
DA:119,1
DA:120,2
DA:123,3
DA:124,3
DA:126,1
DA:128,1
DA:129,1
DA:131,0
DA:132,0
DA:133,0
DA:134,0
DA:135,0
DA:136,0
DA:137,0
DA:142,1
DA:144,1
DA:145,1
DA:148,1
DA:150,1
DA:153,1
DA:157,1
DA:158,1
DA:159,2
DA:160,2
DA:161,2
DA:162,1
DA:163,1
DA:164,1
DA:165,1
DA:170,0
DA:172,0
DA:174,0
DA:176,0
DA:177,0
DA:181,1
LF:90
LH:52
end_of_record
SF:lib/ui/sorted_grades_widget.dart
DA:18,1
DA:25,1
DA:26,1
DA:28,1
DA:29,1
DA:30,1
DA:32,1
DA:33,2
DA:35,1
DA:37,1
DA:38,2
DA:43,2
DA:44,1
DA:46,2
DA:47,3
DA:48,2
DA:49,2
DA:50,2
DA:51,3
DA:52,0
DA:55,3
DA:56,4
DA:57,0
DA:60,0
DA:66,1
DA:68,1
DA:69,1
DA:76,1
DA:90,1
DA:99,1
DA:101,1
DA:102,1
DA:108,1
DA:110,4
DA:111,1
DA:114,1
DA:116,5
DA:117,1
DA:118,2
DA:119,1
DA:120,4
DA:121,1
DA:122,1
DA:123,3
DA:124,1
DA:125,2
DA:126,0
DA:133,1
DA:134,1
DA:136,1
DA:137,1
DA:138,5
DA:144,2
DA:145,1
DA:146,1
DA:148,3
DA:151,1
DA:152,1
DA:153,1
DA:158,1
DA:159,1
DA:160,1
DA:162,1
DA:163,1
DA:164,1
DA:165,1
DA:176,1
DA:181,1
DA:182,1
DA:183,2
DA:184,3
DA:185,2
DA:186,1
DA:187,1
DA:188,2
DA:189,3
DA:190,1
DA:195,1
DA:196,4
DA:197,1
DA:198,2
DA:199,1
DA:200,1
DA:206,2
DA:222,2
DA:223,1
DA:225,1
DA:226,1
DA:227,1
DA:228,1
DA:229,2
DA:230,2
DA:232,1
DA:234,1
DA:235,3
DA:236,0
DA:237,0
DA:238,0
DA:240,1
DA:241,9
DA:242,2
DA:244,1
DA:245,2
DA:246,3
DA:248,3
DA:249,0
DA:250,0
DA:251,0
DA:255,1
DA:256,2
DA:257,2
DA:261,3
DA:262,2
DA:263,1
DA:265,2
DA:275,1
DA:276,1
DA:277,1
DA:279,1
DA:280,1
DA:281,2
DA:282,2
DA:284,1
DA:285,13
DA:286,2
DA:296,1
DA:298,1
DA:299,1
DA:301,1
DA:303,1
DA:304,1
DA:305,1
DA:306,2
DA:307,1
DA:309,1
DA:310,1
DA:312,2
DA:313,3
DA:326,2
DA:327,1
DA:329,2
DA:337,1
DA:339,1
DA:340,1
DA:342,1
DA:343,1
DA:344,2
DA:345,1
DA:346,1
DA:350,1
DA:351,1
DA:353,1
DA:354,2
LF:153
LH:143
end_of_record
SF:lib/desktop.dart
DA:13,0
DA:14,0
DA:17,0
DA:18,0
DA:19,0
DA:29,0
DA:30,0
DA:31,0
DA:33,0
DA:34,0
DA:35,0
DA:37,0
DA:38,0
DA:40,0
DA:44,0
DA:46,0
DA:47,0
DA:49,0
DA:50,0
DA:54,0
DA:58,0
DA:62,0
DA:64,0
DA:68,0
DA:72,0
DA:76,0
DA:78,0
DA:82,0
DA:87,0
DA:91,0
DA:95,0
LF:31
LH:0
end_of_record
SF:lib/main.dart
DA:29,6
DA:35,0
DA:38,0
DA:39,0
DA:40,0
DA:41,0
DA:42,0
DA:43,0
DA:44,0
DA:45,0
DA:46,0
DA:47,0
DA:49,0
DA:50,0
DA:52,0
DA:53,0
DA:54,0
DA:55,0
DA:57,0
DA:60,0
DA:61,0
DA:66,0
DA:72,0
DA:84,0
DA:85,0
DA:86,0
DA:87,0
DA:88,0
DA:89,0
DA:90,0
DA:92,0
DA:93,0
DA:94,0
DA:96,0
DA:97,0
DA:98,0
DA:100,0
DA:101,0
DA:102,0
DA:104,0
DA:105,0
DA:106,0
DA:108,0
DA:109,0
DA:110,0
DA:112,0
DA:113,0
DA:114,0
DA:117,0
DA:118,0
DA:119,0
DA:122,0
DA:123,0
DA:124,0
DA:127,0
DA:128,0
DA:129,0
DA:133,0
DA:143,0
DA:144,0
DA:146,0
DA:147,0
DA:148,0
DA:149,0
DA:152,0
DA:153,0
DA:154,0
DA:155,0
DA:156,0
DA:159,0
DA:170,0
DA:171,0
DA:173,0
DA:174,0
DA:176,0
DA:177,0
DA:183,0
DA:184,0
DA:185,0
DA:186,0
LF:80
LH:1
end_of_record
SF:lib/reducer/reducer.dart
DA:17,30
DA:18,20
DA:19,20
DA:20,20
DA:21,20
DA:22,20
DA:23,20
DA:24,20
DA:25,20
DA:26,20
DA:27,20
DA:28,20
DA:29,20
DA:30,20
DA:31,20
DA:32,20
DA:34,0
DA:35,0
DA:38,0
DA:39,0
DA:42,1
DA:44,2
DA:47,1
DA:48,2
LF:24
LH:20
end_of_record
SF:lib/ui/grades_chart_page.dart
DA:7,12
DA:9,1
DA:11,1
DA:12,1
DA:15,1
DA:17,1
DA:23,1
LF:7
LH:7
end_of_record
SF:lib/serializers.dart
DA:17,4
DA:18,2
DA:20,1
DA:21,0
DA:22,1
DA:23,0
DA:24,1
DA:25,0
DA:27,1
DA:36,0
DA:39,0
DA:42,0
DA:45,0
LF:13
LH:6
end_of_record
SF:lib/serializers.g.dart
DA:9,4
DA:10,2
DA:11,2
DA:12,2
DA:13,2
DA:14,2
DA:15,2
DA:16,2
DA:17,2
DA:18,2
DA:19,2
DA:20,2
DA:21,2
DA:22,2
DA:23,2
DA:24,2
DA:25,2
DA:26,2
DA:27,2
DA:28,2
DA:29,2
DA:30,2
DA:31,2
DA:32,2
DA:33,2
DA:34,2
DA:35,2
DA:36,2
DA:37,2
DA:38,2
DA:39,2
DA:40,2
DA:41,2
DA:42,1
DA:44,0
DA:45,1
DA:47,2
DA:48,1
DA:50,0
DA:51,1
DA:53,0
DA:54,1
DA:57,0
DA:58,1
DA:60,0
DA:61,1
DA:63,0
DA:64,1
DA:66,2
DA:67,1
DA:69,0
DA:70,1
DA:72,2
DA:73,1
DA:75,0
DA:76,1
DA:78,0
DA:79,1
DA:81,0
DA:82,1
DA:84,0
DA:85,1
DA:87,2
DA:88,1
DA:91,2
DA:92,1
DA:97,0
DA:98,1
DA:103,0
DA:104,1
DA:109,0
DA:110,1
DA:113,2
DA:114,1
DA:117,2
DA:118,1
DA:120,2
DA:121,1
LF:78
LH:64
end_of_record
SF:lib/reducer/absences.dart
DA:9,30
DA:11,4
DA:12,4
DA:13,20
DA:15,2
DA:17,8
DA:20,2
DA:21,4
DA:22,2
DA:23,6
DA:24,6
DA:25,6
DA:26,6
DA:27,6
DA:28,10
DA:29,0
DA:31,6
DA:32,2
DA:33,2
DA:34,8
DA:35,6
DA:36,6
DA:37,0
DA:39,6
DA:40,4
DA:41,4
DA:42,2
DA:43,2
DA:44,2
DA:45,6
DA:46,8
DA:47,6
DA:48,6
DA:49,6
DA:54,10
DA:55,4
DA:56,0
DA:60,10
DA:61,4
DA:62,2
DA:68,2
DA:69,2
DA:70,2
DA:71,4
LF:44
LH:41
end_of_record
SF:lib/reducer/calendar.dart
DA:9,30
DA:11,2
DA:12,2
DA:14,20
DA:15,20
DA:17,0
DA:19,0
DA:20,0
DA:21,0
DA:23,0
DA:24,0
DA:26,0
DA:29,1
DA:31,2
DA:34,0
DA:46,0
DA:47,0
DA:49,0
DA:50,0
DA:51,0
DA:52,0
DA:53,0
DA:54,0
DA:55,0
DA:56,0
DA:59,0
DA:60,0
DA:65,0
DA:66,0
DA:67,0
DA:68,0
DA:69,0
DA:70,0
DA:71,0
DA:72,0
DA:74,0
DA:75,0
DA:76,0
DA:77,0
DA:78,0
DA:79,0
DA:82,0
DA:83,0
DA:84,0
DA:88,0
DA:89,0
DA:90,0
DA:91,0
DA:92,0
DA:93,0
DA:94,0
DA:95,0
DA:96,0
DA:97,0
DA:98,0
DA:99,0
LF:56
LH:7
end_of_record
SF:lib/reducer/certificate.dart
DA:6,30
DA:8,0
DA:9,0
DA:10,20
DA:12,0
DA:14,0
LF:6
LH:2
end_of_record
SF:lib/reducer/dashboard.dart
DA:12,30
DA:14,4
DA:15,4
DA:17,20
DA:18,20
DA:19,20
DA:20,20
DA:21,20
DA:22,20
DA:23,20
DA:24,20
DA:25,20
DA:27,20
DA:28,20
DA:29,20
DA:30,20
DA:32,1
DA:34,1
DA:35,3
DA:36,1
DA:38,1
DA:39,4
DA:42,1
DA:44,2
DA:45,2
DA:46,1
DA:47,1
DA:48,4
DA:51,0
DA:52,0
DA:53,0
DA:57,0
DA:61,1
DA:62,2
DA:63,3
DA:66,1
DA:67,4
DA:69,0
DA:70,0
DA:73,0
DA:74,0
DA:75,0
DA:76,0
DA:77,0
DA:78,0
DA:79,0
DA:80,0
DA:81,0
DA:84,1
DA:85,2
DA:86,4
DA:87,2
DA:88,2
DA:89,2
DA:90,3
DA:92,2
DA:93,0
DA:96,0
DA:97,0
DA:98,0
DA:99,0
DA:100,0
DA:101,0
DA:102,0
DA:103,0
DA:108,0
DA:110,1
DA:112,1
DA:113,0
DA:114,0
DA:116,0
DA:117,0
DA:120,0
DA:121,0
DA:122,0
DA:123,0
DA:124,0
DA:125,0
DA:127,0
DA:128,0
DA:129,0
DA:130,0
DA:131,0
DA:132,0
DA:135,2
DA:139,4
DA:141,1
DA:142,0
DA:143,0
DA:144,0
DA:146,2
DA:147,1
DA:150,1
DA:151,1
DA:152,3
DA:153,3
DA:157,0
DA:158,0
DA:159,0
DA:160,0
DA:161,0
DA:163,0
DA:169,2
DA:170,4
DA:171,1
DA:174,1
DA:175,2
DA:177,3
DA:178,3
DA:179,3
DA:180,3
DA:181,3
DA:182,3
DA:183,3
DA:184,3
DA:185,2
DA:187,0
DA:188,0
DA:189,0
DA:190,0
DA:192,2
DA:195,1
DA:198,0
DA:201,0
DA:204,0
DA:207,0
DA:214,1
DA:216,1
DA:218,0
DA:219,0
DA:224,0
DA:226,0
DA:227,0
DA:228,0
DA:229,0
DA:230,0
DA:231,0
DA:232,0
DA:233,0
DA:234,0
DA:237,0
DA:243,0
DA:245,0
DA:248,0
DA:250,0
DA:253,0
DA:255,0
DA:258,0
DA:260,0
DA:261,0
DA:262,0
DA:263,0
DA:264,0
DA:265,0
DA:266,0
DA:267,0
DA:268,0
DA:276,1
DA:278,1
DA:279,7
DA:282,1
DA:284,7
DA:285,2
DA:286,8
DA:287,5
DA:291,0
DA:293,0
DA:294,0
DA:295,0
DA:296,0
DA:297,0
DA:298,0
DA:299,0
DA:300,0
DA:301,0
DA:308,0
DA:310,0
DA:311,0
DA:312,0
DA:313,0
DA:314,0
DA:320,0
DA:322,0
DA:323,0
DA:324,0
DA:325,0
DA:326,0
DA:327,0
DA:328,0
DA:330,0
DA:331,0
DA:337,0
DA:339,0
DA:342,0
DA:344,0
DA:345,0
DA:346,0
DA:347,0
DA:348,0
DA:349,0
DA:350,0
DA:359,0
DA:361,0
DA:362,0
DA:363,0
DA:364,0
DA:365,0
DA:366,0
DA:367,0
DA:368,0
DA:369,0
DA:370,0
LF:212
LH:78
end_of_record
SF:lib/reducer/grades.dart
DA:12,30
DA:14,0
DA:15,0
DA:17,20
DA:18,20
DA:19,20
DA:21,20
DA:22,20
DA:23,20
DA:24,20
DA:26,0
DA:28,0
DA:31,0
DA:33,0
DA:34,0
DA:36,0
DA:37,0
DA:40,0
DA:43,0
DA:44,0
DA:45,0
DA:46,0
DA:49,0
DA:50,0
DA:51,0
DA:52,0
DA:53,0
DA:58,0
DA:59,0
DA:60,0
DA:61,0
DA:62,0
DA:63,0
DA:64,0
DA:65,0
DA:66,0
DA:67,0
DA:75,0
DA:77,0
DA:78,0
DA:82,0
DA:84,0
DA:85,0
DA:86,0
DA:87,0
DA:88,0
DA:89,0
DA:90,0
DA:91,0
DA:92,0
DA:95,0
DA:96,0
DA:97,0
DA:99,0
DA:103,0
DA:104,0
DA:105,0
DA:113,0
DA:117,0
DA:118,0
DA:120,0
DA:121,0
DA:122,0
DA:123,0
DA:124,0
DA:125,0
DA:126,0
DA:127,0
DA:136,0
DA:137,0
DA:138,0
DA:139,0
DA:140,0
DA:141,0
DA:142,0
DA:143,0
DA:147,0
DA:148,0
DA:150,0
DA:151,0
DA:152,0
DA:154,0
DA:155,0
DA:159,0
DA:160,0
DA:161,0
DA:162,0
DA:163,0
DA:164,0
DA:165,0
DA:166,0
DA:170,0
DA:171,0
DA:172,0
DA:173,0
DA:174,0
DA:175,0
DA:176,0
DA:177,0
DA:178,0
DA:179,0
DA:180,0
DA:181,0
DA:182,0
DA:183,0
DA:184,0
DA:190,0
DA:191,0
DA:192,0
DA:196,0
DA:197,0
DA:198,0
DA:199,0
DA:202,0
DA:204,0
DA:207,0
DA:209,0
DA:212,0
DA:214,0
DA:215,0
DA:217,0
DA:218,0
LF:122
LH:8
end_of_record
SF:lib/reducer/login.dart
DA:9,30
DA:11,2
DA:12,2
DA:14,20
DA:15,20
DA:16,20
DA:17,20
DA:18,20
DA:19,20
DA:20,20
DA:21,20
DA:22,20
DA:23,20
DA:24,10
DA:25,30
DA:28,0
DA:31,0
DA:32,0
DA:33,0
DA:34,0
DA:37,0
DA:40,0
DA:41,0
DA:42,0
DA:43,0
DA:46,0
DA:48,0
DA:51,1
DA:54,1
DA:55,1
DA:58,0
DA:61,0
DA:62,0
DA:63,0
DA:66,1
DA:68,1
DA:71,0
DA:73,0
DA:76,0
DA:78,0
DA:81,0
DA:83,0
DA:86,1
DA:88,3
LF:44
LH:22
end_of_record
SF:lib/reducer/pass_reset.dart
DA:7,30
DA:9,0
DA:10,0
DA:12,20
DA:13,20
DA:14,20
DA:15,20
DA:17,0
DA:20,0
DA:21,0
DA:24,0
DA:27,0
DA:28,0
DA:31,0
DA:33,0
DA:36,0
DA:38,0
DA:39,0
DA:40,0
DA:41,0
DA:42,0
LF:21
LH:5
end_of_record
SF:lib/reducer/messages.dart
DA:11,30
DA:13,0
DA:14,0
DA:16,20
DA:17,20
DA:18,20
DA:19,20
DA:20,20
DA:22,0
DA:24,0
DA:25,0
DA:28,0
DA:30,0
DA:33,0
DA:35,0
DA:36,0
DA:37,0
DA:40,0
DA:42,0
DA:43,0
DA:44,0
DA:45,0
DA:46,0
DA:50,0
DA:52,0
DA:53,0
DA:55,0
DA:56,0
DA:57,0
DA:58,0
DA:60,0
DA:61,0
DA:65,0
DA:67,0
DA:68,0
DA:69,0
DA:70,0
DA:71,0
DA:75,0
DA:76,0
DA:77,0
DA:78,0
DA:79,0
DA:80,0
DA:81,0
DA:83,0
DA:84,0
DA:85,0
DA:86,0
DA:87,0
DA:88,0
DA:89,0
DA:91,0
DA:92,0
DA:94,0
LF:55
LH:6
end_of_record
SF:lib/reducer/network_protocol.dart
DA:6,30
DA:8,0
DA:9,0
DA:10,20
DA:12,0
DA:14,0
LF:6
LH:2
end_of_record
SF:lib/reducer/notifications.dart
DA:10,30
DA:12,2
DA:13,2
DA:15,20
DA:16,20
DA:17,20
DA:18,20
DA:20,0
DA:22,0
DA:25,0
DA:26,0
DA:27,0
DA:28,0
DA:29,0
DA:30,0
DA:31,0
DA:32,0
DA:33,0
DA:34,0
DA:35,0
DA:36,0
DA:37,0
DA:44,0
DA:46,0
DA:49,1
DA:51,3
DA:54,1
DA:56,5
LF:28
LH:11
end_of_record
SF:lib/reducer/profile_reducer.dart
DA:7,30
DA:9,0
DA:10,0
DA:12,20
DA:13,20
DA:15,0
DA:17,0
DA:20,0
DA:22,0
DA:25,0
DA:26,0
DA:27,0
DA:28,0
DA:29,0
DA:30,0
DA:31,0
DA:32,0
LF:17
LH:3
end_of_record
SF:lib/reducer/settings.dart
DA:9,30
DA:11,12
DA:12,12
DA:14,20
DA:15,20
DA:16,20
DA:17,20
DA:18,20
DA:19,20
DA:20,20
DA:21,20
DA:22,10
DA:23,10
DA:24,20
DA:26,20
DA:27,20
DA:28,20
DA:29,20
DA:30,10
DA:31,10
DA:32,20
DA:34,20
DA:36,20
DA:37,20
DA:38,20
DA:39,20
DA:40,10
DA:41,10
DA:43,0
DA:45,0
DA:48,0
DA:50,0
DA:53,1
DA:55,2
DA:58,1
DA:60,2
DA:63,0
DA:65,0
DA:68,0
DA:70,0
DA:73,0
DA:75,0
DA:78,1
DA:80,3
DA:83,1
DA:86,1
DA:87,1
DA:90,0
DA:93,0
DA:94,0
DA:97,0
DA:100,0
DA:101,0
DA:104,0
DA:106,0
DA:109,0
DA:111,0
DA:114,0
DA:116,0
DA:119,1
DA:121,3
DA:124,1
DA:128,6
DA:131,0
DA:133,0
DA:136,0
DA:138,0
DA:141,0
DA:143,0
DA:146,0
DA:148,0
DA:151,0
DA:153,0
DA:156,1
DA:158,2
DA:159,3
DA:160,2
DA:161,1
DA:162,3
DA:163,1
DA:164,2
DA:165,1
DA:166,2
DA:167,1
DA:168,1
DA:169,1
DA:170,0
DA:171,0
DA:172,0
DA:173,0
DA:174,0
DA:175,0
DA:178,1
DA:184,3
DA:185,4
DA:187,3
LF:96
LH:58
end_of_record
SF:lib/ui/donations.dart
DA:6,0
DA:8,0
DA:9,0
DA:10,0
DA:11,0
DA:12,0
DA:13,0
DA:15,0
DA:18,0
DA:21,0
DA:24,0
DA:25,0
DA:32,0
DA:34,0
DA:37,0
DA:40,0
DA:43,0
DA:44,0
DA:51,0
DA:53,0
DA:56,0
DA:59,0
DA:62,0
DA:63,0
DA:70,0
DA:72,0
DA:75,0
DA:78,0
DA:81,0
DA:82,0
DA:89,0
DA:91,0
DA:93,0
DA:96,0
DA:99,0
DA:100,0
DA:101,0
DA:103,0
DA:112,0
DA:114,0
DA:117,0
DA:121,0
DA:124,0
DA:125,0
DA:137,0
DA:140,0
DA:141,0
DA:143,0
LF:48
LH:0
end_of_record
SF:lib/ui/splash.dart
DA:7,0
DA:8,0
DA:9,0
DA:14,0
DA:15,0
DA:16,0
DA:17,0
DA:18,0
DA:19,0
DA:21,0
DA:30,0
DA:32,0
DA:33,0
DA:34,0
DA:36,0
LF:15
LH:0
end_of_record
SF:lib/ui/network_protocol_page.dart
DA:6,0
DA:8,0
DA:9,0
DA:12,0
LF:4
LH:0
end_of_record
SF:lib/ui/user_profile.dart
DA:6,0
DA:11,0
DA:12,0
DA:14,0
DA:15,0
DA:17,0
DA:18,0
DA:19,0
DA:20,0
DA:21,0
DA:23,0
LF:11
LH:0
end_of_record
