SF:lib/ui/calendar.dart
DA:20,1
DA:27,1
DA:29,1
DA:30,1
DA:49,2
DA:50,1
DA:51,2
DA:52,2
DA:53,1
DA:54,2
DA:56,1
DA:58,2
DA:59,4
DA:60,2
DA:62,6
DA:64,2
DA:65,1
DA:68,1
DA:69,3
DA:71,2
DA:72,1
DA:75,1
DA:76,3
DA:78,6
DA:80,2
DA:81,1
DA:82,1
DA:83,1
DA:86,1
DA:87,1
DA:90,1
DA:95,1
DA:96,6
DA:97,2
DA:98,0
DA:100,3
DA:101,4
DA:103,2
DA:106,1
DA:107,1
DA:108,4
DA:109,3
DA:113,1
DA:115,2
DA:116,2
DA:117,1
DA:120,1
DA:122,1
DA:123,1
DA:125,1
DA:126,6
DA:127,1
DA:128,1
DA:129,3
DA:132,1
DA:133,2
DA:134,3
DA:135,2
DA:143,1
DA:144,1
DA:145,1
DA:148,1
DA:149,1
DA:150,1
DA:151,1
DA:152,1
DA:153,1
DA:154,0
DA:155,0
DA:156,0
DA:157,0
DA:164,1
DA:165,1
DA:166,1
DA:167,1
DA:168,1
DA:169,3
DA:171,0
DA:172,0
DA:174,0
DA:175,0
DA:176,0
DA:177,0
DA:178,0
DA:179,0
DA:183,0
DA:184,0
DA:185,0
DA:186,0
DA:187,0
DA:188,0
DA:192,6
DA:193,1
DA:194,11
DA:196,3
DA:201,1
DA:202,1
DA:203,1
DA:204,1
DA:205,0
DA:206,0
DA:207,0
DA:208,0
DA:220,1
DA:221,1
DA:222,1
DA:223,2
DA:224,2
DA:227,1
DA:228,0
DA:229,0
DA:230,0
DA:233,1
DA:237,1
DA:238,3
DA:239,2
DA:240,2
DA:248,2
DA:249,8
DA:251,2
DA:252,8
DA:258,1
DA:263,1
DA:264,1
DA:266,1
DA:268,1
DA:269,1
DA:273,1
DA:274,1
DA:283,2
DA:285,1
DA:286,1
DA:288,1
DA:289,1
DA:290,1
DA:292,1
DA:293,1
DA:294,1
DA:306,1
DA:308,1
DA:316,1
DA:320,1
LF:142
LH:116
end_of_record
SF:lib/actions/absences_actions.g.dart
DA:14,24
DA:15,24
DA:20,12
DA:22,24
DA:23,24
DA:28,15
DA:29,30
LF:7
LH:7
end_of_record
SF:lib/actions/absences_actions.dart
DA:6,24
DA:7,12
LF:2
LH:2
end_of_record
SF:lib/actions/app_actions.g.dart
DA:14,24
DA:15,24
DA:45,12
DA:47,24
DA:48,24
DA:49,24
DA:50,24
DA:51,24
DA:52,24
DA:53,24
DA:54,24
DA:55,24
DA:56,24
DA:57,24
DA:58,24
DA:60,24
DA:61,24
DA:62,24
DA:63,24
DA:64,24
DA:65,24
DA:66,24
DA:67,24
DA:68,24
DA:69,24
DA:70,24
DA:71,24
DA:76,0
DA:77,3
DA:78,15
DA:79,15
DA:80,15
DA:81,10
DA:82,5
DA:83,30
DA:84,30
DA:85,30
DA:86,20
DA:87,10
DA:88,30
DA:89,15
LF:41
LH:40
end_of_record
SF:lib/actions/app_actions.dart
DA:20,24
DA:21,12
LF:2
LH:2
end_of_record
SF:lib/app_state.g.dart
DA:9,3
DA:10,2
DA:11,1
DA:12,2
DA:13,1
DA:14,2
DA:15,1
DA:16,3
DA:17,3
DA:18,2
DA:19,1
DA:20,3
DA:21,2
DA:22,1
DA:23,2
DA:24,1
DA:25,2
DA:26,1
DA:27,2
DA:28,1
DA:29,2
DA:30,1
DA:38,1
DA:41,1
DA:43,2
DA:46,2
DA:49,2
DA:52,2
DA:55,2
DA:58,2
DA:61,2
DA:64,2
DA:67,2
DA:74,1
DA:77,1
DA:79,1
DA:80,1
DA:81,1
DA:82,1
DA:83,1
DA:85,1
DA:86,3
DA:90,1
DA:91,3
DA:95,1
DA:96,3
DA:99,1
DA:100,3
DA:103,1
DA:104,3
DA:107,1
DA:108,3
DA:111,1
DA:112,3
DA:115,1
DA:116,3
DA:120,1
DA:121,3
DA:127,1
DA:137,1
DA:140,1
DA:142,2
DA:147,1
DA:150,0
DA:151,0
DA:156,1
DA:160,1
DA:162,1
DA:163,1
DA:164,1
DA:165,1
DA:166,1
DA:168,1
DA:169,3
DA:174,0
DA:175,0
DA:181,1
DA:192,1
DA:195,1
DA:197,2
DA:200,1
DA:203,1
DA:204,2
DA:208,1
DA:211,0
DA:212,0
DA:219,1
DA:223,1
DA:225,1
DA:226,1
DA:227,1
DA:228,1
DA:229,1
DA:231,1
DA:232,2
DA:235,1
DA:236,3
DA:241,0
DA:242,0
DA:250,1
DA:261,1
DA:264,1
DA:266,1
DA:269,0
DA:270,0
DA:277,1
DA:281,1
DA:283,1
DA:284,1
DA:285,0
DA:286,0
DA:287,0
DA:289,0
DA:290,0
DA:298,1
DA:308,0
DA:311,0
DA:313,0
DA:315,0
DA:318,0
DA:321,0
DA:324,0
DA:328,0
DA:331,0
DA:332,0
DA:337,0
DA:340,0
DA:342,0
DA:343,0
DA:344,0
DA:345,0
DA:346,0
DA:348,0
DA:349,0
DA:352,0
DA:353,0
DA:356,0
DA:357,0
DA:360,0
DA:361,0
DA:364,0
DA:365,0
DA:368,0
DA:369,0
DA:375,0
DA:385,1
DA:388,1
DA:390,2
DA:393,2
DA:401,1
DA:404,1
DA:406,1
DA:407,1
DA:408,1
DA:409,1
DA:410,1
DA:412,1
DA:413,3
DA:416,1
DA:417,3
DA:425,1
DA:435,0
DA:438,0
DA:440,0
DA:442,0
DA:448,0
DA:452,0
DA:454,0
DA:455,0
DA:456,0
DA:457,0
DA:458,0
DA:460,0
DA:461,0
DA:464,0
DA:465,0
DA:471,0
DA:481,1
DA:484,1
DA:486,2
DA:489,1
DA:492,0
DA:493,0
DA:498,1
DA:501,1
DA:503,1
DA:504,1
DA:505,1
DA:506,1
DA:507,1
DA:509,1
DA:510,2
DA:513,0
DA:514,0
DA:520,1
DA:530,1
DA:533,1
DA:535,2
DA:538,2
DA:541,2
DA:544,2
DA:547,2
DA:550,2
DA:553,2
DA:556,2
DA:560,2
DA:563,2
DA:566,2
DA:569,2
DA:572,2
DA:575,2
DA:578,2
DA:581,2
DA:585,2
DA:589,2
DA:596,1
DA:600,1
DA:602,1
DA:603,1
DA:604,1
DA:605,1
DA:606,1
DA:608,1
DA:609,2
DA:612,1
DA:613,2
DA:616,1
DA:617,2
DA:620,1
DA:621,2
DA:624,1
DA:625,2
DA:628,1
DA:629,2
DA:632,1
DA:633,2
DA:636,1
DA:637,3
DA:641,1
DA:642,2
DA:645,1
DA:646,2
DA:649,1
DA:650,2
DA:653,1
DA:654,1
DA:655,1
DA:657,1
DA:658,2
DA:661,1
DA:662,2
DA:665,1
DA:666,2
DA:669,1
DA:670,3
DA:676,1
DA:677,3
DA:682,1
DA:683,2
DA:689,1
DA:699,1
DA:702,1
DA:704,1
DA:707,0
DA:708,0
DA:711,1
DA:714,0
DA:715,0
DA:718,1
DA:721,0
DA:722,0
DA:725,1
DA:728,0
DA:729,0
DA:732,1
DA:735,0
DA:736,0
DA:737,0
DA:742,1
DA:746,1
DA:748,1
DA:749,1
DA:750,0
DA:751,0
DA:752,0
DA:754,0
DA:755,0
DA:758,0
DA:759,0
DA:762,0
DA:763,0
DA:766,0
DA:767,0
DA:770,0
DA:771,0
DA:777,1
DA:787,1
DA:790,1
DA:792,2
DA:797,1
DA:800,0
DA:801,0
DA:807,1
DA:811,1
DA:813,1
DA:814,1
DA:815,1
DA:816,1
DA:817,1
DA:819,1
DA:820,0
DA:824,1
DA:825,3
DA:833,1
DA:843,1
DA:846,1
DA:848,2
DA:856,1
DA:860,1
DA:862,1
DA:863,1
DA:864,1
DA:865,1
DA:866,1
DA:868,1
DA:869,3
DA:878,1
DA:889,1
DA:892,1
DA:894,1
DA:897,0
DA:898,0
DA:904,1
DA:908,1
DA:910,1
DA:911,1
DA:912,0
DA:913,0
DA:914,0
DA:916,0
DA:917,0
DA:923,1
DA:957,12
DA:958,36
DA:960,12
DA:975,12
DA:976,12
DA:977,12
DA:978,24
DA:979,12
DA:980,12
DA:981,12
DA:982,12
DA:983,12
DA:984,12
DA:985,24
DA:986,12
DA:987,12
DA:988,12
DA:989,12
DA:990,12
DA:991,12
DA:992,12
DA:993,12
DA:994,12
DA:995,12
DA:996,12
DA:997,12
DA:1000,11
DA:1002,33
DA:1004,11
DA:1005,22
DA:1007,11
DA:1010,10
DA:1011,30
DA:1012,30
DA:1013,30
DA:1014,30
DA:1015,30
DA:1016,27
DA:1017,27
DA:1018,24
DA:1019,12
DA:1020,12
DA:1021,9
DA:1022,9
DA:1023,9
DA:1024,9
DA:1027,0
DA:1029,0
DA:1030,0
DA:1031,0
DA:1032,0
DA:1033,0
DA:1034,0
DA:1035,0
DA:1036,0
DA:1037,0
DA:1038,0
DA:1039,0
DA:1040,0
DA:1041,0
DA:1042,0
DA:1044,0
DA:1045,0
DA:1046,0
DA:1047,0
DA:1048,0
DA:1049,0
DA:1050,0
DA:1051,0
DA:1052,0
DA:1053,0
DA:1054,0
DA:1055,0
DA:1056,0
DA:1057,0
DA:1058,0
DA:1061,0
DA:1063,0
DA:1064,0
DA:1065,0
DA:1066,0
DA:1067,0
DA:1068,0
DA:1069,0
DA:1070,0
DA:1071,0
DA:1072,0
DA:1073,0
DA:1074,0
DA:1075,0
DA:1076,0
DA:1077,0
DA:1078,0
DA:1086,12
DA:1087,24
DA:1088,12
DA:1089,24
DA:1092,12
DA:1093,24
DA:1094,12
DA:1095,24
DA:1098,12
DA:1099,24
DA:1100,12
DA:1101,24
DA:1104,12
DA:1105,24
DA:1106,12
DA:1107,24
DA:1110,12
DA:1111,24
DA:1112,12
DA:1113,24
DA:1116,0
DA:1117,0
DA:1120,36
DA:1121,36
DA:1124,12
DA:1125,24
DA:1126,12
DA:1127,24
DA:1130,12
DA:1131,24
DA:1132,12
DA:1133,24
DA:1136,12
DA:1137,24
DA:1138,12
DA:1139,24
DA:1142,12
DA:1143,24
DA:1144,12
DA:1145,24
DA:1148,12
DA:1149,24
DA:1150,12
DA:1151,24
DA:1154,12
DA:1155,24
DA:1156,12
DA:1157,24
DA:1160,36
DA:1161,3
DA:1163,12
DA:1164,12
DA:1167,12
DA:1168,12
DA:1170,30
DA:1171,30
DA:1172,30
DA:1173,30
DA:1174,30
DA:1175,20
DA:1176,20
DA:1177,30
DA:1178,30
DA:1179,30
DA:1180,30
DA:1181,30
DA:1182,30
DA:1183,20
DA:1184,10
DA:1189,12
DA:1191,12
DA:1192,12
DA:1195,12
DA:1197,12
DA:1200,12
DA:1204,12
DA:1205,12
DA:1206,24
DA:1207,24
DA:1208,24
DA:1209,24
DA:1210,24
DA:1211,12
DA:1212,12
DA:1213,12
DA:1214,24
DA:1215,24
DA:1216,24
DA:1217,24
DA:1218,24
DA:1219,24
DA:1220,12
DA:1225,0
DA:1227,0
DA:1229,0
DA:1231,0
DA:1233,0
DA:1235,0
DA:1238,0
DA:1240,0
DA:1242,0
DA:1244,0
DA:1246,0
DA:1248,0
DA:1250,0
DA:1251,0
DA:1255,12
DA:1266,0
DA:1267,0
DA:1269,24
DA:1270,12
DA:1271,12
DA:1274,0
DA:1276,0
DA:1278,10
DA:1279,20
DA:1281,3
DA:1284,0
DA:1285,0
DA:1286,0
DA:1289,0
DA:1291,0
DA:1294,0
DA:1296,0
DA:1297,0
DA:1298,0
DA:1299,0
DA:1308,12
DA:1309,24
DA:1310,36
DA:1313,36
DA:1314,0
DA:1316,12
DA:1317,12
DA:1320,12
DA:1321,12
DA:1323,0
DA:1324,0
DA:1325,0
DA:1330,12
DA:1332,12
DA:1333,12
DA:1336,0
DA:1338,0
DA:1341,12
DA:1345,12
DA:1346,12
DA:1347,36
DA:1352,0
DA:1354,0
DA:1355,0
DA:1359,12
DA:1374,0
DA:1375,0
DA:1377,12
DA:1382,12
DA:1383,24
DA:1384,24
DA:1387,0
DA:1389,0
DA:1391,10
DA:1393,20
DA:1395,10
DA:1398,3
DA:1399,9
DA:1400,9
DA:1401,9
DA:1402,9
DA:1405,0
DA:1407,0
DA:1408,0
DA:1409,0
DA:1412,0
DA:1414,0
DA:1415,0
DA:1416,0
DA:1417,0
DA:1418,0
DA:1419,0
DA:1428,36
DA:1429,36
DA:1432,36
DA:1433,36
DA:1436,1
DA:1437,2
DA:1438,12
DA:1439,24
DA:1442,7
DA:1443,3
DA:1445,12
DA:1446,12
DA:1449,12
DA:1450,12
DA:1452,4
DA:1453,4
DA:1454,6
DA:1455,6
DA:1456,2
DA:1461,12
DA:1463,12
DA:1464,12
DA:1467,0
DA:1469,0
DA:1472,12
DA:1476,12
DA:1477,12
DA:1478,12
DA:1479,12
DA:1480,12
DA:1481,12
DA:1482,24
DA:1483,14
DA:1488,0
DA:1490,0
DA:1492,0
DA:1493,0
DA:1497,12
DA:1522,0
DA:1523,0
DA:1525,12
DA:1535,12
DA:1536,24
DA:1537,24
DA:1538,12
DA:1539,12
DA:1540,12
DA:1541,12
DA:1542,12
DA:1543,12
DA:1544,12
DA:1545,12
DA:1546,12
DA:1547,12
DA:1550,0
DA:1552,0
DA:1554,10
DA:1555,20
DA:1557,10
DA:1561,2
DA:1562,6
DA:1563,6
DA:1564,6
DA:1565,6
DA:1566,6
DA:1567,6
DA:1568,6
DA:1569,6
DA:1570,6
DA:1573,0
DA:1575,0
DA:1576,0
DA:1577,0
DA:1578,0
DA:1579,0
DA:1580,0
DA:1581,0
DA:1582,0
DA:1583,0
DA:1584,0
DA:1585,0
DA:1586,0
DA:1587,0
DA:1588,0
DA:1589,0
DA:1590,0
DA:1593,0
DA:1595,0
DA:1596,0
DA:1597,0
DA:1598,0
DA:1599,0
DA:1600,0
DA:1601,0
DA:1602,0
DA:1603,0
DA:1604,0
DA:1605,0
DA:1613,36
DA:1614,36
DA:1617,36
DA:1618,36
DA:1621,36
DA:1622,0
DA:1625,36
DA:1626,6
DA:1629,36
DA:1630,12
DA:1631,24
DA:1634,36
DA:1635,12
DA:1636,24
DA:1639,12
DA:1640,24
DA:1641,12
DA:1642,24
DA:1645,12
DA:1646,24
DA:1647,12
DA:1648,24
DA:1651,12
DA:1652,24
DA:1653,12
DA:1654,24
DA:1656,12
DA:1657,12
DA:1660,12
DA:1661,12
DA:1663,4
DA:1664,4
DA:1665,4
DA:1666,4
DA:1667,4
DA:1668,4
DA:1669,6
DA:1670,6
DA:1671,6
DA:1672,2
DA:1677,12
DA:1679,12
DA:1680,12
DA:1683,0
DA:1685,0
DA:1688,12
DA:1692,12
DA:1693,12
DA:1694,12
DA:1695,12
DA:1696,12
DA:1697,12
DA:1698,12
DA:1699,12
DA:1700,12
DA:1701,12
DA:1702,12
DA:1703,12
DA:1704,24
DA:1705,24
DA:1706,24
DA:1711,0
DA:1713,0
DA:1715,0
DA:1717,0
DA:1718,0
DA:1722,12
DA:1739,0
DA:1740,0
DA:1742,12
DA:1748,12
DA:1749,24
DA:1752,0
DA:1754,0
DA:1756,2
DA:1758,4
DA:1760,2
DA:1763,1
DA:1764,3
DA:1765,3
DA:1766,3
DA:1767,3
DA:1768,3
DA:1771,0
DA:1773,0
DA:1774,0
DA:1775,0
DA:1776,0
DA:1777,0
DA:1778,0
DA:1781,0
DA:1783,0
DA:1784,0
DA:1785,0
DA:1786,0
DA:1787,0
DA:1788,0
DA:1789,0
DA:1798,36
DA:1799,0
DA:1802,36
DA:1803,36
DA:1806,36
DA:1807,0
DA:1810,36
DA:1811,0
DA:1814,36
DA:1815,0
DA:1817,12
DA:1818,12
DA:1821,12
DA:1822,12
DA:1824,0
DA:1825,0
DA:1826,0
DA:1827,0
DA:1828,0
DA:1829,0
DA:1834,12
DA:1836,12
DA:1837,12
DA:1840,0
DA:1842,0
DA:1845,12
DA:1847,12
DA:1848,12
DA:1849,12
DA:1850,12
DA:1851,12
DA:1852,12
DA:1853,12
DA:1854,12
DA:1855,12
DA:1864,0
DA:1866,0
DA:1868,24
DA:1870,0
DA:1872,0
DA:1874,10
DA:1876,20
DA:1878,10
DA:1881,8
DA:1884,0
DA:1886,0
DA:1889,0
DA:1891,0
DA:1892,0
DA:1893,0
DA:1902,1
DA:1903,2
DA:1904,1
DA:1905,2
DA:1907,12
DA:1909,1
DA:1910,1
DA:1912,3
DA:1913,1
DA:1918,12
DA:1920,12
DA:1921,12
DA:1924,0
DA:1926,0
DA:1929,12
DA:1933,12
DA:1934,25
DA:1939,0
DA:1941,0
DA:1942,0
DA:1946,12
DA:1965,1
DA:1966,3
DA:1968,1
DA:1975,1
DA:1976,2
DA:1977,1
DA:1978,1
DA:1979,2
DA:1980,2
DA:1981,1
DA:1982,1
DA:1985,0
DA:1987,0
DA:1989,0
DA:1990,0
DA:1992,0
DA:1995,0
DA:1996,0
DA:1997,0
DA:1998,0
DA:1999,0
DA:2000,0
DA:2001,0
DA:2004,0
DA:2006,0
DA:2007,0
DA:2008,0
DA:2009,0
DA:2010,0
DA:2011,0
DA:2012,0
DA:2013,0
DA:2016,0
DA:2018,0
DA:2019,0
DA:2020,0
DA:2021,0
DA:2022,0
DA:2023,0
DA:2024,0
DA:2025,0
DA:2033,3
DA:2034,3
DA:2037,3
DA:2038,1
DA:2039,2
DA:2042,3
DA:2043,3
DA:2046,3
DA:2047,3
DA:2050,3
DA:2051,1
DA:2052,2
DA:2055,3
DA:2056,1
DA:2057,2
DA:2059,1
DA:2061,1
DA:2062,1
DA:2064,0
DA:2065,0
DA:2066,0
DA:2067,0
DA:2068,0
DA:2069,0
DA:2070,0
DA:2075,1
DA:2077,1
DA:2078,1
DA:2081,1
DA:2083,1
DA:2086,1
DA:2088,1
DA:2089,1
DA:2090,1
DA:2091,1
DA:2092,1
DA:2093,1
DA:2094,1
DA:2095,1
DA:2096,1
DA:2097,1
DA:2098,1
DA:2099,1
DA:2100,1
DA:2101,1
DA:2116,0
DA:2117,0
DA:2119,12
DA:2124,12
DA:2125,24
DA:2126,24
DA:2127,24
DA:2130,0
DA:2132,0
DA:2134,10
DA:2135,20
DA:2137,10
DA:2140,1
DA:2141,3
DA:2142,3
DA:2143,3
DA:2144,3
DA:2147,0
DA:2149,0
DA:2150,0
DA:2151,0
DA:2152,0
DA:2155,0
DA:2157,0
DA:2158,0
DA:2159,0
DA:2160,0
DA:2161,0
DA:2162,0
DA:2170,36
DA:2171,36
DA:2174,36
DA:2175,36
DA:2178,12
DA:2179,24
DA:2180,36
DA:2183,0
DA:2184,0
DA:2185,0
DA:2186,0
DA:2188,12
DA:2189,12
DA:2192,12
DA:2193,12
DA:2195,0
DA:2196,0
DA:2197,0
DA:2198,0
DA:2199,0
DA:2204,12
DA:2206,12
DA:2207,12
DA:2210,0
DA:2212,0
DA:2215,12
DA:2219,12
DA:2220,12
DA:2221,12
DA:2222,12
DA:2223,24
DA:2224,24
DA:2225,12
DA:2230,0
DA:2232,0
DA:2234,0
DA:2236,0
DA:2237,0
DA:2241,12
DA:2252,3
DA:2253,9
DA:2255,6
DA:2256,6
DA:2257,6
DA:2260,1
DA:2262,3
DA:2264,1
DA:2265,2
DA:2267,1
DA:2270,1
DA:2271,3
DA:2272,0
DA:2275,1
DA:2277,7
DA:2280,0
DA:2282,0
DA:2283,0
DA:2284,0
DA:2285,0
DA:2294,9
DA:2295,9
DA:2298,9
DA:2299,9
DA:2301,3
DA:2303,3
DA:2304,3
DA:2306,2
DA:2307,2
DA:2308,1
DA:2313,3
DA:2315,3
DA:2316,3
DA:2319,3
DA:2321,3
DA:2324,3
DA:2326,3
DA:2327,3
DA:2328,3
DA:2329,3
DA:2330,3
DA:2331,3
DA:2332,3
DA:2343,12
DA:2344,36
DA:2346,24
DA:2347,24
DA:2350,0
DA:2352,0
DA:2354,12
DA:2355,24
DA:2357,3
DA:2360,8
DA:2363,2
DA:2365,14
DA:2368,0
DA:2370,0
DA:2371,0
DA:2372,0
DA:2373,0
DA:2381,36
DA:2382,36
DA:2385,36
DA:2386,6
DA:2388,12
DA:2390,12
DA:2391,12
DA:2393,0
DA:2394,0
DA:2395,0
DA:2400,12
DA:2402,12
DA:2403,12
DA:2406,12
DA:2408,12
DA:2411,12
DA:2413,12
DA:2414,12
DA:2416,24
DA:2417,12
DA:2418,12
DA:2465,0
DA:2466,0
DA:2468,12
DA:2489,12
DA:2490,12
DA:2491,12
DA:2492,12
DA:2493,12
DA:2494,12
DA:2495,12
DA:2496,12
DA:2497,12
DA:2498,12
DA:2499,12
DA:2500,12
DA:2501,12
DA:2502,12
DA:2503,12
DA:2504,12
DA:2505,12
DA:2506,12
DA:2507,12
DA:2508,12
DA:2509,12
DA:2510,12
DA:2511,12
DA:2512,12
DA:2513,12
DA:2514,12
DA:2515,12
DA:2516,24
DA:2518,24
DA:2520,12
DA:2521,12
DA:2522,12
DA:2523,12
DA:2524,12
DA:2525,12
DA:2526,12
DA:2527,12
DA:2528,12
DA:2529,12
DA:2532,0
DA:2534,0
DA:2536,10
DA:2537,20
DA:2539,8
DA:2542,6
DA:2543,18
DA:2544,18
DA:2545,18
DA:2546,15
DA:2547,15
DA:2548,15
DA:2549,12
DA:2550,12
DA:2551,12
DA:2552,9
DA:2553,9
DA:2554,9
DA:2555,9
DA:2556,6
DA:2557,3
DA:2558,9
DA:2559,9
DA:2560,9
DA:2561,9
DA:2562,3
DA:2563,0
DA:2566,0
DA:2568,0
DA:2569,0
DA:2570,0
DA:2571,0
DA:2572,0
DA:2573,0
DA:2574,0
DA:2575,0
DA:2576,0
DA:2577,0
DA:2578,0
DA:2579,0
DA:2580,0
DA:2581,0
DA:2582,0
DA:2583,0
DA:2584,0
DA:2585,0
DA:2586,0
DA:2587,0
DA:2589,0
DA:2590,0
DA:2591,0
DA:2592,0
DA:2593,0
DA:2594,0
DA:2595,0
DA:2596,0
DA:2597,0
DA:2598,0
DA:2599,0
DA:2600,0
DA:2601,0
DA:2602,0
DA:2603,0
DA:2604,0
DA:2605,0
DA:2606,0
DA:2607,0
DA:2608,0
DA:2609,0
DA:2610,0
DA:2611,0
DA:2612,0
DA:2613,0
DA:2614,0
DA:2615,0
DA:2616,0
DA:2619,0
DA:2621,0
DA:2622,0
DA:2623,0
DA:2624,0
DA:2625,0
DA:2626,0
DA:2627,0
DA:2628,0
DA:2629,0
DA:2630,0
DA:2631,0
DA:2632,0
DA:2633,0
DA:2634,0
DA:2635,0
DA:2636,0
DA:2637,0
DA:2638,0
DA:2639,0
DA:2640,0
DA:2641,0
DA:2642,0
DA:2643,0
DA:2652,36
DA:2653,12
DA:2654,24
DA:2657,36
DA:2658,36
DA:2661,36
DA:2662,36
DA:2665,36
DA:2666,12
DA:2667,24
DA:2670,36
DA:2671,12
DA:2672,24
DA:2675,36
DA:2676,12
DA:2677,24
DA:2680,36
DA:2681,12
DA:2682,24
DA:2685,12
DA:2686,24
DA:2687,12
DA:2688,24
DA:2691,36
DA:2692,12
DA:2693,24
DA:2696,36
DA:2697,12
DA:2698,24
DA:2701,36
DA:2702,12
DA:2703,24
DA:2706,36
DA:2707,12
DA:2708,24
DA:2711,36
DA:2712,12
DA:2713,24
DA:2716,12
DA:2717,24
DA:2718,12
DA:2720,24
DA:2724,36
DA:2725,12
DA:2726,24
DA:2729,36
DA:2730,12
DA:2731,24
DA:2734,36
DA:2735,12
DA:2736,24
DA:2739,12
DA:2740,24
DA:2741,12
DA:2742,24
DA:2745,12
DA:2746,24
DA:2747,12
DA:2748,24
DA:2751,36
DA:2752,12
DA:2753,24
DA:2755,12
DA:2756,12
DA:2759,12
DA:2760,12
DA:2762,12
DA:2763,12
DA:2764,12
DA:2765,12
DA:2766,12
DA:2767,12
DA:2768,12
DA:2769,18
DA:2770,12
DA:2771,12
DA:2772,12
DA:2773,12
DA:2774,12
DA:2775,12
DA:2776,12
DA:2777,12
DA:2778,12
DA:2779,18
DA:2780,18
DA:2781,12
DA:2782,6
DA:2787,12
DA:2789,12
DA:2790,12
DA:2793,0
DA:2795,0
DA:2798,12
DA:2802,12
DA:2803,12
DA:2804,12
DA:2805,12
DA:2806,12
DA:2807,12
DA:2808,12
DA:2809,12
DA:2810,12
DA:2811,12
DA:2812,12
DA:2813,12
DA:2814,12
DA:2815,12
DA:2816,12
DA:2817,12
DA:2818,24
DA:2820,24
DA:2821,24
DA:2822,24
DA:2823,24
DA:2824,24
DA:2825,24
DA:2826,24
DA:2827,24
DA:2828,24
DA:2829,24
DA:2830,24
DA:2831,24
DA:2836,0
DA:2839,0
DA:2841,0
DA:2843,0
DA:2844,0
DA:2848,12
DA:2865,0
DA:2866,0
DA:2868,12
DA:2874,12
DA:2876,0
DA:2878,0
DA:2880,10
DA:2881,20
DA:2883,4
DA:2886,0
DA:2887,0
DA:2888,0
DA:2889,0
DA:2890,0
DA:2891,0
DA:2894,0
DA:2896,0
DA:2897,0
DA:2898,0
DA:2899,0
DA:2900,0
DA:2901,0
DA:2904,0
DA:2906,0
DA:2907,0
DA:2908,0
DA:2909,0
DA:2910,0
DA:2911,0
DA:2912,0
DA:2921,36
DA:2922,0
DA:2925,36
DA:2926,0
DA:2929,36
DA:2930,0
DA:2933,36
DA:2934,0
DA:2937,36
DA:2938,0
DA:2939,0
DA:2941,12
DA:2943,12
DA:2944,12
DA:2946,0
DA:2947,0
DA:2948,0
DA:2949,0
DA:2950,0
DA:2951,0
DA:2956,12
DA:2958,12
DA:2959,12
DA:2962,0
DA:2964,0
DA:2967,12
DA:2969,12
DA:2970,12
DA:2971,12
DA:2972,12
DA:2973,12
DA:2974,12
DA:2975,12
DA:2976,12
DA:2987,2
DA:2988,6
DA:2990,24
DA:2991,12
DA:2992,12
DA:2995,0
DA:2997,0
DA:2999,10
DA:3000,20
DA:3002,10
DA:3005,3
DA:3006,9
DA:3007,6
DA:3010,0
DA:3012,0
DA:3015,0
DA:3017,0
DA:3018,0
DA:3019,0
DA:3020,0
DA:3029,0
DA:3030,0
DA:3031,2
DA:3032,4
DA:3035,12
DA:3036,36
DA:3037,2
DA:3038,4
DA:3040,12
DA:3042,12
DA:3043,12
DA:3045,0
DA:3046,0
DA:3047,0
DA:3052,12
DA:3054,12
DA:3055,12
DA:3058,2
DA:3060,2
DA:3063,12
DA:3067,12
DA:3068,12
DA:3069,38
DA:3074,0
DA:3076,0
DA:3078,0
DA:3079,0
DA:3083,12
DA:3094,0
DA:3095,0
DA:3097,24
DA:3098,24
DA:3101,0
DA:3103,0
DA:3105,10
DA:3106,20
DA:3108,4
DA:3111,1
DA:3112,3
DA:3113,3
DA:3116,0
DA:3118,0
DA:3121,0
DA:3123,0
DA:3124,0
DA:3125,0
DA:3126,0
DA:3135,12
DA:3136,24
DA:3137,36
DA:3140,36
DA:3141,1
DA:3142,2
DA:3144,12
DA:3145,12
DA:3148,12
DA:3149,12
DA:3151,3
DA:3152,2
DA:3153,1
DA:3158,12
DA:3160,12
DA:3161,12
DA:3164,0
DA:3166,0
DA:3169,12
DA:3173,12
DA:3174,12
DA:3175,36
DA:3180,0
DA:3182,0
DA:3183,0
DA:3187,12
DA:3196,0
DA:3198,0
DA:3200,24
DA:3202,0
DA:3204,0
DA:3206,10
DA:3208,20
DA:3210,3
DA:3213,0
DA:3216,0
DA:3218,0
DA:3221,0
DA:3223,0
DA:3224,0
DA:3233,36
DA:3234,0
DA:3236,12
DA:3238,12
DA:3239,12
DA:3241,0
DA:3242,0
DA:3247,12
DA:3249,12
DA:3250,12
DA:3253,0
DA:3255,0
DA:3258,12
DA:3260,36
DA:3261,12
DA:3270,0
DA:3272,0
DA:3274,24
DA:3275,12
DA:3276,12
DA:3279,0
DA:3282,0
DA:3284,10
DA:3286,20
DA:3288,3
DA:3291,0
DA:3294,0
DA:3296,0
DA:3299,0
DA:3301,0
DA:3302,0
DA:3303,0
DA:3312,12
DA:3313,24
DA:3314,36
DA:3316,12
DA:3317,12
DA:3320,12
DA:3321,12
DA:3323,0
DA:3324,0
DA:3329,12
DA:3331,12
DA:3332,12
DA:3335,0
DA:3337,0
DA:3340,12
DA:3344,48
DA:3349,0
DA:3351,0
DA:3352,0
DA:3356,12
DA:3369,0
DA:3371,0
DA:3373,0
DA:3375,0
DA:3376,0
DA:3377,0
DA:3378,0
DA:3379,0
DA:3380,0
DA:3381,0
DA:3384,0
DA:3387,0
DA:3389,0
DA:3391,0
DA:3393,0
DA:3396,0
DA:3397,0
DA:3398,0
DA:3399,0
DA:3402,0
DA:3404,0
DA:3405,0
DA:3408,0
DA:3410,0
DA:3411,0
DA:3412,0
DA:3413,0
DA:3414,0
DA:3423,0
DA:3424,0
DA:3427,0
DA:3428,0
DA:3431,0
DA:3432,0
DA:3434,0
DA:3436,0
DA:3437,0
DA:3439,0
DA:3440,0
DA:3441,0
DA:3442,0
DA:3447,0
DA:3449,0
DA:3450,0
DA:3453,0
DA:3455,0
DA:3458,0
DA:3460,0
DA:3461,0
DA:3462,0
DA:3463,0
DA:3464,0
DA:3465,0
DA:3466,0
DA:3467,0
DA:3468,0
LF:1665
LH:1040
end_of_record
SF:lib/app_state.dart
DA:39,2
DA:41,3
DA:43,10
DA:44,2
DA:45,2
DA:48,6
DA:49,0
DA:51,6
DA:52,4
DA:53,2
DA:54,3
DA:58,3
DA:62,12
DA:63,12
DA:65,24
DA:66,24
DA:67,24
DA:68,24
DA:69,24
DA:70,24
DA:71,24
DA:72,24
DA:73,24
DA:74,24
DA:75,24
DA:76,12
DA:86,2
DA:90,12
DA:92,12
DA:93,24
DA:106,1
DA:107,1
DA:111,12
DA:112,12
DA:114,12
DA:115,12
DA:116,24
DA:133,12
DA:134,12
DA:136,12
DA:137,12
DA:138,12
DA:139,12
DA:140,24
DA:141,24
DA:142,24
DA:158,12
DA:159,12
DA:160,12
DA:168,0
DA:169,0
DA:170,1
DA:171,1
DA:176,12
DA:188,2
DA:192,1
DA:198,0
DA:207,2
DA:211,12
DA:212,12
DA:214,36
DA:215,24
DA:216,12
DA:225,2
DA:229,3
DA:236,8
DA:237,2
DA:238,2
DA:239,4
DA:240,1
DA:241,1
DA:242,60
DA:243,6
DA:244,2
DA:246,12
DA:288,12
DA:289,2
DA:290,12
DA:292,12
DA:293,12
DA:294,12
DA:295,12
DA:296,12
DA:297,12
DA:298,12
DA:299,24
DA:313,12
DA:314,12
DA:315,12
DA:316,12
DA:317,12
DA:318,24
DA:319,12
DA:320,24
DA:321,12
DA:322,12
DA:323,12
DA:324,12
DA:332,12
DA:333,2
DA:346,12
DA:347,2
DA:362,1
DA:363,2
DA:366,1
DA:367,4
DA:368,7
DA:369,1
DA:370,2
DA:376,12
DA:377,2
DA:378,12
DA:379,24
DA:389,12
DA:390,1
DA:391,1
DA:401,12
DA:403,12
DA:404,24
DA:417,0
LF:120
LH:115
end_of_record
SF:lib/actions/calendar_actions.g.dart
DA:14,24
DA:15,24
DA:23,12
DA:25,24
DA:26,24
DA:27,24
DA:32,15
DA:33,20
DA:34,10
DA:35,20
DA:36,10
LF:11
LH:11
end_of_record
SF:lib/actions/calendar_actions.dart
DA:6,24
DA:7,12
LF:2
LH:2
end_of_record
SF:lib/actions/certificate_actions.g.dart
DA:14,24
DA:15,24
DA:20,12
DA:22,24
DA:23,24
DA:28,15
DA:29,30
LF:7
LH:7
end_of_record
SF:lib/actions/certificate_actions.dart
DA:6,24
DA:7,12
LF:2
LH:2
end_of_record
SF:lib/actions/dashboard_actions.dart
DA:10,24
DA:11,12
DA:35,1
DA:48,0
DA:59,0
DA:69,1
LF:6
LH:4
end_of_record
SF:lib/actions/dashboard_actions.g.dart
DA:14,24
DA:15,24
DA:43,12
DA:45,24
DA:46,24
DA:47,24
DA:48,24
DA:49,24
DA:50,24
DA:51,24
DA:52,24
DA:53,24
DA:54,24
DA:55,24
DA:56,24
DA:57,24
DA:58,24
DA:59,24
DA:60,24
DA:65,20
DA:66,10
DA:67,30
DA:68,30
DA:69,30
DA:70,20
DA:71,10
DA:72,10
DA:73,5
DA:74,20
DA:75,10
DA:76,20
DA:77,10
DA:78,30
DA:79,20
DA:80,10
DA:81,20
DA:82,10
DA:83,20
DA:84,10
DA:85,15
DA:86,20
DA:87,10
DA:88,20
DA:89,10
DA:90,10
DA:91,5
DA:108,1
DA:110,3
DA:112,1
DA:117,1
DA:118,2
DA:119,1
DA:120,1
DA:121,2
DA:123,1
DA:124,1
DA:127,0
DA:129,0
DA:131,0
DA:133,0
DA:135,0
DA:138,0
DA:139,0
DA:140,0
DA:141,0
DA:142,0
DA:145,0
DA:147,0
DA:148,0
DA:149,0
DA:150,0
DA:153,0
DA:155,0
DA:156,0
DA:157,0
DA:158,0
DA:159,0
DA:160,0
DA:169,3
DA:170,3
DA:173,3
DA:174,3
DA:177,3
DA:178,1
DA:179,2
DA:182,3
DA:183,1
DA:184,2
DA:186,1
DA:188,1
DA:189,1
DA:191,0
DA:192,0
DA:193,0
DA:194,0
DA:195,0
DA:200,1
DA:202,1
DA:203,1
DA:206,1
DA:208,1
DA:211,1
DA:213,1
DA:214,1
DA:215,1
DA:216,1
DA:217,1
DA:218,1
DA:219,1
DA:220,1
DA:223,1
DA:224,1
DA:225,1
DA:236,0
DA:238,0
DA:240,0
DA:241,0
DA:242,0
DA:243,0
DA:246,0
DA:249,0
DA:251,0
DA:253,0
DA:255,0
DA:258,0
DA:259,0
DA:260,0
DA:263,0
DA:265,0
DA:268,0
DA:270,0
DA:271,0
DA:272,0
DA:273,0
DA:282,0
DA:283,0
DA:286,0
DA:287,0
DA:289,0
DA:291,0
DA:292,0
DA:294,0
DA:295,0
DA:296,0
DA:301,0
DA:303,0
DA:304,0
DA:307,0
DA:309,0
DA:312,0
DA:314,0
DA:315,0
DA:316,0
DA:317,0
DA:318,0
DA:319,0
DA:320,0
DA:331,0
DA:333,0
DA:335,0
DA:336,0
DA:337,0
DA:340,0
DA:343,0
DA:345,0
DA:347,0
DA:349,0
DA:352,0
DA:353,0
DA:354,0
DA:357,0
DA:359,0
DA:362,0
DA:364,0
DA:365,0
DA:366,0
DA:367,0
DA:376,0
DA:377,0
DA:380,0
DA:381,0
DA:383,0
DA:385,0
DA:386,0
DA:388,0
DA:389,0
DA:390,0
DA:395,0
DA:397,0
DA:398,0
DA:401,0
DA:403,0
DA:406,0
DA:408,0
DA:409,0
DA:410,0
DA:411,0
DA:412,0
DA:413,0
DA:414,0
DA:427,1
DA:429,3
DA:431,1
DA:433,1
DA:434,1
DA:435,1
DA:436,2
DA:437,2
DA:440,0
DA:442,0
DA:444,0
DA:446,0
DA:448,0
DA:451,0
DA:452,0
DA:453,0
DA:454,0
DA:457,0
DA:459,0
DA:460,0
DA:463,0
DA:465,0
DA:466,0
DA:467,0
DA:468,0
DA:469,0
DA:478,3
DA:479,3
DA:482,3
DA:483,3
DA:486,3
DA:487,3
DA:489,1
DA:491,1
DA:492,1
DA:494,0
DA:495,0
DA:496,0
DA:497,0
DA:502,1
DA:504,1
DA:505,1
DA:508,1
DA:510,1
DA:513,1
DA:515,1
DA:516,1
DA:517,1
DA:518,1
DA:519,1
DA:520,1
DA:521,1
DA:522,1
DA:523,1
LF:254
LH:118
end_of_record
SF:lib/actions/grades_actions.dart
DA:10,24
DA:11,12
DA:30,1
DA:43,0
DA:54,0
DA:66,0
DA:80,0
LF:7
LH:3
end_of_record
SF:lib/actions/grades_actions.g.dart
DA:14,24
DA:15,24
DA:32,12
DA:34,24
DA:35,24
DA:36,24
DA:37,24
DA:38,24
DA:39,24
DA:40,24
DA:45,30
DA:46,30
DA:47,10
DA:48,5
DA:49,10
DA:50,5
DA:52,20
DA:53,10
DA:54,20
DA:55,10
DA:56,20
DA:57,10
DA:71,1
DA:73,3
DA:75,1
DA:76,1
DA:77,1
DA:78,1
DA:79,1
DA:80,1
DA:83,0
DA:86,0
DA:88,0
DA:90,0
DA:92,0
DA:95,0
DA:96,0
DA:97,0
DA:100,0
DA:102,0
DA:105,0
DA:107,0
DA:108,0
DA:109,0
DA:110,0
DA:120,3
DA:121,3
DA:124,3
DA:125,3
DA:127,1
DA:129,1
DA:130,1
DA:132,0
DA:133,0
DA:134,0
DA:139,1
DA:141,1
DA:142,1
DA:145,1
DA:147,1
DA:150,1
DA:154,1
DA:155,1
DA:156,4
DA:161,0
DA:163,0
DA:165,0
DA:166,0
DA:170,1
DA:182,0
DA:185,0
DA:186,0
DA:188,0
DA:190,0
DA:191,0
DA:192,0
DA:193,0
DA:194,0
DA:197,0
DA:200,0
DA:202,0
DA:204,0
DA:206,0
DA:209,0
DA:210,0
DA:211,0
DA:214,0
DA:216,0
DA:219,0
DA:221,0
DA:222,0
DA:223,0
DA:224,0
DA:235,0
DA:236,0
DA:239,0
DA:240,0
DA:242,0
DA:244,0
DA:245,0
DA:247,0
DA:248,0
DA:249,0
DA:254,0
DA:256,0
DA:257,0
DA:260,0
DA:263,0
DA:266,0
DA:270,0
DA:271,0
DA:272,0
DA:277,0
DA:279,0
DA:281,0
DA:283,0
DA:284,0
DA:288,0
DA:299,0
DA:301,0
DA:303,0
DA:304,0
DA:305,0
DA:306,0
DA:307,0
DA:308,0
DA:311,0
DA:314,0
DA:316,0
DA:318,0
DA:320,0
DA:323,0
DA:324,0
DA:325,0
DA:328,0
DA:330,0
DA:333,0
DA:335,0
DA:336,0
DA:337,0
DA:338,0
DA:347,0
DA:348,0
DA:351,0
DA:352,0
DA:354,0
DA:356,0
DA:357,0
DA:359,0
DA:360,0
DA:361,0
DA:366,0
DA:368,0
DA:369,0
DA:372,0
DA:374,0
DA:377,0
DA:381,0
DA:382,0
DA:383,0
DA:384,0
DA:385,0
DA:390,0
DA:392,0
DA:393,0
DA:397,0
DA:410,0
DA:412,0
DA:414,0
DA:416,0
DA:417,0
DA:418,0
DA:419,0
DA:420,0
DA:421,0
DA:422,0
DA:425,0
DA:428,0
DA:430,0
DA:432,0
DA:434,0
DA:437,0
DA:438,0
DA:439,0
DA:440,0
DA:443,0
DA:445,0
DA:446,0
DA:449,0
DA:451,0
DA:452,0
DA:453,0
DA:454,0
DA:455,0
DA:465,0
DA:466,0
DA:469,0
DA:470,0
DA:473,0
DA:474,0
DA:476,0
DA:478,0
DA:479,0
DA:481,0
DA:482,0
DA:483,0
DA:484,0
DA:489,0
DA:491,0
DA:492,0
DA:495,0
DA:497,0
DA:500,0
DA:504,0
DA:505,0
DA:506,0
DA:507,0
DA:508,0
DA:509,0
DA:514,0
DA:516,0
DA:518,0
DA:519,0
DA:523,0
DA:537,0
DA:540,0
DA:541,0
DA:543,0
DA:545,0
DA:546,0
DA:547,0
DA:548,0
DA:549,0
DA:550,0
DA:551,0
DA:554,0
DA:558,0
DA:560,0
DA:562,0
DA:564,0
DA:567,0
DA:568,0
DA:569,0
DA:570,0
DA:573,0
DA:575,0
DA:576,0
DA:579,0
DA:581,0
DA:583,0
DA:584,0
DA:585,0
DA:586,0
DA:597,0
DA:598,0
DA:601,0
DA:602,0
DA:605,0
DA:606,0
DA:608,0
DA:610,0
DA:611,0
DA:613,0
DA:614,0
DA:615,0
DA:616,0
DA:621,0
DA:623,0
DA:624,0
DA:627,0
DA:630,0
DA:633,0
DA:637,0
DA:638,0
DA:639,0
DA:640,0
DA:641,0
DA:642,0
DA:647,0
DA:649,0
DA:651,0
DA:653,0
DA:654,0
DA:658,0
LF:284
LH:47
end_of_record
SF:lib/actions/login_actions.g.dart
DA:14,24
DA:15,24
DA:46,12
DA:48,24
DA:49,24
DA:50,24
DA:51,24
DA:52,24
DA:53,24
DA:54,24
DA:55,24
DA:56,24
DA:57,24
DA:58,24
DA:59,24
DA:60,24
DA:61,24
DA:62,24
DA:63,24
DA:64,24
DA:65,24
DA:66,24
DA:71,30
DA:72,15
DA:73,30
DA:74,20
DA:75,10
DA:76,30
DA:77,15
DA:78,30
DA:79,20
DA:80,10
DA:81,30
DA:82,10
DA:83,5
DA:84,20
DA:85,10
DA:86,20
DA:87,10
DA:88,10
DA:89,5
DA:90,15
DA:91,20
DA:92,10
DA:93,20
DA:94,10
DA:95,20
DA:96,10
DA:97,15
DA:98,15
DA:117,0
DA:118,0
DA:120,0
DA:126,0
DA:127,0
DA:128,0
DA:129,0
DA:130,0
DA:131,0
DA:132,0
DA:133,0
DA:136,0
DA:138,0
DA:140,0
DA:141,0
DA:143,0
DA:146,0
DA:147,0
DA:148,0
DA:149,0
DA:150,0
DA:151,0
DA:154,0
DA:156,0
DA:157,0
DA:158,0
DA:159,0
DA:168,0
DA:169,0
DA:172,0
DA:173,0
DA:176,0
DA:177,0
DA:180,0
DA:181,0
DA:184,0
DA:185,0
DA:186,0
DA:188,0
DA:189,0
DA:192,0
DA:193,0
DA:195,0
DA:196,0
DA:197,0
DA:198,0
DA:199,0
DA:200,0
DA:205,0
DA:207,0
DA:208,0
DA:211,0
DA:213,0
DA:216,0
DA:218,0
DA:219,0
DA:220,0
DA:221,0
DA:222,0
DA:223,0
DA:224,0
DA:225,0
DA:226,0
DA:227,0
DA:228,0
DA:229,0
DA:230,0
DA:245,0
DA:247,0
DA:249,0
DA:254,0
DA:255,0
DA:256,0
DA:257,0
DA:258,0
DA:259,0
DA:260,0
DA:263,0
DA:265,0
DA:267,0
DA:269,0
DA:271,0
DA:274,0
DA:275,0
DA:276,0
DA:277,0
DA:278,0
DA:281,0
DA:283,0
DA:284,0
DA:285,0
DA:288,0
DA:290,0
DA:291,0
DA:292,0
DA:293,0
DA:294,0
DA:295,0
DA:304,0
DA:305,0
DA:308,0
DA:309,0
DA:312,0
DA:313,0
DA:316,0
DA:317,0
DA:319,0
DA:321,0
DA:322,0
DA:324,0
DA:325,0
DA:326,0
DA:327,0
DA:328,0
DA:333,0
DA:335,0
DA:336,0
DA:339,0
DA:341,0
DA:344,0
DA:346,0
DA:347,0
DA:348,0
DA:349,0
DA:350,0
DA:351,0
DA:352,0
DA:353,0
DA:354,0
DA:355,0
DA:356,0
DA:367,0
DA:369,0
DA:371,0
DA:372,0
DA:373,0
DA:374,0
DA:375,0
DA:376,0
DA:379,0
DA:382,0
DA:384,0
DA:386,0
DA:388,0
DA:391,0
DA:392,0
DA:393,0
DA:396,0
DA:398,0
DA:401,0
DA:403,0
DA:404,0
DA:405,0
DA:406,0
DA:416,0
DA:417,0
DA:420,0
DA:421,0
DA:423,0
DA:425,0
DA:426,0
DA:428,0
DA:429,0
DA:430,0
DA:435,0
DA:437,0
DA:438,0
DA:441,0
DA:443,0
DA:446,0
DA:448,0
DA:449,0
DA:450,0
DA:451,0
DA:452,0
DA:453,0
DA:454,0
DA:465,0
DA:466,0
DA:468,0
DA:469,0
DA:470,0
DA:471,0
DA:472,0
DA:473,0
DA:476,0
DA:478,0
DA:480,0
DA:482,0
DA:484,0
DA:487,0
DA:488,0
DA:489,0
DA:492,0
DA:494,0
DA:497,0
DA:499,0
DA:500,0
DA:501,0
DA:502,0
DA:511,0
DA:512,0
DA:515,0
DA:516,0
DA:518,0
DA:520,0
DA:521,0
DA:523,0
DA:524,0
DA:525,0
DA:530,0
DA:532,0
DA:533,0
DA:536,0
DA:538,0
DA:541,0
DA:543,0
DA:544,0
DA:545,0
DA:546,0
DA:547,0
DA:548,0
DA:549,0
DA:560,0
DA:562,0
DA:564,0
DA:565,0
DA:568,0
DA:571,0
DA:573,0
DA:575,0
DA:577,0
DA:580,0
DA:581,0
DA:582,0
DA:585,0
DA:587,0
DA:590,0
DA:592,0
DA:593,0
DA:594,0
DA:595,0
DA:604,0
DA:605,0
DA:608,0
DA:609,0
DA:611,0
DA:613,0
DA:614,0
DA:616,0
DA:617,0
DA:618,0
DA:623,0
DA:625,0
DA:626,0
DA:629,0
DA:631,0
DA:634,0
DA:636,0
DA:637,0
DA:638,0
DA:639,0
DA:640,0
DA:641,0
DA:652,1
DA:653,3
DA:655,2
DA:656,2
DA:657,2
DA:660,0
DA:662,0
DA:664,0
DA:665,0
DA:667,0
DA:670,0
DA:671,0
DA:672,0
DA:675,0
DA:677,0
DA:680,0
DA:682,0
DA:683,0
DA:684,0
DA:685,0
DA:694,3
DA:695,3
DA:698,3
DA:699,3
DA:701,1
DA:703,1
DA:704,1
DA:706,0
DA:707,0
DA:708,0
DA:713,1
DA:715,1
DA:716,1
DA:719,1
DA:721,1
DA:724,1
DA:726,1
DA:727,1
DA:728,1
DA:729,1
DA:730,1
DA:731,1
DA:732,1
LF:357
LH:75
end_of_record
SF:lib/actions/login_actions.dart
DA:7,24
DA:8,12
DA:36,0
DA:38,0
DA:40,0
DA:41,0
DA:43,0
DA:44,0
DA:45,0
DA:46,0
DA:49,0
DA:50,0
DA:64,0
DA:76,0
DA:85,0
DA:96,0
DA:107,1
LF:17
LH:3
end_of_record
SF:lib/actions/messages_actions.g.dart
DA:14,24
DA:15,24
DA:26,12
DA:28,24
DA:29,24
DA:30,24
DA:31,24
DA:32,24
DA:33,24
DA:38,15
DA:39,30
DA:40,20
DA:41,10
DA:42,20
DA:43,10
DA:44,15
DA:45,30
LF:17
LH:17
end_of_record
SF:lib/actions/messages_actions.dart
DA:8,24
DA:9,12
LF:2
LH:2
end_of_record
SF:lib/actions/notifications_actions.g.dart
DA:14,24
DA:15,24
DA:22,12
DA:24,24
DA:25,24
DA:26,24
DA:27,24
DA:32,15
DA:33,30
DA:34,30
DA:35,30
LF:11
LH:11
end_of_record
SF:lib/actions/notifications_actions.dart
DA:8,24
DA:9,12
LF:2
LH:2
end_of_record
SF:lib/actions/profile_actions.dart
DA:7,24
DA:8,12
DA:21,0
DA:26,0
DA:28,0
DA:30,0
DA:31,0
LF:7
LH:2
end_of_record
SF:lib/actions/profile_actions.g.dart
DA:14,24
DA:15,24
DA:24,12
DA:26,24
DA:27,24
DA:28,24
DA:29,24
DA:34,15
DA:35,30
DA:36,20
DA:37,10
DA:38,10
DA:39,5
DA:52,0
DA:54,0
DA:56,0
DA:57,0
DA:58,0
DA:59,0
DA:62,0
DA:65,0
DA:67,0
DA:69,0
DA:71,0
DA:74,0
DA:75,0
DA:76,0
DA:79,0
DA:81,0
DA:90,0
DA:91,0
DA:94,0
DA:95,0
DA:97,0
DA:99,0
DA:100,0
DA:102,0
DA:103,0
DA:104,0
DA:109,0
DA:111,0
DA:112,0
DA:115,0
DA:117,0
DA:120,0
DA:122,0
DA:123,0
DA:124,0
DA:125,0
DA:126,0
DA:127,0
DA:128,0
LF:52
LH:13
end_of_record
SF:lib/actions/routing_actions.g.dart
DA:14,24
DA:15,24
DA:44,12
DA:46,24
DA:47,24
DA:48,24
DA:49,24
DA:50,24
DA:51,24
DA:52,24
DA:53,24
DA:54,24
DA:55,24
DA:56,24
DA:57,24
DA:58,24
DA:59,24
DA:60,24
DA:61,24
DA:62,24
DA:67,30
DA:68,18
DA:69,12
DA:70,6
DA:71,20
DA:72,10
DA:73,20
DA:74,10
DA:75,18
DA:76,12
DA:77,6
DA:78,30
DA:79,18
DA:80,12
DA:81,6
DA:82,12
DA:83,6
DA:84,18
DA:85,12
DA:86,6
DA:87,18
DA:88,30
DA:89,20
DA:90,10
DA:91,20
DA:92,10
DA:105,0
DA:107,0
DA:109,0
DA:110,0
DA:111,0
DA:112,0
DA:113,0
DA:114,0
DA:117,0
DA:120,0
DA:122,0
DA:124,0
DA:126,0
DA:129,0
DA:130,0
DA:131,0
DA:134,0
DA:136,0
DA:145,0
DA:146,0
DA:149,0
DA:150,0
DA:152,0
DA:154,0
DA:155,0
DA:157,0
DA:158,0
DA:159,0
DA:164,0
DA:166,0
DA:167,0
DA:170,0
DA:172,0
DA:175,0
DA:177,0
DA:178,0
DA:179,0
DA:180,0
DA:181,0
DA:182,0
DA:183,0
LF:87
LH:46
end_of_record
SF:lib/actions/routing_actions.dart
DA:7,24
DA:8,12
DA:34,0
DA:39,0
DA:41,0
DA:43,0
DA:44,0
LF:7
LH:2
end_of_record
SF:lib/actions/save_pass_actions.g.dart
DA:14,24
DA:15,24
DA:20,12
DA:22,24
DA:23,24
DA:28,15
DA:29,15
LF:7
LH:7
end_of_record
SF:lib/actions/save_pass_actions.dart
DA:6,24
DA:7,12
LF:2
LH:2
end_of_record
SF:lib/actions/settings_actions.dart
DA:9,24
DA:10,12
LF:2
LH:2
end_of_record
SF:lib/actions/settings_actions.g.dart
DA:14,24
DA:15,24
DA:54,12
DA:56,24
DA:57,24
DA:58,24
DA:59,24
DA:60,24
DA:61,24
DA:62,24
DA:63,24
DA:64,24
DA:65,24
DA:66,24
DA:67,24
DA:68,24
DA:69,24
DA:70,24
DA:71,24
DA:72,24
DA:73,24
DA:74,24
DA:79,30
DA:80,20
DA:81,10
DA:82,30
DA:83,20
DA:84,10
DA:85,20
DA:86,10
DA:87,20
DA:88,10
DA:89,30
DA:91,20
DA:92,10
DA:93,20
DA:94,10
DA:95,20
DA:96,10
DA:97,20
DA:98,10
DA:99,20
DA:100,10
DA:101,20
DA:102,10
DA:103,20
DA:104,10
DA:105,20
DA:106,10
DA:107,20
DA:108,10
DA:109,20
DA:110,10
DA:111,20
DA:112,10
DA:113,20
DA:114,10
LF:57
LH:57
end_of_record
SF:lib/data.g.dart
DA:16,0
DA:18,0
DA:20,0
DA:22,0
DA:24,0
DA:26,0
DA:28,0
DA:31,0
DA:35,2
DA:36,1
DA:52,0
DA:54,0
DA:56,0
DA:58,0
DA:60,0
DA:63,0
DA:67,0
DA:75,3
DA:76,3
DA:77,2
DA:78,1
DA:79,2
DA:80,1
DA:81,2
DA:82,1
DA:83,3
DA:84,3
DA:85,3
DA:86,3
DA:87,3
DA:88,2
DA:89,1
DA:90,2
DA:91,1
DA:92,3
DA:93,2
DA:94,1
DA:95,3
DA:96,2
DA:97,1
DA:98,3
DA:99,2
DA:100,1
DA:101,3
DA:109,0
DA:112,0
DA:114,0
DA:118,0
DA:122,0
DA:125,0
DA:132,0
DA:135,0
DA:137,0
DA:138,0
DA:139,0
DA:140,0
DA:141,0
DA:143,0
DA:144,0
DA:149,0
DA:150,0
DA:155,0
DA:156,0
DA:159,0
DA:160,0
DA:166,0
DA:176,0
DA:179,0
DA:181,0
DA:184,0
DA:186,0
DA:188,0
DA:191,0
DA:194,0
DA:197,0
DA:200,0
DA:203,0
DA:206,0
DA:209,0
DA:212,0
DA:216,0
DA:219,0
DA:220,0
DA:223,0
DA:226,0
DA:227,0
DA:230,0
DA:233,0
DA:234,0
DA:237,0
DA:240,0
DA:241,0
DA:244,0
DA:247,0
DA:248,0
DA:251,0
DA:254,0
DA:255,0
DA:262,0
DA:265,0
DA:267,0
DA:268,0
DA:269,0
DA:270,0
DA:271,0
DA:273,0
DA:274,0
DA:277,0
DA:278,0
DA:281,0
DA:282,0
DA:285,0
DA:286,0
DA:289,0
DA:290,0
DA:293,0
DA:294,0
DA:297,0
DA:298,0
DA:301,0
DA:302,0
DA:305,0
DA:306,0
DA:309,0
DA:310,0
DA:313,0
DA:314,0
DA:317,0
DA:318,0
DA:321,0
DA:322,0
DA:325,0
DA:326,0
DA:329,0
DA:330,0
DA:333,0
DA:334,0
DA:337,0
DA:338,0
DA:341,0
DA:342,0
DA:350,0
DA:360,0
DA:363,0
DA:365,0
DA:368,0
DA:381,0
DA:385,0
DA:387,0
DA:390,0
DA:392,0
DA:395,0
DA:398,0
DA:401,0
DA:403,0
DA:406,0
DA:412,0
DA:416,0
DA:418,0
DA:419,0
DA:420,0
DA:421,0
DA:422,0
DA:424,0
DA:425,0
DA:428,0
DA:429,0
DA:432,0
DA:433,0
DA:436,0
DA:437,0
DA:440,0
DA:441,0
DA:444,0
DA:445,0
DA:448,0
DA:449,0
DA:452,0
DA:453,0
DA:459,0
DA:469,0
DA:472,0
DA:474,0
DA:476,0
DA:479,0
DA:483,0
DA:486,0
DA:487,0
DA:490,0
DA:493,0
DA:494,0
DA:497,0
DA:500,0
DA:501,0
DA:506,0
DA:510,0
DA:512,0
DA:513,0
DA:514,0
DA:515,0
DA:516,0
DA:518,0
DA:519,0
DA:522,0
DA:523,0
DA:526,0
DA:527,0
DA:530,0
DA:531,0
DA:534,0
DA:535,0
DA:538,0
DA:539,0
DA:545,0
DA:555,0
DA:558,0
DA:560,0
DA:566,0
DA:572,0
DA:578,0
DA:581,0
DA:584,0
DA:585,0
DA:590,0
DA:593,0
DA:595,0
DA:596,0
DA:597,0
DA:598,0
DA:599,0
DA:601,0
DA:602,0
DA:608,0
DA:609,0
DA:615,0
DA:616,0
DA:622,0
DA:623,0
DA:626,0
DA:627,0
DA:633,0
DA:643,0
DA:646,0
DA:648,0
DA:651,0
DA:654,0
DA:656,0
DA:659,0
DA:666,0
DA:669,0
DA:671,0
DA:672,0
DA:673,0
DA:674,0
DA:675,0
DA:677,0
DA:678,0
DA:681,0
DA:682,0
DA:685,0
DA:686,0
DA:689,0
DA:690,0
DA:693,0
DA:694,0
DA:700,0
DA:710,0
DA:713,0
DA:715,0
DA:718,0
DA:721,0
DA:723,0
DA:727,0
DA:730,0
DA:731,0
DA:736,0
DA:739,0
DA:741,0
DA:742,0
DA:743,0
DA:744,0
DA:745,0
DA:747,0
DA:748,0
DA:751,0
DA:752,0
DA:755,0
DA:756,0
DA:759,0
DA:760,0
DA:763,0
DA:764,0
DA:770,0
DA:780,0
DA:783,0
DA:785,0
DA:787,0
DA:791,0
DA:793,0
DA:796,0
DA:799,0
DA:802,0
DA:804,0
DA:808,0
DA:811,0
DA:812,0
DA:815,0
DA:818,0
DA:819,0
DA:822,0
DA:825,0
DA:826,0
DA:831,0
DA:834,0
DA:836,0
DA:837,0
DA:838,0
DA:839,0
DA:840,0
DA:842,0
DA:843,0
DA:846,0
DA:847,0
DA:852,0
DA:853,0
DA:856,0
DA:857,0
DA:860,0
DA:861,0
DA:864,0
DA:865,0
DA:868,0
DA:869,0
DA:872,0
DA:873,0
DA:876,0
DA:877,0
DA:880,0
DA:881,0
DA:884,0
DA:885,0
DA:891,0
DA:901,0
DA:904,0
DA:906,0
DA:909,0
DA:915,0
DA:918,0
DA:920,0
DA:921,0
DA:922,0
DA:923,0
DA:924,0
DA:926,0
DA:927,0
DA:930,0
DA:931,0
DA:937,0
DA:947,0
DA:950,0
DA:952,0
DA:955,0
DA:957,0
DA:959,0
DA:964,0
DA:967,0
DA:968,0
DA:971,0
DA:974,0
DA:975,0
DA:978,0
DA:981,0
DA:982,0
DA:988,0
DA:992,0
DA:994,0
DA:995,0
DA:996,0
DA:997,0
DA:998,0
DA:1000,0
DA:1001,0
DA:1004,0
DA:1005,0
DA:1008,0
DA:1009,0
DA:1012,0
DA:1013,0
DA:1017,0
DA:1018,0
DA:1021,0
DA:1022,0
DA:1025,0
DA:1026,0
DA:1034,0
DA:1045,0
DA:1048,0
DA:1050,0
DA:1053,0
DA:1054,0
DA:1056,0
DA:1059,0
DA:1060,0
DA:1062,0
DA:1065,0
DA:1066,0
DA:1068,0
DA:1071,0
DA:1072,0
DA:1074,0
DA:1077,0
DA:1078,0
DA:1080,0
DA:1083,0
DA:1084,0
DA:1090,0
DA:1094,0
DA:1096,0
DA:1097,0
DA:1098,0
DA:1099,0
DA:1100,0
DA:1102,0
DA:1103,0
DA:1106,0
DA:1107,0
DA:1110,0
DA:1111,0
DA:1114,0
DA:1115,0
DA:1118,0
DA:1119,0
DA:1122,0
DA:1123,0
DA:1129,0
DA:1139,0
DA:1142,0
DA:1144,0
DA:1146,0
DA:1149,0
DA:1152,0
DA:1155,0
DA:1161,0
DA:1164,0
DA:1166,0
DA:1167,0
DA:1168,0
DA:1169,0
DA:1170,0
DA:1172,0
DA:1173,0
DA:1176,0
DA:1177,0
DA:1180,0
DA:1181,0
DA:1184,0
DA:1185,0
DA:1188,0
DA:1189,0
DA:1195,0
DA:1206,0
DA:1209,0
DA:1211,0
DA:1214,0
DA:1223,0
DA:1226,0
DA:1228,0
DA:1231,0
DA:1239,0
DA:1242,0
DA:1244,0
DA:1245,0
DA:1246,0
DA:1247,0
DA:1248,0
DA:1250,0
DA:1251,0
DA:1254,0
DA:1255,0
DA:1263,0
DA:1273,0
DA:1276,0
DA:1278,0
DA:1281,0
DA:1283,0
DA:1287,0
DA:1290,0
DA:1294,0
DA:1299,0
DA:1302,0
DA:1303,0
DA:1309,0
DA:1313,0
DA:1315,0
DA:1316,0
DA:1317,0
DA:1318,0
DA:1319,0
DA:1321,0
DA:1322,0
DA:1325,0
DA:1326,0
DA:1329,0
DA:1330,0
DA:1335,0
DA:1336,0
DA:1339,0
DA:1340,0
DA:1343,0
DA:1344,0
DA:1349,0
DA:1350,0
DA:1358,0
DA:1368,0
DA:1371,0
DA:1373,0
DA:1376,0
DA:1383,0
DA:1386,0
DA:1388,0
DA:1389,0
DA:1390,0
DA:1391,0
DA:1392,0
DA:1394,0
DA:1395,0
DA:1398,0
DA:1399,0
DA:1405,0
DA:1415,0
DA:1418,0
DA:1420,0
DA:1422,0
DA:1424,0
DA:1427,0
DA:1429,0
DA:1432,0
DA:1435,0
DA:1438,0
DA:1440,0
DA:1447,0
DA:1451,0
DA:1453,0
DA:1454,0
DA:1455,0
DA:1456,0
DA:1457,0
DA:1459,0
DA:1460,0
DA:1463,0
DA:1464,0
DA:1467,0
DA:1468,0
DA:1471,0
DA:1472,0
DA:1475,0
DA:1476,0
DA:1479,0
DA:1480,0
DA:1483,0
DA:1484,0
DA:1487,0
DA:1488,0
DA:1491,0
DA:1492,0
DA:1498,0
DA:1508,0
DA:1511,0
DA:1513,0
DA:1516,0
DA:1518,0
DA:1521,0
DA:1524,0
DA:1527,0
DA:1529,0
DA:1533,0
DA:1536,0
DA:1537,0
DA:1540,0
DA:1543,0
DA:1544,0
DA:1547,0
DA:1550,0
DA:1551,0
DA:1557,0
DA:1560,0
DA:1562,0
DA:1563,0
DA:1564,0
DA:1565,0
DA:1566,0
DA:1568,0
DA:1569,0
DA:1572,0
DA:1573,0
DA:1576,0
DA:1577,0
DA:1580,0
DA:1581,0
DA:1584,0
DA:1585,0
DA:1588,0
DA:1589,0
DA:1592,0
DA:1593,0
DA:1596,0
DA:1597,0
DA:1600,0
DA:1601,0
DA:1604,0
DA:1605,0
DA:1611,0
DA:1625,2
DA:1626,6
DA:1628,2
DA:1633,2
DA:1634,4
DA:1635,2
DA:1636,2
DA:1637,4
DA:1638,2
DA:1639,2
DA:1642,2
DA:1644,6
DA:1646,2
DA:1647,4
DA:1649,1
DA:1652,0
DA:1653,0
DA:1654,0
DA:1655,0
DA:1656,0
DA:1659,2
DA:1661,4
DA:1662,14
DA:1663,4
DA:1664,4
DA:1667,0
DA:1669,0
DA:1670,0
DA:1671,0
DA:1672,0
DA:1673,0
DA:1674,0
DA:1682,2
DA:1683,5
DA:1684,6
DA:1687,2
DA:1688,4
DA:1689,2
DA:1690,4
DA:1693,6
DA:1694,6
DA:1697,6
DA:1698,2
DA:1699,4
DA:1701,2
DA:1702,2
DA:1705,2
DA:1706,2
DA:1708,6
DA:1709,6
DA:1710,4
DA:1711,4
DA:1712,2
DA:1717,2
DA:1719,2
DA:1720,2
DA:1723,2
DA:1725,2
DA:1728,2
DA:1732,2
DA:1733,2
DA:1734,4
DA:1735,4
DA:1736,4
DA:1737,2
DA:1738,2
DA:1743,0
DA:1745,0
DA:1747,0
DA:1748,0
DA:1752,2
DA:1795,2
DA:1796,6
DA:1798,2
DA:1817,2
DA:1818,4
DA:1819,4
DA:1820,4
DA:1821,4
DA:1822,4
DA:1823,4
DA:1824,2
DA:1825,2
DA:1826,4
DA:1827,4
DA:1828,4
DA:1829,4
DA:1830,4
DA:1833,2
DA:1835,6
DA:1837,2
DA:1838,4
DA:1840,2
DA:1843,1
DA:1844,3
DA:1845,3
DA:1846,3
DA:1847,3
DA:1848,3
DA:1849,3
DA:1850,3
DA:1851,3
DA:1852,3
DA:1853,3
DA:1854,3
DA:1855,3
DA:1856,3
DA:1857,3
DA:1858,3
DA:1859,3
DA:1860,3
DA:1861,3
DA:1864,2
DA:1866,4
DA:1867,2
DA:1868,2
DA:1869,2
DA:1870,2
DA:1871,2
DA:1872,2
DA:1873,2
DA:1874,2
DA:1875,2
DA:1876,2
DA:1877,2
DA:1878,2
DA:1879,2
DA:1880,2
DA:1881,2
DA:1882,2
DA:1883,2
DA:1885,2
DA:1886,2
DA:1887,2
DA:1888,2
DA:1889,2
DA:1890,2
DA:1891,2
DA:1892,2
DA:1893,4
DA:1894,4
DA:1895,4
DA:1896,4
DA:1897,4
DA:1898,4
DA:1899,4
DA:1900,4
DA:1901,4
DA:1902,4
DA:1903,4
DA:1904,4
DA:1905,4
DA:1906,4
DA:1909,0
DA:1911,0
DA:1912,0
DA:1913,0
DA:1914,0
DA:1915,0
DA:1916,0
DA:1917,0
DA:1918,0
DA:1919,0
DA:1920,0
DA:1921,0
DA:1922,0
DA:1923,0
DA:1924,0
DA:1925,0
DA:1926,0
DA:1927,0
DA:1928,0
DA:1929,0
DA:1930,0
DA:1938,6
DA:1939,6
DA:1942,6
DA:1943,6
DA:1946,6
DA:1947,6
DA:1950,6
DA:1951,6
DA:1954,6
DA:1955,6
DA:1958,6
DA:1959,6
DA:1962,6
DA:1963,3
DA:1966,6
DA:1967,1
DA:1968,2
DA:1971,6
DA:1972,0
DA:1975,6
DA:1976,2
DA:1977,4
DA:1980,6
DA:1981,6
DA:1984,6
DA:1985,6
DA:1988,6
DA:1989,6
DA:1992,6
DA:1993,6
DA:1996,0
DA:1997,0
DA:1998,1
DA:1999,2
DA:2002,6
DA:2003,3
DA:2006,6
DA:2007,6
DA:2010,0
DA:2011,0
DA:2012,1
DA:2014,2
DA:2016,2
DA:2017,2
DA:2020,2
DA:2021,2
DA:2023,4
DA:2024,4
DA:2025,4
DA:2026,4
DA:2027,4
DA:2028,4
DA:2029,4
DA:2030,4
DA:2031,4
DA:2032,4
DA:2033,4
DA:2034,4
DA:2035,4
DA:2036,4
DA:2037,4
DA:2038,4
DA:2039,4
DA:2040,4
DA:2041,2
DA:2046,2
DA:2048,2
DA:2049,2
DA:2052,2
DA:2054,2
DA:2057,2
DA:2061,2
DA:2062,2
DA:2063,2
DA:2064,2
DA:2065,4
DA:2066,2
DA:2067,2
DA:2068,2
DA:2069,2
DA:2070,2
DA:2071,2
DA:2072,2
DA:2073,2
DA:2074,2
DA:2075,2
DA:2076,2
DA:2077,2
DA:2078,2
DA:2079,2
DA:2080,2
DA:2081,2
DA:2082,2
DA:2083,2
DA:2084,2
DA:2085,2
DA:2086,2
DA:2087,3
DA:2088,2
DA:2090,4
DA:2091,2
DA:2096,0
DA:2099,0
DA:2101,0
DA:2102,0
DA:2106,2
DA:2131,0
DA:2133,0
DA:2135,0
DA:2145,0
DA:2146,0
DA:2147,0
DA:2148,0
DA:2149,0
DA:2150,0
DA:2151,0
DA:2152,0
DA:2153,0
DA:2154,0
DA:2155,0
DA:2156,0
DA:2157,0
DA:2158,0
DA:2159,0
DA:2160,0
DA:2161,0
DA:2164,0
DA:2167,0
DA:2169,0
DA:2171,0
DA:2173,0
DA:2176,0
DA:2177,0
DA:2178,0
DA:2179,0
DA:2180,0
DA:2181,0
DA:2182,0
DA:2183,0
DA:2184,0
DA:2185,0
DA:2188,0
DA:2190,0
DA:2191,0
DA:2192,0
DA:2193,0
DA:2194,0
DA:2195,0
DA:2196,0
DA:2197,0
DA:2198,0
DA:2199,0
DA:2200,0
DA:2201,0
DA:2202,0
DA:2203,0
DA:2206,0
DA:2208,0
DA:2209,0
DA:2210,0
DA:2211,0
DA:2212,0
DA:2213,0
DA:2214,0
DA:2215,0
DA:2216,0
DA:2217,0
DA:2218,0
DA:2227,0
DA:2228,0
DA:2231,0
DA:2232,0
DA:2235,0
DA:2236,0
DA:2239,0
DA:2240,0
DA:2243,0
DA:2244,0
DA:2247,0
DA:2248,0
DA:2249,0
DA:2252,0
DA:2253,0
DA:2256,0
DA:2257,0
DA:2260,0
DA:2261,0
DA:2263,0
DA:2264,0
DA:2267,0
DA:2268,0
DA:2270,0
DA:2271,0
DA:2272,0
DA:2273,0
DA:2274,0
DA:2275,0
DA:2276,0
DA:2277,0
DA:2278,0
DA:2279,0
DA:2284,0
DA:2286,0
DA:2287,0
DA:2290,0
DA:2292,0
DA:2295,0
DA:2297,0
DA:2298,0
DA:2299,0
DA:2300,0
DA:2301,0
DA:2302,0
DA:2303,0
DA:2304,0
DA:2305,0
DA:2306,0
DA:2307,0
DA:2308,0
DA:2309,0
DA:2310,0
DA:2311,0
DA:2312,0
DA:2313,0
DA:2314,0
DA:2316,0
DA:2317,0
DA:2336,1
DA:2337,3
DA:2339,1
DA:2346,1
DA:2347,2
DA:2348,2
DA:2349,2
DA:2352,0
DA:2354,0
DA:2356,0
DA:2357,0
DA:2359,1
DA:2362,0
DA:2363,0
DA:2364,0
DA:2365,0
DA:2366,0
DA:2367,0
DA:2368,0
DA:2371,1
DA:2373,2
DA:2374,1
DA:2375,1
DA:2376,7
DA:2377,2
DA:2378,2
DA:2379,2
DA:2380,2
DA:2383,0
DA:2385,0
DA:2386,0
DA:2387,0
DA:2388,0
DA:2389,0
DA:2390,0
DA:2391,0
DA:2392,0
DA:2401,3
DA:2402,3
DA:2405,3
DA:2406,3
DA:2409,3
DA:2410,0
DA:2413,3
DA:2414,3
DA:2417,3
DA:2418,3
DA:2421,3
DA:2422,3
DA:2424,1
DA:2426,1
DA:2427,1
DA:2429,0
DA:2430,0
DA:2431,0
DA:2432,0
DA:2433,0
DA:2434,0
DA:2435,0
DA:2440,1
DA:2442,1
DA:2443,1
DA:2446,1
DA:2448,1
DA:2451,1
DA:2453,1
DA:2454,1
DA:2455,2
DA:2456,1
DA:2457,1
DA:2458,1
DA:2459,1
DA:2460,1
DA:2461,1
DA:2462,1
DA:2463,1
DA:2480,2
DA:2481,6
DA:2483,2
DA:2489,2
DA:2490,4
DA:2491,4
DA:2492,2
DA:2493,2
DA:2494,4
DA:2497,0
DA:2499,0
DA:2501,1
DA:2502,2
DA:2504,0
DA:2507,0
DA:2508,0
DA:2509,0
DA:2510,0
DA:2511,0
DA:2512,0
DA:2515,0
DA:2517,0
DA:2518,0
DA:2519,0
DA:2520,0
DA:2521,0
DA:2522,0
DA:2525,0
DA:2527,0
DA:2528,0
DA:2529,0
DA:2530,0
DA:2531,0
DA:2532,0
DA:2533,0
DA:2541,2
DA:2542,4
DA:2543,2
DA:2544,4
DA:2547,2
DA:2548,4
DA:2549,2
DA:2550,4
DA:2553,2
DA:2554,4
DA:2555,0
DA:2556,2
DA:2558,4
DA:2561,6
DA:2562,0
DA:2565,6
DA:2566,6
DA:2568,2
DA:2570,2
DA:2571,2
DA:2573,0
DA:2574,0
DA:2575,0
DA:2576,0
DA:2577,0
DA:2578,0
DA:2583,2
DA:2585,2
DA:2586,2
DA:2589,2
DA:2591,2
DA:2594,2
DA:2598,2
DA:2599,2
DA:2600,4
DA:2601,4
DA:2602,4
DA:2603,2
DA:2604,2
DA:2605,2
DA:2610,0
DA:2612,0
DA:2614,0
DA:2616,0
DA:2617,0
DA:2621,2
DA:2638,1
DA:2639,3
DA:2641,1
DA:2647,1
DA:2648,2
DA:2649,2
DA:2650,2
DA:2651,2
DA:2652,1
DA:2653,1
DA:2656,0
DA:2658,0
DA:2660,0
DA:2661,0
DA:2663,0
DA:2666,0
DA:2667,0
DA:2668,0
DA:2669,0
DA:2670,0
DA:2671,0
DA:2674,0
DA:2676,0
DA:2677,0
DA:2678,0
DA:2679,0
DA:2680,0
DA:2681,0
DA:2684,0
DA:2686,0
DA:2687,0
DA:2688,0
DA:2689,0
DA:2690,0
DA:2691,0
DA:2692,0
DA:2700,3
DA:2701,3
DA:2704,3
DA:2705,3
DA:2708,3
DA:2709,3
DA:2712,3
DA:2713,3
DA:2716,3
DA:2717,3
DA:2719,1
DA:2721,1
DA:2722,1
DA:2724,0
DA:2725,0
DA:2726,0
DA:2727,0
DA:2728,0
DA:2729,0
DA:2734,1
DA:2736,1
DA:2737,1
DA:2740,1
DA:2742,1
DA:2745,1
DA:2747,1
DA:2748,1
DA:2749,1
DA:2750,1
DA:2751,1
DA:2752,1
DA:2753,1
DA:2754,1
DA:2755,1
DA:2756,1
DA:2757,1
DA:2758,1
DA:2759,1
DA:2776,2
DA:2777,6
DA:2779,2
DA:2785,2
DA:2786,2
DA:2787,2
DA:2788,4
DA:2789,4
DA:2790,4
DA:2793,0
DA:2795,0
DA:2797,0
DA:2798,0
DA:2800,0
DA:2803,0
DA:2804,0
DA:2805,0
DA:2806,0
DA:2807,0
DA:2808,0
DA:2811,0
DA:2813,0
DA:2814,0
DA:2815,0
DA:2816,0
DA:2817,0
DA:2818,0
DA:2821,0
DA:2823,0
DA:2824,0
DA:2825,0
DA:2826,0
DA:2827,0
DA:2828,0
DA:2829,0
DA:2837,6
DA:2838,6
DA:2841,6
DA:2842,2
DA:2843,4
DA:2846,6
DA:2847,6
DA:2850,6
DA:2851,6
DA:2854,6
DA:2855,6
DA:2857,2
DA:2859,2
DA:2860,2
DA:2862,0
DA:2863,0
DA:2864,0
DA:2865,0
DA:2866,0
DA:2867,0
DA:2872,2
DA:2874,2
DA:2875,2
DA:2878,2
DA:2880,2
DA:2883,2
DA:2885,2
DA:2886,2
DA:2887,2
DA:2888,2
DA:2889,2
DA:2891,4
DA:2893,4
DA:2894,2
DA:2895,2
DA:2896,2
DA:2925,1
DA:2926,3
DA:2928,1
DA:2940,1
DA:2941,2
DA:2942,1
DA:2943,1
DA:2944,2
DA:2945,2
DA:2946,1
DA:2947,1
DA:2948,2
DA:2949,2
DA:2950,1
DA:2951,1
DA:2954,0
DA:2956,0
DA:2958,0
DA:2959,0
DA:2961,0
DA:2964,0
DA:2965,0
DA:2966,0
DA:2967,0
DA:2968,0
DA:2969,0
DA:2970,0
DA:2971,0
DA:2972,0
DA:2973,0
DA:2974,0
DA:2975,0
DA:2978,0
DA:2980,0
DA:2981,0
DA:2982,0
DA:2983,0
DA:2984,0
DA:2985,0
DA:2986,0
DA:2987,0
DA:2988,0
DA:2989,0
DA:2990,0
DA:2991,0
DA:2992,0
DA:2993,0
DA:2994,0
DA:2995,0
DA:2996,0
DA:2997,0
DA:2998,0
DA:2999,0
DA:3002,0
DA:3004,0
DA:3005,0
DA:3006,0
DA:3007,0
DA:3008,0
DA:3009,0
DA:3010,0
DA:3011,0
DA:3012,0
DA:3013,0
DA:3014,0
DA:3015,0
DA:3016,0
DA:3024,3
DA:3025,3
DA:3028,1
DA:3029,3
DA:3030,1
DA:3031,2
DA:3034,3
DA:3035,3
DA:3038,3
DA:3039,3
DA:3042,3
DA:3043,0
DA:3044,0
DA:3047,3
DA:3048,0
DA:3051,3
DA:3052,3
DA:3055,3
DA:3056,1
DA:3057,2
DA:3060,3
DA:3061,3
DA:3064,3
DA:3065,3
DA:3068,3
DA:3069,3
DA:3071,1
DA:3073,1
DA:3074,1
DA:3076,0
DA:3077,0
DA:3078,0
DA:3079,0
DA:3080,0
DA:3081,0
DA:3082,0
DA:3083,0
DA:3084,0
DA:3085,0
DA:3086,0
DA:3087,0
DA:3092,1
DA:3094,1
DA:3095,1
DA:3098,1
DA:3100,1
DA:3103,1
DA:3107,1
DA:3108,1
DA:3109,1
DA:3110,1
DA:3111,2
DA:3112,1
DA:3113,1
DA:3114,1
DA:3115,1
DA:3116,1
DA:3117,1
DA:3118,1
DA:3119,1
DA:3120,1
DA:3121,1
DA:3122,1
DA:3123,1
DA:3124,1
DA:3125,1
DA:3126,1
DA:3131,0
DA:3133,0
DA:3134,0
DA:3138,1
DA:3149,1
DA:3150,3
DA:3152,2
DA:3153,2
DA:3154,2
DA:3157,0
DA:3159,0
DA:3161,0
DA:3162,0
DA:3164,0
DA:3167,0
DA:3168,0
DA:3169,0
DA:3172,0
DA:3174,0
DA:3177,0
DA:3179,0
DA:3180,0
DA:3181,0
DA:3182,0
DA:3190,3
DA:3191,3
DA:3194,3
DA:3195,3
DA:3197,1
DA:3199,1
DA:3200,1
DA:3202,0
DA:3203,0
DA:3204,0
DA:3209,1
DA:3211,1
DA:3212,1
DA:3215,1
DA:3217,1
DA:3220,1
DA:3222,1
DA:3223,1
DA:3224,1
DA:3225,1
DA:3226,1
DA:3227,1
DA:3228,1
DA:3249,2
DA:3250,6
DA:3252,2
DA:3260,2
DA:3261,2
DA:3262,2
DA:3263,4
DA:3264,4
DA:3265,4
DA:3268,0
DA:3270,0
DA:3272,0
DA:3273,0
DA:3275,1
DA:3278,1
DA:3279,3
DA:3280,3
DA:3281,3
DA:3282,3
DA:3283,3
DA:3284,3
DA:3285,3
DA:3288,1
DA:3290,2
DA:3291,1
DA:3292,1
DA:3293,1
DA:3294,7
DA:3295,2
DA:3296,2
DA:3297,2
DA:3298,2
DA:3299,2
DA:3302,0
DA:3304,0
DA:3305,0
DA:3306,0
DA:3307,0
DA:3308,0
DA:3309,0
DA:3310,0
DA:3311,0
DA:3312,0
DA:3321,6
DA:3322,6
DA:3325,6
DA:3326,2
DA:3327,4
DA:3330,6
DA:3331,2
DA:3332,4
DA:3335,6
DA:3336,6
DA:3339,6
DA:3340,6
DA:3343,6
DA:3344,6
DA:3347,2
DA:3348,4
DA:3349,6
DA:3351,2
DA:3353,2
DA:3354,2
DA:3356,0
DA:3357,0
DA:3358,0
DA:3359,0
DA:3360,0
DA:3361,0
DA:3362,0
DA:3363,0
DA:3368,2
DA:3370,2
DA:3371,2
DA:3374,2
DA:3376,2
DA:3379,2
DA:3383,2
DA:3384,2
DA:3385,2
DA:3386,2
DA:3387,2
DA:3388,2
DA:3389,2
DA:3390,2
DA:3391,2
DA:3392,2
DA:3393,2
DA:3394,4
DA:3399,0
DA:3401,0
DA:3402,0
DA:3406,2
DA:3425,0
DA:3427,0
DA:3429,2
DA:3436,2
DA:3438,0
DA:3440,0
DA:3442,0
DA:3444,0
DA:3446,2
DA:3449,1
DA:3450,3
DA:3451,3
DA:3452,3
DA:3453,3
DA:3454,3
DA:3455,3
DA:3458,0
DA:3460,0
DA:3461,0
DA:3462,0
DA:3463,0
DA:3464,0
DA:3465,0
DA:3466,0
DA:3467,0
DA:3470,0
DA:3472,0
DA:3473,0
DA:3474,0
DA:3475,0
DA:3476,0
DA:3477,0
DA:3478,0
DA:3479,0
DA:3488,6
DA:3489,6
DA:3492,6
DA:3493,2
DA:3494,4
DA:3497,6
DA:3498,6
DA:3501,6
DA:3502,6
DA:3505,6
DA:3506,6
DA:3509,6
DA:3510,6
DA:3512,2
DA:3514,2
DA:3515,2
DA:3517,0
DA:3518,0
DA:3519,0
DA:3520,0
DA:3521,0
DA:3522,0
DA:3523,0
DA:3528,2
DA:3530,2
DA:3531,2
DA:3534,0
DA:3536,0
DA:3539,2
DA:3541,2
DA:3542,2
DA:3543,2
DA:3544,2
DA:3545,2
DA:3546,2
DA:3547,2
DA:3548,2
DA:3549,2
DA:3566,2
DA:3567,6
DA:3569,2
DA:3575,2
DA:3576,4
DA:3577,2
DA:3578,2
DA:3579,2
DA:3580,2
DA:3581,4
DA:3582,4
DA:3585,0
DA:3587,0
DA:3589,0
DA:3590,0
DA:3592,2
DA:3595,2
DA:3596,6
DA:3597,6
DA:3598,6
DA:3599,6
DA:3600,6
DA:3603,1
DA:3605,2
DA:3606,1
DA:3607,7
DA:3608,2
DA:3609,2
DA:3610,2
DA:3613,0
DA:3615,0
DA:3616,0
DA:3617,0
DA:3618,0
DA:3619,0
DA:3620,0
DA:3621,0
DA:3629,6
DA:3630,6
DA:3633,6
DA:3634,2
DA:3635,4
DA:3638,6
DA:3639,2
DA:3640,4
DA:3643,6
DA:3644,6
DA:3647,6
DA:3648,6
DA:3650,2
DA:3652,2
DA:3653,2
DA:3655,0
DA:3656,0
DA:3657,0
DA:3658,0
DA:3659,0
DA:3660,0
DA:3665,2
DA:3667,2
DA:3668,2
DA:3671,2
DA:3673,2
DA:3676,2
DA:3678,2
DA:3679,2
DA:3680,2
DA:3681,2
DA:3682,2
DA:3683,2
DA:3684,2
DA:3685,2
DA:3687,4
DA:3689,4
DA:3690,2
DA:3701,1
DA:3702,3
DA:3704,2
DA:3705,2
DA:3706,2
DA:3709,0
DA:3711,0
DA:3713,0
DA:3714,0
DA:3716,1
DA:3719,0
DA:3722,1
DA:3724,7
DA:3727,0
DA:3729,0
DA:3730,0
DA:3731,0
DA:3732,0
DA:3740,3
DA:3741,3
DA:3744,1
DA:3745,2
DA:3746,3
DA:3748,1
DA:3750,1
DA:3751,1
DA:3753,0
DA:3754,0
DA:3755,0
DA:3760,1
DA:3762,1
DA:3763,1
DA:3766,1
DA:3768,1
DA:3771,1
DA:3775,1
DA:3776,1
DA:3777,1
DA:3778,1
DA:3779,2
DA:3784,0
DA:3786,0
DA:3787,0
DA:3791,1
DA:3812,1
DA:3813,3
DA:3815,1
DA:3823,1
DA:3824,2
DA:3825,2
DA:3826,2
DA:3827,2
DA:3828,1
DA:3829,1
DA:3830,2
DA:3833,0
DA:3835,0
DA:3837,0
DA:3838,0
DA:3840,0
DA:3843,0
DA:3844,0
DA:3845,0
DA:3846,0
DA:3847,0
DA:3848,0
DA:3849,0
DA:3850,0
DA:3853,1
DA:3855,2
DA:3856,1
DA:3857,1
DA:3858,1
DA:3859,7
DA:3860,2
DA:3861,2
DA:3862,2
DA:3863,2
DA:3864,2
DA:3867,0
DA:3869,0
DA:3870,0
DA:3871,0
DA:3872,0
DA:3873,0
DA:3874,0
DA:3875,0
DA:3876,0
DA:3877,0
DA:3886,3
DA:3887,3
DA:3890,3
DA:3891,3
DA:3894,3
DA:3895,3
DA:3898,3
DA:3899,0
DA:3902,3
DA:3903,3
DA:3906,1
DA:3907,2
DA:3908,1
DA:3909,2
DA:3912,1
DA:3913,2
DA:3914,3
DA:3916,1
DA:3917,1
DA:3920,1
DA:3921,1
DA:3923,0
DA:3924,0
DA:3925,0
DA:3926,0
DA:3927,0
DA:3928,0
DA:3929,0
DA:3930,0
DA:3935,1
DA:3937,1
DA:3938,1
DA:3941,1
DA:3943,1
DA:3946,1
DA:3950,1
DA:3951,1
DA:3952,1
DA:3953,1
DA:3954,1
DA:3955,1
DA:3956,2
DA:3957,1
DA:3958,1
DA:3959,1
DA:3960,2
DA:3961,2
DA:3966,0
DA:3969,0
DA:3971,0
DA:3973,0
DA:3974,0
DA:3978,1
DA:3989,0
DA:3990,0
DA:3992,0
DA:3993,0
DA:3994,0
DA:3997,0
DA:3999,0
DA:4001,0
DA:4002,0
DA:4004,0
DA:4007,0
DA:4008,0
DA:4009,0
DA:4012,0
DA:4014,0
DA:4017,0
DA:4019,0
DA:4020,0
DA:4021,0
DA:4022,0
DA:4030,0
DA:4031,0
DA:4034,0
DA:4035,0
DA:4037,0
DA:4039,0
DA:4040,0
DA:4042,0
DA:4043,0
DA:4044,0
DA:4049,0
DA:4051,0
DA:4052,0
DA:4055,0
DA:4057,0
DA:4060,0
DA:4062,0
DA:4063,0
DA:4064,0
DA:4065,0
DA:4066,0
DA:4067,0
DA:4068,0
DA:4093,1
DA:4094,3
DA:4096,1
DA:4106,1
DA:4107,2
DA:4108,2
DA:4109,2
DA:4110,2
DA:4111,2
DA:4112,1
DA:4113,1
DA:4114,1
DA:4115,1
DA:4116,2
DA:4117,2
DA:4120,0
DA:4122,0
DA:4124,0
DA:4125,0
DA:4127,0
DA:4130,0
DA:4131,0
DA:4132,0
DA:4133,0
DA:4134,0
DA:4135,0
DA:4136,0
DA:4137,0
DA:4138,0
DA:4139,0
DA:4142,1
DA:4144,2
DA:4145,1
DA:4146,1
DA:4147,1
DA:4148,1
DA:4149,1
DA:4150,7
DA:4151,2
DA:4152,2
DA:4153,2
DA:4154,2
DA:4155,2
DA:4156,2
DA:4157,2
DA:4160,0
DA:4162,0
DA:4163,0
DA:4164,0
DA:4165,0
DA:4166,0
DA:4167,0
DA:4168,0
DA:4169,0
DA:4170,0
DA:4171,0
DA:4172,0
DA:4181,3
DA:4182,3
DA:4185,3
DA:4186,3
DA:4189,3
DA:4190,3
DA:4193,3
DA:4194,3
DA:4197,3
DA:4198,3
DA:4201,3
DA:4202,3
DA:4205,3
DA:4206,1
DA:4207,2
DA:4210,3
DA:4211,3
DA:4214,3
DA:4215,3
DA:4217,1
DA:4219,1
DA:4220,1
DA:4222,0
DA:4223,0
DA:4224,0
DA:4225,0
DA:4226,0
DA:4227,0
DA:4228,0
DA:4229,0
DA:4230,0
DA:4231,0
DA:4236,1
DA:4238,1
DA:4239,1
DA:4242,1
DA:4244,1
DA:4247,1
DA:4249,1
DA:4250,1
DA:4251,2
DA:4252,1
DA:4253,1
DA:4254,1
DA:4255,1
DA:4256,1
DA:4257,1
DA:4258,1
DA:4259,1
DA:4260,1
DA:4261,1
DA:4262,1
DA:4263,1
DA:4266,1
DA:4267,1
DA:4268,1
DA:4269,1
DA:4270,1
DA:4299,1
DA:4300,3
DA:4302,1
DA:4314,1
DA:4315,2
DA:4316,2
DA:4317,2
DA:4318,1
DA:4319,1
DA:4320,2
DA:4321,2
DA:4322,1
DA:4323,1
DA:4324,1
DA:4325,1
DA:4328,0
DA:4330,0
DA:4332,0
DA:4333,0
DA:4335,0
DA:4338,0
DA:4339,0
DA:4340,0
DA:4341,0
DA:4342,0
DA:4343,0
DA:4344,0
DA:4345,0
DA:4346,0
DA:4347,0
DA:4348,0
DA:4349,0
DA:4352,0
DA:4354,0
DA:4355,0
DA:4356,0
DA:4357,0
DA:4358,0
DA:4359,0
DA:4360,0
DA:4361,0
DA:4362,0
DA:4363,0
DA:4364,0
DA:4365,0
DA:4366,0
DA:4367,0
DA:4368,0
DA:4369,0
DA:4370,0
DA:4371,0
DA:4372,0
DA:4373,0
DA:4376,0
DA:4378,0
DA:4379,0
DA:4380,0
DA:4381,0
DA:4382,0
DA:4383,0
DA:4384,0
DA:4385,0
DA:4386,0
DA:4387,0
DA:4388,0
DA:4389,0
DA:4390,0
DA:4398,3
DA:4399,3
DA:4402,3
DA:4403,3
DA:4406,3
DA:4407,3
DA:4410,3
DA:4411,0
DA:4414,3
DA:4415,1
DA:4416,2
DA:4419,3
DA:4420,3
DA:4423,3
DA:4424,3
DA:4427,3
DA:4428,1
DA:4429,2
DA:4432,3
DA:4433,3
DA:4436,3
DA:4437,1
DA:4438,2
DA:4441,3
DA:4442,3
DA:4444,1
DA:4445,1
DA:4448,1
DA:4449,1
DA:4451,0
DA:4452,0
DA:4453,0
DA:4454,0
DA:4455,0
DA:4456,0
DA:4457,0
DA:4458,0
DA:4459,0
DA:4460,0
DA:4461,0
DA:4462,0
DA:4467,1
DA:4469,1
DA:4470,1
DA:4473,1
DA:4475,1
DA:4478,1
DA:4480,1
DA:4481,1
DA:4482,1
DA:4483,1
DA:4485,2
DA:4486,1
DA:4487,1
DA:4488,1
DA:4489,1
DA:4490,1
DA:4491,1
DA:4492,1
DA:4493,1
DA:4494,1
DA:4495,2
DA:4496,1
DA:4497,1
DA:4498,1
DA:4499,1
DA:4500,1
LF:2170
LH:929
end_of_record
SF:lib/data.dart
DA:12,2
DA:13,2
DA:17,3
DA:18,3
DA:21,2
DA:23,4
DA:24,4
DA:27,1
DA:28,7
DA:31,1
DA:32,2
DA:35,1
DA:36,1
DA:37,1
DA:38,2
DA:39,0
DA:40,0
DA:43,0
DA:51,0
DA:52,0
DA:53,0
DA:60,2
DA:61,2
DA:80,1
DA:81,5
DA:96,1
DA:97,3
DA:98,3
DA:99,0
DA:100,0
DA:101,0
DA:102,0
DA:103,0
DA:104,0
DA:115,0
DA:116,0
DA:117,0
DA:125,0
DA:126,0
DA:127,0
DA:128,0
DA:129,0
DA:135,0
DA:136,0
DA:137,0
DA:138,0
DA:139,0
DA:140,0
DA:141,0
DA:142,0
DA:143,0
DA:147,0
DA:148,0
DA:151,2
DA:152,2
DA:153,2
DA:154,2
DA:155,2
DA:156,2
DA:157,2
DA:158,2
DA:159,4
DA:162,0
DA:164,0
DA:165,0
DA:166,0
DA:167,0
DA:169,0
DA:170,0
DA:171,0
DA:172,0
DA:173,0
DA:174,0
DA:175,0
DA:176,0
DA:189,15
DA:190,2
DA:191,0
DA:192,2
DA:193,0
DA:195,0
DA:204,0
DA:205,1
DA:206,1
DA:219,0
DA:220,0
DA:221,0
DA:228,1
DA:229,2
DA:244,2
DA:245,2
DA:253,1
DA:254,2
DA:255,0
DA:256,0
DA:257,0
DA:258,0
DA:259,0
DA:261,0
DA:262,0
DA:264,2
DA:265,3
DA:266,6
DA:269,1
DA:270,2
DA:271,0
DA:272,0
DA:273,0
DA:274,0
DA:275,0
DA:277,0
DA:278,0
DA:280,4
DA:281,1
DA:282,2
DA:283,3
DA:284,6
DA:287,1
DA:288,1
DA:292,2
DA:293,2
DA:294,4
DA:295,2
DA:297,1
DA:298,2
DA:301,1
DA:302,1
DA:304,3
DA:310,1
DA:311,1
DA:312,2
DA:314,1
DA:316,1
DA:317,1
DA:320,0
DA:324,1
DA:325,0
DA:327,2
DA:345,1
DA:346,2
DA:364,2
DA:365,2
DA:368,3
DA:372,3
DA:373,3
DA:375,3
DA:376,1
DA:377,3
DA:378,2
DA:379,3
DA:380,4
DA:381,2
DA:382,4
DA:384,0
DA:395,1
DA:396,2
DA:398,3
DA:415,1
DA:416,2
DA:436,2
DA:437,2
DA:444,2
DA:445,1
DA:446,1
DA:466,2
DA:467,2
DA:471,1
DA:472,1
DA:478,2
DA:479,2
DA:480,2
DA:481,2
DA:488,15
DA:489,0
DA:490,0
DA:496,6
DA:498,2
DA:501,1
DA:513,5
DA:514,0
DA:515,5
DA:519,1
DA:520,2
DA:522,2
DA:525,1
DA:531,2
DA:533,0
DA:547,5
DA:548,2
DA:551,1
DA:571,2
DA:573,2
DA:575,1
DA:576,1
DA:578,1
DA:579,1
LF:196
LH:124
end_of_record
SF:lib/container/calendar_container.dart
DA:10,1
DA:12,1
DA:13,1
DA:14,1
DA:17,2
DA:18,0
DA:19,0
DA:20,2
DA:21,2
DA:24,1
DA:25,1
DA:39,1
DA:40,3
DA:42,4
DA:43,3
DA:45,4
DA:46,2
DA:47,3
DA:48,3
DA:49,5
DA:50,4
DA:54,2
DA:55,1
LF:23
LH:21
end_of_record
SF:lib/container/calendar_week_container.dart
DA:16,1
DA:17,1
DA:18,1
DA:20,1
DA:21,1
DA:22,2
DA:24,1
DA:25,2
DA:42,1
DA:44,1
DA:46,1
DA:47,1
DA:48,4
DA:50,2
DA:51,4
DA:52,2
DA:53,1
DA:58,2
LF:18
LH:18
end_of_record
SF:lib/container/calendar_week_container.g.dart
DA:17,1
DA:19,3
DA:21,1
DA:25,1
DA:26,1
DA:27,1
DA:28,1
DA:29,1
DA:30,1
DA:31,1
DA:34,0
DA:37,0
DA:39,0
DA:41,0
DA:43,1
DA:46,1
DA:47,3
DA:48,3
DA:49,3
DA:52,0
DA:54,0
DA:55,0
DA:58,0
DA:60,0
DA:61,0
DA:62,0
DA:63,0
DA:64,0
DA:73,1
DA:74,2
DA:75,3
DA:78,1
DA:79,2
DA:80,1
DA:81,2
DA:84,3
DA:85,3
DA:87,1
DA:89,1
DA:90,1
DA:92,0
DA:93,0
DA:94,0
DA:95,0
DA:100,1
DA:102,1
DA:103,1
DA:106,1
DA:108,1
DA:111,1
DA:115,1
DA:116,1
DA:117,2
DA:118,2
DA:119,1
DA:120,1
DA:125,0
DA:127,0
DA:129,0
DA:130,0
DA:134,1
LF:61
LH:40
end_of_record
SF:lib/ui/calendar_week.dart
DA:15,2
DA:17,1
DA:19,7
DA:20,3
DA:21,2
DA:26,1
DA:27,1
DA:28,1
DA:29,1
DA:30,2
DA:31,1
DA:32,2
DA:33,1
DA:36,2
DA:40,1
DA:52,1
DA:57,1
DA:58,1
DA:60,1
DA:61,1
DA:62,5
DA:63,1
DA:64,4
DA:65,3
DA:67,3
DA:68,1
DA:69,2
DA:70,1
DA:71,1
DA:72,1
DA:73,1
DA:75,1
DA:79,1
DA:81,1
DA:85,1
DA:86,1
DA:88,1
DA:89,1
DA:90,5
DA:91,3
DA:92,1
DA:93,4
DA:94,1
DA:106,0
DA:112,1
DA:113,4
DA:114,1
DA:124,1
DA:125,1
DA:126,1
DA:128,1
DA:129,2
DA:130,1
DA:131,0
DA:132,0
DA:134,0
DA:135,0
DA:136,0
DA:137,0
DA:138,0
DA:139,0
DA:140,0
DA:141,0
DA:142,0
DA:145,0
DA:147,0
DA:150,0
DA:151,0
DA:152,0
DA:153,0
DA:158,0
DA:160,0
DA:163,0
DA:164,0
DA:165,0
DA:166,0
DA:171,0
DA:172,0
DA:173,0
DA:174,0
DA:176,0
DA:180,0
DA:181,0
DA:182,0
DA:183,0
DA:185,0
DA:186,0
DA:187,0
DA:188,0
DA:195,1
DA:196,2
DA:203,1
DA:204,1
DA:206,1
DA:207,1
DA:208,7
DA:212,3
DA:213,0
DA:216,2
DA:217,0
DA:218,0
DA:221,0
DA:222,0
DA:223,0
DA:225,3
DA:226,0
DA:229,2
DA:230,0
DA:234,0
DA:235,0
DA:236,0
DA:246,0
DA:247,0
DA:248,0
LF:114
LH:63
end_of_record
SF:lib/util.dart
DA:8,0
DA:11,0
DA:18,3
DA:20,2
DA:24,1
DA:25,2
DA:26,0
DA:27,1
DA:28,3
DA:30,4
DA:33,9
DA:37,0
DA:39,0
DA:40,0
DA:44,0
DA:45,0
DA:49,6
DA:60,0
DA:67,0
DA:69,0
DA:70,0
DA:71,0
DA:72,0
DA:75,0
DA:79,3
DA:85,3
DA:87,0
DA:91,0
DA:92,0
DA:93,0
DA:100,0
DA:101,0
DA:102,0
DA:104,0
DA:106,0
DA:108,0
DA:114,5
DA:116,3
DA:117,0
DA:119,3
DA:122,3
DA:124,1
DA:127,0
DA:128,0
DA:130,0
DA:133,3
DA:135,3
DA:138,2
DA:139,2
DA:141,0
DA:144,3
DA:147,3
DA:148,2
DA:150,3
DA:153,1
DA:156,1
DA:157,0
DA:159,1
DA:162,3
DA:163,3
DA:164,0
DA:170,1
DA:171,1
DA:172,0
DA:178,1
DA:180,3
DA:182,1
DA:185,1
DA:188,0
LF:69
LH:35
end_of_record
SF:lib/ui/dialog.dart
DA:9,3
DA:14,3
DA:15,3
DA:17,3
DA:19,3
DA:20,3
DA:21,3
DA:22,3
DA:28,3
DA:31,3
DA:33,3
DA:35,0
DA:36,0
DA:42,3
DA:44,3
DA:46,3
LF:16
LH:14
end_of_record
SF:lib/ui/no_internet.dart
DA:4,87
DA:5,1
DA:7,1
DA:8,1
DA:10,1
DA:11,1
DA:13,1
DA:14,1
DA:15,1
DA:16,1
LF:10
LH:10
end_of_record
SF:lib/ui/grade_calculator.dart
DA:13,2
DA:14,4
DA:17,2
DA:18,2
DA:19,12
DA:22,4
DA:23,2
DA:24,1
DA:25,1
DA:26,1
DA:30,1
DA:34,2
DA:36,1
DA:38,2
DA:39,1
DA:45,4
DA:46,2
DA:47,2
DA:51,2
DA:52,1
DA:58,4
DA:59,2
DA:60,2
DA:64,2
DA:65,1
DA:71,4
DA:72,2
DA:73,4
DA:77,4
DA:81,4
DA:84,4
DA:85,2
DA:94,1
DA:97,2
DA:98,2
DA:99,4
DA:101,1
DA:104,1
DA:105,3
DA:111,13
DA:112,1
DA:113,1
DA:121,1
DA:130,1
DA:131,2
DA:132,1
DA:133,1
DA:136,1
DA:137,2
DA:139,1
DA:141,1
DA:142,1
DA:146,1
DA:147,2
DA:152,1
DA:155,1
DA:156,2
DA:163,1
DA:164,1
DA:165,0
DA:166,0
DA:172,1
DA:174,1
DA:175,2
DA:188,2
DA:189,5
DA:194,0
DA:195,0
DA:196,0
DA:198,0
DA:199,0
DA:200,0
DA:207,0
DA:208,0
DA:209,0
DA:210,0
DA:214,0
DA:215,0
DA:217,0
DA:219,0
DA:220,0
DA:221,0
DA:222,0
DA:227,1
DA:229,1
DA:230,1
DA:233,1
DA:235,1
DA:236,1
DA:237,1
DA:238,1
DA:240,1
DA:241,1
DA:242,1
DA:243,1
DA:245,2
DA:260,1
DA:265,1
DA:266,1
DA:268,1
DA:269,1
DA:270,1
DA:272,3
DA:275,1
DA:276,1
DA:277,1
DA:279,1
DA:281,1
DA:283,1
DA:284,1
DA:285,1
DA:304,1
DA:305,1
DA:307,1
DA:309,1
DA:310,0
DA:311,0
DA:314,1
DA:316,1
DA:318,1
DA:319,1
DA:320,1
DA:321,1
DA:323,1
DA:325,1
DA:326,3
DA:328,0
DA:330,0
DA:331,0
DA:332,0
DA:333,0
DA:343,1
DA:344,1
DA:346,1
DA:347,3
DA:349,0
DA:351,0
DA:352,0
DA:353,0
DA:355,0
DA:366,2
DA:367,0
DA:369,0
DA:370,0
DA:371,0
DA:385,1
DA:386,1
DA:387,1
DA:389,1
DA:391,1
DA:392,1
DA:394,1
DA:396,3
DA:400,1
DA:401,1
DA:403,1
DA:404,1
DA:405,1
DA:416,1
DA:417,1
DA:419,1
DA:420,1
DA:421,1
DA:440,0
DA:441,0
DA:442,0
DA:446,0
DA:448,0
DA:449,0
DA:450,0
DA:451,0
DA:462,0
DA:463,0
DA:464,0
DA:465,0
DA:466,0
DA:467,0
DA:468,0
DA:469,0
DA:470,0
DA:471,0
DA:474,0
DA:475,0
DA:477,0
DA:482,0
DA:484,0
DA:485,0
DA:488,0
DA:489,0
DA:490,0
DA:491,0
DA:492,0
DA:493,0
DA:495,0
DA:498,0
DA:500,0
DA:501,0
DA:502,0
DA:504,0
DA:510,0
DA:512,0
DA:513,0
DA:514,0
DA:515,0
DA:516,0
DA:518,0
DA:521,0
DA:523,0
DA:524,0
DA:525,0
DA:526,0
DA:527,0
DA:529,0
DA:532,0
DA:534,0
DA:535,0
DA:536,0
DA:537,0
DA:538,0
DA:540,0
DA:546,0
DA:547,0
DA:548,0
DA:549,0
DA:550,0
DA:551,0
DA:552,0
DA:558,0
DA:559,0
DA:560,0
DA:561,0
DA:574,14
DA:583,1
DA:590,1
DA:591,1
DA:592,1
DA:599,1
DA:600,2
DA:601,2
DA:602,1
DA:603,1
DA:604,1
DA:605,1
DA:606,2
DA:614,1
DA:616,1
DA:617,4
DA:618,3
DA:619,2
DA:625,2
DA:627,1
DA:629,1
DA:630,2
DA:632,3
DA:633,1
DA:634,1
DA:635,1
DA:636,1
DA:637,5
DA:638,0
DA:641,3
DA:642,3
DA:644,1
DA:645,4
DA:646,2
LF:265
LH:161
end_of_record
SF:lib/wrapper.dart
DA:20,0
DA:21,0
DA:22,0
DA:26,0
DA:27,0
DA:28,0
DA:29,0
DA:31,0
DA:37,0
DA:47,3
DA:48,3
DA:51,3
DA:52,15
DA:56,6
DA:57,0
DA:58,0
DA:60,0
DA:62,0
DA:65,0
DA:70,2
DA:71,2
DA:73,6
DA:74,4
DA:88,0
DA:95,0
DA:97,0
DA:100,0
DA:102,0
DA:105,0
DA:107,0
DA:110,0
DA:112,0
DA:114,0
DA:116,0
DA:118,0
DA:119,0
DA:120,0
DA:121,0
DA:122,0
DA:123,0
DA:126,0
DA:128,0
DA:129,0
DA:130,0
DA:133,0
DA:134,0
DA:135,0
DA:136,0
DA:137,0
DA:138,0
DA:139,0
DA:140,0
DA:141,0
DA:142,0
DA:143,0
DA:146,0
DA:147,0
DA:148,0
DA:149,0
DA:150,0
DA:152,0
DA:155,0
DA:156,0
DA:158,0
DA:166,0
DA:167,0
DA:168,0
DA:169,0
DA:170,0
DA:171,0
DA:172,0
DA:173,0
DA:175,0
DA:178,0
DA:179,0
DA:180,0
DA:183,0
DA:184,0
DA:186,0
DA:197,0
DA:199,0
DA:201,0
DA:203,0
DA:204,0
DA:205,0
DA:211,0
DA:213,0
DA:214,0
DA:215,0
DA:218,0
DA:219,0
DA:221,0
DA:222,0
DA:223,0
DA:224,0
DA:229,0
DA:230,0
DA:231,0
DA:234,1
DA:235,1
DA:236,1
DA:237,1
DA:238,1
DA:239,1
DA:240,1
DA:241,1
DA:242,1
DA:243,1
DA:244,1
DA:245,1
DA:246,1
DA:247,1
DA:248,1
DA:252,1
DA:253,1
DA:256,1
DA:257,1
DA:258,0
DA:265,1
DA:266,1
DA:267,2
DA:268,1
DA:269,1
DA:270,3
DA:273,1
DA:275,4
DA:276,1
DA:277,3
DA:280,1
DA:282,3
DA:283,1
DA:284,1
DA:287,1
DA:288,1
DA:290,4
DA:291,1
DA:294,1
DA:295,1
DA:297,4
DA:298,3
DA:302,2
DA:305,2
DA:306,6
DA:307,2
DA:308,2
DA:309,0
DA:310,0
DA:311,0
DA:314,0
DA:317,4
DA:321,0
DA:325,0
DA:326,0
DA:327,0
DA:330,0
DA:331,0
DA:332,0
DA:334,0
DA:335,0
DA:336,0
DA:337,0
DA:338,0
DA:339,0
DA:340,0
DA:341,0
DA:342,0
DA:345,0
DA:346,0
DA:347,0
DA:348,0
DA:355,0
DA:356,0
DA:357,0
DA:358,0
DA:363,0
DA:364,0
DA:365,0
DA:366,0
DA:368,0
DA:372,0
DA:373,0
DA:374,0
DA:377,0
DA:378,0
DA:381,0
DA:384,0
DA:385,0
DA:388,0
DA:389,0
DA:392,0
DA:395,0
DA:396,0
DA:399,2
DA:400,0
DA:401,0
DA:405,0
DA:407,0
DA:409,2
DA:410,2
DA:413,2
DA:414,4
LF:201
LH:61
end_of_record
SF:lib/container/absence_group_container.dart
DA:13,1
DA:16,1
DA:17,1
DA:19,1
DA:20,1
DA:21,1
DA:23,1
DA:24,4
DA:25,2
DA:26,2
DA:28,3
DA:29,5
DA:30,1
DA:31,0
DA:33,4
DA:36,0
DA:37,0
DA:40,2
DA:41,3
DA:43,2
DA:44,0
DA:45,0
DA:48,1
DA:49,1
DA:50,0
DA:51,0
DA:52,0
DA:53,0
DA:55,1
DA:58,1
DA:65,1
DA:66,2
DA:79,1
LF:33
LH:24
end_of_record
SF:lib/ui/absence.dart
DA:9,2
DA:10,1
DA:12,1
DA:13,1
DA:14,3
DA:15,0
DA:18,1
DA:22,1
DA:24,1
DA:25,1
DA:26,3
DA:27,3
DA:28,1
DA:41,1
DA:42,2
DA:43,3
DA:45,1
DA:46,2
DA:47,3
DA:49,1
DA:61,1
DA:62,2
LF:22
LH:21
end_of_record
SF:lib/container/absences_page_container.dart
DA:10,1
DA:12,1
DA:13,1
DA:14,1
DA:15,1
DA:16,1
DA:19,1
DA:20,3
LF:8
LH:8
end_of_record
SF:lib/ui/absences_page.dart
DA:13,1
DA:14,1
DA:15,1
DA:17,1
DA:21,1
DA:22,1
DA:23,1
DA:33,1
DA:34,1
DA:36,1
DA:38,2
DA:39,3
DA:40,1
DA:41,1
DA:43,3
DA:47,2
DA:48,1
DA:49,2
DA:51,1
DA:52,3
DA:53,2
DA:54,5
DA:58,1
DA:69,1
DA:70,1
DA:71,1
DA:73,1
DA:75,1
DA:76,2
DA:77,0
DA:79,0
DA:81,2
DA:82,0
DA:84,0
DA:86,2
DA:87,1
DA:89,4
DA:91,2
DA:92,1
DA:94,4
DA:96,2
DA:97,1
DA:99,4
DA:101,2
DA:102,0
DA:104,0
LF:46
LH:40
end_of_record
SF:lib/container/certificate_container.dart
DA:9,0
DA:11,0
DA:12,0
DA:13,0
DA:14,0
DA:15,0
DA:18,0
DA:19,0
DA:29,0
LF:9
LH:0
end_of_record
SF:lib/ui/certificate.dart
DA:11,0
DA:12,0
DA:14,0
DA:16,0
DA:17,0
DA:18,0
DA:22,0
DA:23,0
DA:25,0
LF:9
LH:0
end_of_record
SF:lib/container/change_email_container.dart
DA:10,0
DA:12,0
DA:13,0
DA:14,0
DA:15,0
DA:16,0
DA:17,0
DA:18,0
DA:19,0
DA:20,0
LF:10
LH:0
end_of_record
SF:lib/ui/change_email.dart
DA:6,0
DA:7,0
DA:8,0
DA:16,0
DA:18,0
DA:19,0
DA:22,0
DA:24,0
DA:25,0
DA:27,0
DA:28,0
DA:30,0
DA:34,0
DA:36,0
DA:41,0
DA:42,0
DA:43,0
DA:44,0
LF:18
LH:0
end_of_record
SF:lib/container/chart_legend_container.dart
DA:10,1
DA:12,1
DA:13,1
DA:14,1
DA:18,1
DA:19,4
LF:6
LH:6
end_of_record
SF:lib/ui/grades_chart_legend.dart
DA:8,2
DA:9,1
DA:11,3
DA:12,1
DA:14,1
DA:17,1
DA:18,1
DA:19,2
DA:21,1
DA:23,1
DA:24,1
DA:25,2
DA:28,2
LF:13
LH:13
end_of_record
SF:lib/container/chart_legend_entry_container.dart
DA:14,1
DA:15,1
DA:16,1
DA:18,1
DA:19,1
DA:20,1
DA:21,1
DA:22,1
DA:23,1
DA:24,3
DA:25,1
DA:26,1
DA:27,2
DA:28,2
DA:35,1
DA:36,2
DA:50,1
DA:52,1
DA:53,1
DA:54,1
DA:55,1
DA:56,5
LF:22
LH:22
end_of_record
SF:lib/container/chart_legend_entry_container.g.dart
DA:15,1
DA:17,3
DA:19,1
DA:20,1
DA:21,2
DA:22,1
DA:23,1
DA:26,0
DA:29,0
DA:31,0
DA:33,0
DA:35,1
DA:38,1
DA:39,3
DA:40,3
DA:43,0
DA:45,0
DA:48,0
DA:50,0
DA:51,0
DA:52,0
DA:53,0
DA:62,3
DA:63,3
DA:66,1
DA:67,2
DA:68,3
DA:70,1
DA:72,1
DA:73,1
DA:75,0
DA:76,0
DA:77,0
DA:82,1
DA:84,1
DA:85,1
DA:88,1
DA:90,1
DA:93,1
DA:97,1
DA:98,1
DA:99,1
DA:100,1
DA:101,2
DA:106,0
DA:108,0
DA:109,0
DA:113,1
LF:48
LH:31
end_of_record
SF:lib/ui/grades_chart_legend_entry.dart
DA:13,1
DA:18,1
DA:19,1
DA:21,3
DA:23,1
DA:25,1
DA:26,1
DA:27,1
DA:29,1
DA:31,1
DA:32,1
DA:33,3
DA:37,1
DA:39,2
DA:40,1
DA:41,1
DA:42,1
DA:43,1
DA:44,3
DA:45,2
DA:48,2
DA:49,4
DA:52,2
DA:58,3
DA:59,4
LF:25
LH:25
end_of_record
SF:lib/container/days_container.dart
DA:15,1
DA:17,1
DA:18,1
DA:19,1
DA:21,2
DA:22,2
DA:23,0
DA:24,0
DA:25,0
DA:26,0
DA:27,0
DA:28,0
DA:32,1
DA:33,3
DA:35,1
DA:36,3
DA:37,1
DA:38,1
DA:39,2
DA:40,3
DA:41,1
DA:45,0
DA:46,0
DA:48,2
DA:50,2
DA:51,2
DA:52,1
DA:53,2
DA:54,2
DA:57,1
DA:58,1
DA:87,1
DA:89,1
DA:90,2
DA:91,6
DA:92,1
DA:93,2
DA:94,1
DA:95,2
DA:96,4
DA:98,2
DA:99,4
DA:103,1
DA:104,1
DA:106,1
DA:107,1
DA:108,2
DA:109,2
DA:111,2
DA:112,3
DA:113,5
DA:114,3
DA:115,1
DA:116,3
DA:117,1
DA:118,3
DA:119,3
DA:120,3
DA:121,4
DA:136,1
DA:137,1
DA:138,0
DA:139,0
LF:63
LH:53
end_of_record
SF:lib/container/days_container.g.dart
DA:31,1
DA:32,3
DA:34,1
DA:45,1
DA:46,2
DA:47,1
DA:48,1
DA:49,1
DA:50,1
DA:51,2
DA:52,1
DA:53,1
DA:54,1
DA:55,1
DA:56,1
DA:57,1
DA:58,1
DA:59,1
DA:60,1
DA:61,1
DA:62,2
DA:65,0
DA:67,0
DA:69,0
DA:70,0
DA:72,1
DA:75,1
DA:76,3
DA:77,3
DA:78,3
DA:79,3
DA:80,3
DA:81,3
DA:82,3
DA:83,3
DA:84,3
DA:85,3
DA:88,0
DA:90,0
DA:91,0
DA:92,0
DA:93,0
DA:94,0
DA:95,0
DA:96,0
DA:97,0
DA:98,0
DA:99,0
DA:100,0
DA:101,0
DA:102,0
DA:103,0
DA:104,0
DA:105,0
DA:106,0
DA:107,0
DA:110,0
DA:112,0
DA:113,0
DA:114,0
DA:115,0
DA:116,0
DA:117,0
DA:118,0
DA:119,0
DA:120,0
DA:121,0
DA:122,0
DA:123,0
DA:132,3
DA:133,3
DA:136,3
DA:137,1
DA:138,2
DA:141,3
DA:142,3
DA:145,3
DA:146,3
DA:149,3
DA:150,1
DA:151,2
DA:154,3
DA:155,3
DA:158,3
DA:159,1
DA:160,2
DA:163,1
DA:164,2
DA:165,1
DA:166,2
DA:169,3
DA:170,1
DA:171,2
DA:174,3
DA:175,3
DA:177,1
DA:179,1
DA:180,1
DA:182,0
DA:183,0
DA:184,0
DA:185,0
DA:186,0
DA:187,0
DA:188,0
DA:189,0
DA:190,0
DA:191,0
DA:192,0
DA:197,1
DA:199,1
DA:200,1
DA:203,1
DA:205,1
DA:208,1
DA:212,1
DA:213,1
DA:214,1
DA:215,1
DA:216,1
DA:217,1
DA:218,1
DA:219,1
DA:220,1
DA:221,1
DA:222,1
DA:223,1
DA:224,1
DA:225,1
DA:226,1
DA:227,1
DA:228,2
DA:229,1
DA:230,1
DA:231,2
DA:236,0
DA:239,0
DA:241,0
DA:242,0
DA:246,1
LF:140
LH:89
end_of_record
SF:lib/ui/days.dart
DA:47,1
DA:62,1
DA:63,1
DA:64,1
DA:80,1
DA:81,2
DA:82,5
DA:86,0
DA:87,0
DA:89,0
DA:91,0
DA:92,0
DA:93,0
DA:94,0
DA:95,0
DA:100,1
DA:101,2
DA:102,0
DA:103,0
DA:104,0
DA:105,0
DA:106,0
DA:111,0
DA:114,2
DA:115,0
DA:116,0
DA:117,0
DA:118,0
DA:119,0
DA:120,0
DA:121,0
DA:124,0
DA:132,1
DA:133,1
DA:134,1
DA:137,1
DA:138,2
DA:139,2
DA:142,4
DA:143,2
DA:144,4
DA:145,0
DA:146,0
DA:148,1
DA:149,2
DA:150,2
DA:151,0
DA:153,2
DA:154,1
DA:156,1
DA:160,1
DA:162,1
DA:163,2
DA:164,0
DA:166,3
DA:167,1
DA:168,1
DA:169,2
DA:171,1
DA:174,1
DA:176,1
DA:177,1
DA:179,1
DA:182,1
DA:183,1
DA:184,1
DA:185,3
DA:186,2
DA:194,2
DA:199,2
DA:200,1
DA:201,4
DA:202,2
DA:203,1
DA:204,2
DA:205,2
DA:206,2
DA:207,2
DA:208,2
DA:209,2
DA:210,2
DA:211,3
DA:212,3
DA:213,3
DA:217,1
DA:219,3
DA:220,4
DA:224,3
DA:229,1
DA:231,1
DA:233,3
DA:238,1
DA:239,1
DA:240,1
DA:241,3
DA:242,2
DA:244,1
DA:245,1
DA:250,1
DA:252,1
DA:255,7
DA:256,1
DA:257,1
DA:259,8
DA:263,3
DA:264,1
DA:265,0
DA:269,1
DA:270,1
DA:272,4
DA:276,1
DA:279,1
DA:282,1
DA:283,1
DA:284,1
DA:285,1
DA:292,1
DA:293,2
DA:295,0
DA:296,0
DA:303,1
DA:305,3
DA:311,4
DA:312,0
DA:315,0
DA:316,0
DA:321,2
DA:322,0
DA:326,0
DA:327,0
DA:328,0
DA:335,1
DA:337,1
DA:338,3
DA:339,1
DA:340,1
DA:341,3
DA:344,2
DA:345,1
DA:353,3
DA:356,1
DA:360,1
DA:367,1
DA:375,1
DA:379,1
DA:381,1
DA:383,1
DA:384,1
DA:385,1
DA:386,1
DA:391,1
DA:392,1
DA:393,1
DA:394,2
DA:402,1
DA:404,1
DA:405,1
DA:406,1
DA:407,1
DA:408,1
DA:434,1
DA:449,1
DA:451,0
DA:452,0
DA:454,0
DA:456,0
DA:457,0
DA:459,0
DA:461,0
DA:462,0
DA:466,0
DA:467,0
DA:468,0
DA:469,0
DA:473,0
DA:474,0
DA:476,0
DA:477,0
DA:490,1
DA:492,1
DA:493,1
DA:494,1
DA:495,1
DA:497,1
DA:498,1
DA:499,1
DA:501,1
DA:503,1
DA:504,2
DA:505,3
DA:509,3
DA:510,1
DA:511,1
DA:512,1
DA:513,2
DA:514,1
DA:515,1
DA:516,1
DA:517,1
DA:520,5
DA:524,5
DA:526,2
DA:527,5
DA:529,1
DA:533,0
DA:534,0
DA:536,0
DA:537,0
DA:539,0
DA:540,0
DA:541,0
DA:542,0
DA:543,0
DA:546,0
DA:547,0
DA:548,0
DA:549,0
DA:550,0
DA:553,0
DA:562,1
DA:563,2
DA:564,1
DA:566,2
DA:568,0
DA:570,0
DA:572,0
DA:579,2
DA:580,1
DA:582,4
DA:583,4
DA:584,1
DA:585,2
DA:586,2
DA:587,1
DA:588,1
DA:589,1
DA:590,1
DA:591,1
DA:592,1
DA:593,1
DA:618,1
DA:636,1
DA:638,0
DA:640,0
DA:642,0
DA:643,0
DA:644,0
DA:645,0
DA:647,0
DA:648,0
DA:654,0
DA:655,0
DA:656,0
DA:659,0
DA:660,0
DA:669,0
DA:672,0
DA:674,0
DA:675,0
DA:677,0
DA:678,0
DA:679,0
DA:680,0
DA:681,0
DA:682,0
DA:683,0
DA:684,0
DA:685,0
DA:687,0
DA:688,0
DA:691,0
DA:692,0
DA:693,0
DA:694,0
DA:695,0
DA:707,1
DA:708,3
DA:711,1
DA:712,0
DA:713,0
DA:714,0
DA:716,5
DA:722,1
DA:724,1
DA:727,5
DA:728,2
DA:731,1
DA:732,1
DA:733,2
DA:734,2
DA:736,1
DA:739,1
DA:741,1
DA:742,1
DA:743,1
DA:744,1
DA:745,1
DA:746,1
DA:752,1
DA:753,1
DA:754,2
DA:755,0
DA:757,0
DA:758,0
DA:759,0
DA:760,0
DA:765,0
DA:766,0
DA:767,0
DA:768,0
DA:770,0
DA:772,0
DA:773,0
DA:774,0
DA:776,0
DA:778,0
DA:788,1
DA:790,3
DA:791,3
DA:793,3
DA:795,4
DA:796,1
DA:798,1
DA:800,1
DA:801,1
DA:803,0
DA:806,0
DA:808,0
DA:809,0
DA:811,0
DA:813,0
DA:814,0
DA:817,2
DA:818,2
DA:829,1
DA:831,1
DA:832,3
DA:833,0
DA:834,0
DA:835,0
DA:836,0
DA:838,0
DA:842,0
DA:843,0
DA:844,0
DA:845,0
DA:855,0
DA:856,0
DA:859,3
DA:860,0
DA:862,0
DA:863,0
DA:868,4
DA:869,1
DA:872,2
DA:873,1
DA:875,1
DA:876,2
DA:883,2
DA:885,0
DA:887,0
DA:888,0
DA:889,0
DA:893,3
DA:895,0
DA:897,0
DA:899,0
DA:900,0
DA:903,0
DA:904,0
DA:906,0
DA:907,0
DA:908,0
DA:916,2
DA:917,1
DA:918,1
DA:919,2
DA:920,1
DA:921,1
DA:925,1
DA:926,3
DA:927,1
DA:929,1
DA:930,0
DA:933,0
DA:934,0
DA:935,0
DA:936,0
DA:937,0
DA:938,0
DA:945,0
DA:947,0
DA:949,0
DA:950,0
DA:951,0
DA:952,0
DA:954,0
DA:955,0
DA:956,0
DA:958,0
DA:959,0
DA:960,0
DA:961,0
DA:962,0
DA:963,0
DA:965,0
DA:969,0
DA:970,0
DA:979,0
DA:985,0
DA:986,0
DA:988,0
DA:990,0
DA:991,0
DA:996,0
DA:997,0
DA:998,0
DA:999,0
DA:1000,0
DA:1002,0
DA:1003,0
DA:1008,0
DA:1009,0
DA:1010,0
DA:1011,0
DA:1012,0
DA:1013,0
DA:1015,0
DA:1016,0
DA:1025,0
DA:1026,0
DA:1027,0
DA:1028,0
LF:433
LH:228
end_of_record
SF:lib/container/grades_chart_container.dart
DA:13,25
DA:14,0
DA:16,2
DA:18,2
DA:20,2
DA:21,2
DA:22,8
DA:23,0
DA:24,0
DA:25,0
DA:26,10
DA:27,8
DA:29,2
DA:30,2
DA:31,2
DA:32,10
DA:34,2
DA:38,2
DA:39,8
DA:42,2
DA:43,4
DA:44,6
DA:47,2
DA:48,2
DA:50,2
DA:51,4
DA:62,2
LF:27
LH:23
end_of_record
SF:lib/ui/grades_chart.dart
DA:15,1
DA:27,2
DA:32,2
DA:33,2
DA:35,2
DA:37,14
DA:38,2
DA:39,2
DA:40,4
DA:41,6
DA:42,2
DA:43,4
DA:44,2
DA:45,2
DA:46,2
DA:48,4
DA:49,8
DA:50,6
DA:51,2
DA:52,2
DA:55,2
DA:58,2
DA:62,4
DA:63,4
DA:64,6
DA:65,10
DA:66,6
DA:67,10
DA:68,2
DA:71,2
DA:76,0
DA:80,2
DA:81,10
DA:85,12
DA:86,2
DA:87,0
DA:90,8
DA:94,4
DA:95,9
DA:96,2
DA:98,2
DA:99,2
DA:100,2
DA:102,2
DA:104,0
DA:105,0
DA:107,0
DA:108,0
DA:109,0
DA:111,0
DA:115,2
DA:117,6
DA:118,2
DA:119,3
DA:120,2
DA:121,2
DA:122,2
DA:124,2
DA:125,2
DA:127,2
DA:128,1
DA:129,1
DA:134,2
DA:135,2
DA:136,1
DA:138,3
DA:139,3
DA:140,3
DA:141,2
DA:142,3
DA:143,2
DA:144,1
DA:146,1
DA:147,2
DA:148,1
DA:149,1
DA:150,1
DA:151,1
DA:152,1
DA:155,1
DA:157,3
DA:162,0
DA:167,2
DA:180,2
DA:181,2
DA:187,2
DA:189,4
DA:193,2
DA:194,2
DA:195,2
DA:196,2
DA:197,2
DA:200,2
DA:201,2
DA:207,2
DA:209,4
DA:215,2
DA:216,1
DA:217,1
DA:218,1
DA:219,1
DA:221,1
DA:223,1
DA:224,1
DA:225,1
DA:230,2
DA:231,1
DA:246,1
DA:247,1
DA:248,1
DA:249,1
DA:254,1
DA:256,1
DA:257,2
DA:262,1
DA:264,1
DA:266,1
DA:271,6
DA:272,1
DA:273,3
DA:275,1
DA:276,1
DA:282,1
DA:283,1
DA:286,1
DA:287,4
DA:291,3
DA:292,1
DA:298,1
DA:299,1
DA:300,1
DA:302,1
DA:303,1
DA:304,1
DA:305,1
DA:306,2
DA:315,1
DA:321,1
DA:322,1
DA:323,1
LF:140
LH:131
end_of_record
SF:lib/container/grades_page_container.dart
DA:13,13
DA:15,1
DA:17,1
DA:18,1
DA:19,1
DA:21,2
DA:23,2
DA:26,1
DA:27,1
DA:47,1
DA:49,1
DA:50,1
DA:51,1
DA:52,4
DA:53,3
DA:54,2
DA:55,4
DA:56,5
DA:57,4
DA:58,0
DA:60,2
DA:61,3
DA:62,3
DA:67,1
DA:70,3
DA:71,3
DA:73,3
DA:74,0
DA:76,1
DA:77,1
DA:80,1
DA:83,4
LF:32
LH:30
end_of_record
SF:lib/container/grades_page_container.g.dart
DA:25,1
DA:27,3
DA:29,1
DA:37,1
DA:38,1
DA:39,1
DA:40,1
DA:41,1
DA:42,1
DA:43,1
DA:44,1
DA:45,1
DA:46,2
DA:48,1
DA:49,1
DA:50,1
DA:51,1
DA:54,0
DA:57,0
DA:59,0
DA:61,0
DA:63,1
DA:66,1
DA:67,3
DA:68,3
DA:69,3
DA:70,3
DA:71,3
DA:72,3
DA:73,3
DA:76,0
DA:78,0
DA:79,0
DA:80,0
DA:81,0
DA:82,0
DA:83,0
DA:84,0
DA:85,0
DA:86,0
DA:87,0
DA:88,0
DA:89,0
DA:92,0
DA:94,0
DA:95,0
DA:96,0
DA:97,0
DA:98,0
DA:99,0
DA:100,0
DA:101,0
DA:102,0
DA:111,1
DA:112,2
DA:113,1
DA:114,2
DA:117,3
DA:118,1
DA:119,2
DA:122,3
DA:123,3
DA:126,3
DA:127,1
DA:128,2
DA:131,3
DA:132,1
DA:133,2
DA:136,3
DA:137,3
DA:140,3
DA:141,3
DA:143,1
DA:145,1
DA:146,1
DA:148,0
DA:149,0
DA:150,0
DA:151,0
DA:152,0
DA:153,0
DA:154,0
DA:155,0
DA:160,1
DA:162,1
DA:163,1
DA:166,1
DA:168,1
DA:171,1
DA:175,1
DA:176,1
DA:177,2
DA:178,1
DA:179,1
DA:182,1
DA:183,1
DA:184,1
DA:185,1
DA:188,1
DA:189,1
DA:192,1
DA:193,1
DA:194,1
DA:195,1
DA:200,0
DA:202,0
DA:203,0
DA:207,1
LF:108
LH:70
end_of_record
SF:lib/ui/grades_page.dart
DA:16,1
DA:21,1
DA:22,1
DA:24,1
DA:25,1
DA:27,1
DA:28,1
DA:29,1
DA:30,1
DA:31,1
DA:32,2
DA:33,1
DA:34,1
DA:35,2
DA:37,1
DA:38,1
DA:39,3
DA:40,2
DA:41,1
DA:45,1
DA:46,0
DA:47,0
DA:54,4
DA:56,4
DA:60,1
DA:61,1
DA:62,3
DA:63,1
DA:64,1
DA:65,2
DA:66,1
DA:71,3
DA:72,1
DA:73,1
DA:74,1
DA:76,1
DA:78,1
DA:82,3
DA:88,1
LF:39
LH:37
end_of_record
SF:lib/container/home_page.g.dart
DA:13,0
DA:15,0
DA:17,0
DA:18,0
DA:19,0
DA:22,0
DA:25,0
DA:27,0
DA:29,0
DA:31,0
DA:34,0
DA:37,0
DA:39,0
DA:42,0
DA:44,0
DA:45,0
DA:46,0
DA:56,0
DA:57,0
DA:59,0
DA:61,0
DA:62,0
DA:64,0
DA:65,0
DA:70,0
DA:72,0
DA:73,0
DA:76,0
DA:78,0
DA:81,0
DA:83,0
DA:84,0
DA:85,0
DA:86,0
DA:87,0
LF:35
LH:0
end_of_record
SF:lib/container/home_page.dart
DA:13,0
DA:15,0
DA:16,0
DA:17,0
DA:21,0
DA:22,0
DA:36,0
DA:38,0
DA:39,0
DA:40,0
LF:10
LH:0
end_of_record
SF:lib/ui/home_page_content.dart
DA:13,0
DA:16,0
DA:17,0
DA:19,0
DA:20,0
DA:21,0
DA:22,0
DA:23,0
DA:24,0
DA:25,0
DA:26,0
DA:28,0
DA:30,0
DA:31,0
DA:32,0
LF:15
LH:0
end_of_record
SF:lib/container/homework_filter_container.g.dart
DA:15,1
DA:17,3
DA:19,1
DA:20,1
DA:21,1
DA:22,1
DA:23,1
DA:24,1
DA:27,0
DA:29,0
DA:31,0
DA:33,0
DA:35,1
DA:38,1
DA:39,3
DA:40,3
DA:43,0
DA:45,0
DA:48,0
DA:50,0
DA:51,0
DA:52,0
DA:53,0
DA:62,1
DA:63,2
DA:64,1
DA:65,2
DA:68,1
DA:69,2
DA:70,1
DA:71,2
DA:73,1
DA:75,1
DA:76,1
DA:78,0
DA:79,0
DA:80,0
DA:85,1
DA:87,1
DA:88,1
DA:91,1
DA:93,1
DA:96,1
DA:100,1
DA:101,1
DA:102,2
DA:103,2
DA:108,0
DA:110,0
DA:112,0
DA:113,0
DA:117,1
LF:52
LH:34
end_of_record
SF:lib/container/homework_filter_container.dart
DA:14,1
DA:16,1
DA:17,1
DA:18,1
DA:20,0
DA:21,0
DA:24,1
DA:25,1
DA:26,1
DA:27,4
DA:28,3
DA:44,1
LF:12
LH:10
end_of_record
SF:lib/ui/homework_filter.dart
DA:15,1
DA:16,1
DA:18,1
DA:19,1
DA:24,1
DA:26,1
DA:27,1
DA:29,1
DA:31,1
DA:32,1
DA:35,4
DA:39,1
DA:40,1
DA:41,0
DA:43,0
DA:44,0
DA:45,0
DA:46,0
DA:47,0
DA:48,0
DA:51,4
DA:53,1
DA:54,0
DA:56,0
DA:57,0
DA:58,0
DA:59,0
DA:60,0
DA:61,0
DA:64,4
DA:65,1
DA:66,0
DA:68,0
DA:69,0
DA:70,0
DA:71,0
DA:74,4
DA:80,1
LF:38
LH:19
end_of_record
SF:lib/container/login_page.dart
DA:10,0
DA:12,0
DA:13,0
DA:14,0
DA:16,0
DA:17,0
DA:18,0
DA:19,0
DA:20,0
DA:21,0
DA:22,0
DA:23,0
DA:27,0
DA:28,0
DA:29,0
DA:30,0
DA:31,0
DA:32,0
DA:33,0
DA:34,0
DA:38,0
DA:39,0
DA:40,0
DA:41,0
DA:44,0
DA:45,0
DA:62,0
DA:63,0
DA:64,0
DA:65,0
DA:66,0
DA:68,0
DA:69,0
DA:70,0
DA:71,0
DA:72,0
LF:36
LH:0
end_of_record
SF:lib/ui/login_page_content.dart
DA:28,0
DA:37,0
DA:39,0
DA:40,0
DA:61,0
DA:63,0
DA:64,0
DA:65,0
DA:67,0
DA:68,0
DA:69,0
DA:70,0
DA:71,0
DA:72,0
DA:77,0
DA:78,0
DA:82,0
DA:85,0
DA:87,0
DA:88,0
DA:89,0
DA:92,0
DA:95,0
DA:96,0
DA:97,0
DA:99,0
DA:101,0
DA:102,0
DA:103,0
DA:104,0
DA:106,0
DA:107,0
DA:108,0
DA:110,0
DA:111,0
DA:112,0
DA:113,0
DA:114,0
DA:115,0
DA:116,0
DA:117,0
DA:118,0
DA:122,0
DA:124,0
DA:125,0
DA:126,0
DA:127,0
DA:132,0
DA:133,0
DA:135,0
DA:136,0
DA:137,0
DA:138,0
DA:140,0
DA:142,0
DA:143,0
DA:144,0
DA:145,0
DA:146,0
DA:150,0
DA:154,0
DA:158,0
DA:159,0
DA:161,0
DA:162,0
DA:163,0
DA:164,0
DA:165,0
DA:166,0
DA:167,0
DA:168,0
DA:172,0
DA:173,0
DA:177,0
DA:187,0
DA:189,0
DA:190,0
DA:194,0
DA:197,0
DA:199,0
DA:201,0
DA:203,0
DA:204,0
DA:205,0
DA:206,0
DA:213,0
DA:215,0
DA:216,0
DA:218,0
DA:219,0
DA:220,0
DA:223,0
DA:224,0
DA:229,0
DA:231,0
DA:233,0
DA:236,0
DA:237,0
DA:239,0
DA:240,0
DA:242,0
DA:243,0
DA:244,0
DA:247,0
DA:249,0
DA:251,0
DA:253,0
DA:254,0
DA:259,0
DA:260,0
DA:267,0
DA:271,0
DA:272,0
DA:278,0
DA:279,0
DA:280,0
DA:281,0
DA:297,0
DA:298,0
DA:300,0
DA:303,0
DA:305,0
DA:306,0
DA:307,0
DA:308,0
DA:309,0
DA:310,0
DA:314,0
DA:315,0
DA:317,0
DA:318,0
DA:320,0
DA:324,0
DA:326,0
DA:327,0
DA:328,0
DA:329,0
DA:330,0
DA:331,0
DA:336,0
DA:337,0
DA:338,0
DA:340,0
DA:341,0
DA:342,0
DA:343,0
DA:344,0
DA:345,0
DA:346,0
DA:347,0
DA:348,0
DA:351,0
DA:352,0
DA:353,0
DA:354,0
DA:355,0
DA:359,0
DA:360,0
DA:365,0
DA:370,0
DA:374,0
DA:375,0
DA:377,0
DA:378,0
DA:379,0
DA:383,0
DA:384,0
DA:388,0
DA:389,0
DA:391,0
DA:394,0
DA:395,0
DA:397,0
DA:398,0
DA:399,0
DA:400,0
DA:401,0
DA:406,0
DA:407,0
DA:408,0
DA:409,0
DA:411,0
DA:412,0
DA:413,0
DA:414,0
DA:415,0
DA:422,0
LF:187
LH:0
end_of_record
SF:lib/container/messages_container.dart
DA:10,1
DA:12,1
DA:13,1
DA:14,1
DA:15,1
DA:16,1
DA:17,2
DA:18,2
DA:19,5
DA:22,1
DA:23,3
LF:11
LH:11
end_of_record
SF:lib/ui/messages.dart
DA:24,1
DA:31,1
DA:32,1
DA:34,1
DA:38,1
DA:39,0
DA:42,1
DA:43,1
DA:44,1
DA:45,2
DA:46,0
DA:48,3
DA:49,0
DA:50,0
DA:52,0
DA:56,1
DA:57,3
DA:58,1
DA:59,1
DA:60,3
DA:61,1
DA:62,1
DA:63,1
DA:64,1
DA:65,7
DA:83,1
DA:91,1
DA:93,1
DA:94,1
DA:99,1
DA:101,3
DA:102,1
DA:105,1
DA:107,1
DA:108,0
DA:110,2
DA:111,1
DA:112,1
DA:113,1
DA:114,3
DA:115,5
DA:118,1
DA:119,1
DA:120,1
DA:121,1
DA:122,3
DA:123,1
DA:126,3
DA:127,1
DA:129,1
DA:137,1
DA:138,1
DA:141,1
DA:144,1
DA:146,1
DA:147,1
DA:148,1
DA:149,1
DA:154,1
DA:155,1
DA:156,4
DA:160,1
DA:161,1
DA:162,1
DA:167,4
DA:171,1
DA:172,1
DA:173,1
DA:178,4
DA:183,4
DA:184,4
DA:190,1
DA:191,3
DA:193,4
DA:194,3
DA:195,1
DA:197,1
DA:198,2
DA:200,0
DA:201,0
DA:206,3
DA:207,1
DA:208,1
DA:209,1
DA:210,1
DA:211,1
DA:212,2
DA:214,0
DA:215,0
DA:224,1
DA:225,1
DA:226,0
DA:227,0
DA:244,1
DA:245,1
DA:246,3
LF:96
LH:84
end_of_record
SF:lib/container/network_protocol_container.dart
DA:9,0
DA:11,0
DA:12,0
DA:13,0
DA:15,0
DA:16,0
LF:6
LH:0
end_of_record
SF:lib/ui/network_protocol.dart
DA:10,0
DA:11,0
DA:13,0
DA:17,0
DA:18,0
DA:19,0
DA:20,0
DA:21,0
DA:31,0
DA:32,0
DA:34,0
DA:35,0
DA:36,0
DA:37,0
DA:39,0
DA:41,0
DA:43,0
DA:54,0
DA:55,0
DA:57,0
DA:59,0
DA:61,0
DA:62,0
DA:63,0
DA:64,0
DA:65,0
DA:67,0
DA:68,0
DA:69,0
DA:74,0
LF:30
LH:0
end_of_record
SF:lib/container/notification_icon_container.dart
DA:9,1
DA:11,1
DA:12,1
DA:13,1
DA:15,2
DA:18,1
DA:19,3
LF:7
LH:7
end_of_record
SF:lib/ui/notification_icon.dart
DA:8,1
DA:10,1
[...]
DA:194,0
LF:98
LH:5
end_of_record
SF:lib/middleware/middleware.dart
DA:56,3
DA:58,9
DA:60,5
DA:63,5
DA:64,0
DA:65,5
DA:66,5
DA:67,10
DA:68,10
DA:69,10
DA:70,10
DA:71,10
DA:72,10
DA:73,10
DA:74,10
DA:75,10
DA:76,10
DA:77,10
DA:78,10
DA:79,10
DA:80,10
DA:81,10
DA:82,10
DA:83,10
DA:84,10
DA:85,10
DA:86,10
DA:87,10
DA:88,5
DA:91,0
DA:93,0
DA:94,0
DA:95,0
DA:99,0
DA:105,0
DA:107,0
DA:109,0
DA:110,0
DA:111,0
DA:113,0
DA:115,0
DA:116,0
DA:117,0
DA:118,0
DA:120,0
DA:121,0
DA:122,0
DA:126,0
DA:128,0
DA:129,0
DA:130,0
DA:131,0
DA:132,0
DA:133,0
DA:138,0
DA:140,0
DA:143,0
DA:148,0
DA:159,0
DA:170,0
DA:171,0
DA:174,0
DA:176,0
DA:181,0
DA:183,0
DA:187,2
DA:191,4
DA:192,6
DA:193,4
DA:194,2
DA:196,2
DA:197,4
DA:202,6
DA:203,6
DA:207,3
DA:209,6
DA:210,7
DA:213,8
DA:215,1
DA:216,1
DA:217,1
DA:219,1
DA:221,1
DA:224,4
DA:225,4
DA:226,4
DA:227,4
DA:228,2
DA:229,2
DA:230,0
DA:231,2
DA:233,8
DA:234,4
DA:235,6
DA:236,0
DA:238,0
DA:239,0
DA:242,0
DA:243,0
DA:244,0
DA:245,0
DA:246,0
DA:247,0
DA:248,0
DA:249,0
DA:253,8
DA:258,0
DA:260,0
DA:261,0
DA:262,0
DA:265,0
DA:267,0
DA:268,0
DA:269,0
DA:272,0
DA:273,0
DA:274,0
DA:278,0
DA:279,0
DA:280,0
DA:281,0
DA:282,0
DA:283,0
DA:288,0
DA:289,0
DA:290,0
DA:291,0
DA:292,0
DA:293,0
DA:294,0
DA:295,0
DA:296,0
DA:297,0
DA:298,0
DA:299,0
DA:300,0
DA:307,0
DA:309,0
DA:310,0
DA:312,0
DA:313,0
DA:314,0
DA:318,0
DA:319,0
DA:320,0
DA:322,0
DA:325,0
DA:327,0
DA:329,0
DA:330,0
DA:332,0
DA:333,0
DA:340,1
DA:346,5
DA:348,10
DA:349,10
DA:350,15
DA:351,3
DA:352,1
DA:354,4
DA:358,1
DA:359,5
DA:362,1
DA:365,3
DA:366,1
DA:367,3
DA:370,1
DA:371,4
DA:374,1
DA:377,2
DA:384,2
DA:386,1
DA:391,1
DA:392,2
DA:395,1
DA:396,3
DA:399,0
DA:401,0
DA:404,0
DA:406,0
DA:412,1
DA:417,2
DA:418,4
DA:421,1
DA:426,2
DA:428,4
DA:431,0
DA:436,0
DA:437,0
DA:438,0
DA:439,0
DA:440,0
DA:444,0
DA:449,0
DA:450,0
DA:451,0
DA:452,0
DA:453,0
DA:454,0
DA:455,0
DA:456,0
DA:459,0
DA:460,0
DA:461,0
DA:464,0
DA:465,0
DA:466,0
DA:468,0
DA:469,0
DA:470,0
DA:471,0
DA:472,0
DA:473,0
DA:474,0
DA:475,0
DA:476,0
DA:481,0
DA:482,0
DA:484,0
DA:485,0
DA:486,0
DA:490,0
DA:492,0
DA:494,0
DA:497,0
DA:500,0
DA:501,0
DA:503,0
DA:504,0
DA:505,0
DA:508,0
DA:509,0
DA:510,0
DA:513,0
DA:514,0
DA:515,0
DA:518,0
DA:519,0
DA:520,0
DA:523,0
DA:524,0
DA:525,0
DA:529,0
DA:533,1
DA:534,1
DA:535,0
DA:536,2
DA:540,0
DA:541,0
DA:543,0
DA:544,0
DA:552,0
DA:553,0
DA:554,0
DA:557,0
DA:558,0
DA:569,0
DA:571,0
DA:572,0
DA:574,0
DA:577,0
DA:579,0
DA:580,0
DA:581,0
DA:582,0
DA:583,0
LF:266
LH:90
end_of_record
SF:lib/middleware/absences.dart
DA:3,10
DA:4,5
DA:5,10
DA:7,0
DA:11,0
DA:12,0
DA:14,0
DA:16,0
DA:18,0
LF:9
LH:3
end_of_record
SF:lib/middleware/calendar.dart
DA:3,10
DA:4,5
DA:5,10
DA:7,0
DA:11,0
DA:13,0
DA:14,0
DA:15,0
DA:18,0
DA:20,0
LF:10
LH:3
end_of_record
SF:lib/middleware/certificate.dart
DA:3,10
DA:4,5
DA:5,10
DA:7,0
DA:11,0
DA:12,0
DA:14,0
DA:16,0
DA:18,0
LF:9
LH:3
end_of_record
SF:lib/middleware/dashboard.dart
DA:3,15
DA:5,10
DA:6,10
DA:7,10
DA:8,10
DA:9,10
DA:10,10
DA:11,10
DA:12,10
DA:14,0
DA:16,0
DA:18,0
DA:19,0
DA:20,0
DA:22,0
DA:23,0
DA:24,0
DA:27,0
DA:28,0
DA:29,0
DA:30,0
DA:31,0
DA:32,0
DA:33,0
DA:34,0
DA:35,0
DA:40,0
DA:44,0
DA:45,0
DA:48,0
DA:52,0
DA:53,0
DA:55,0
DA:56,0
DA:57,0
DA:61,0
DA:62,0
DA:65,0
DA:66,0
DA:67,0
DA:68,0
DA:69,0
DA:74,0
DA:78,0
DA:80,0
DA:81,0
DA:84,0
DA:85,0
DA:87,0
DA:88,0
DA:93,1
DA:97,2
DA:98,3
DA:100,1
DA:101,2
DA:102,2
DA:103,2
DA:106,0
DA:109,0
DA:111,2
DA:112,1
DA:113,2
DA:114,1
DA:115,1
DA:116,3
DA:117,3
DA:118,3
DA:122,1
DA:123,3
DA:127,0
DA:131,0
DA:132,0
DA:134,0
DA:137,0
DA:141,0
DA:142,0
DA:143,0
DA:144,0
DA:145,0
DA:146,0
DA:147,0
DA:148,0
DA:152,0
DA:153,0
DA:155,0
DA:159,0
DA:163,0
DA:164,0
DA:165,0
DA:166,0
LF:90
LH:26
end_of_record
SF:lib/middleware/login.dart
DA:3,10
DA:4,5
DA:5,10
DA:6,10
DA:7,10
DA:8,10
DA:9,10
DA:10,10
DA:11,10
DA:12,10
DA:13,10
DA:15,1
DA:17,5
DA:18,3
DA:20,1
DA:21,1
DA:22,3
DA:23,3
DA:24,0
DA:25,0
DA:30,5
DA:31,4
DA:33,2
DA:34,0
DA:35,0
DA:37,2
DA:38,2
DA:39,1
DA:40,4
DA:41,3
DA:45,0
DA:47,0
DA:48,0
DA:49,0
DA:50,0
DA:51,0
DA:52,0
DA:53,0
DA:59,0
DA:60,0
DA:61,0
DA:62,0
DA:63,0
DA:66,0
DA:67,0
DA:68,0
DA:69,0
DA:70,0
DA:73,0
DA:74,0
DA:75,0
DA:77,0
DA:78,0
DA:79,0
DA:80,0
DA:81,0
DA:82,0
DA:85,0
DA:88,0
DA:89,0
DA:90,0
DA:91,0
DA:92,0
DA:95,0
DA:96,0
DA:97,0
DA:98,0
DA:100,0
DA:102,0
DA:103,0
DA:104,0
DA:105,0
DA:106,0
DA:107,0
DA:108,0
DA:114,0
DA:115,0
DA:116,0
DA:117,0
DA:122,0
DA:126,0
DA:127,0
DA:128,0
DA:129,0
DA:130,0
DA:131,0
DA:133,0
DA:135,0
DA:138,0
DA:139,0
DA:140,0
DA:141,0
DA:142,0
DA:145,0
DA:146,0
DA:147,0
DA:148,0
DA:149,0
DA:150,0
DA:151,0
DA:154,0
DA:155,0
DA:159,0
DA:163,0
DA:165,0
DA:166,0
DA:169,0
DA:173,0
DA:174,0
DA:177,0
DA:182,0
DA:183,0
DA:184,0
DA:185,0
DA:186,0
DA:189,0
DA:190,0
DA:191,0
DA:192,0
DA:194,0
DA:195,0
DA:199,0
DA:204,0
DA:205,0
DA:206,0
DA:208,0
DA:209,0
DA:211,0
DA:214,0
DA:215,0
DA:216,0
DA:217,0
DA:219,0
DA:223,0
DA:227,0
DA:229,0
DA:230,0
DA:231,0
DA:232,0
DA:233,0
DA:234,0
DA:235,0
DA:236,0
DA:237,0
DA:238,0
DA:239,0
DA:242,0
DA:244,0
DA:245,0
DA:246,0
DA:251,0
DA:252,0
DA:255,0
DA:259,0
DA:260,0
DA:261,0
DA:262,0
DA:263,0
DA:264,0
DA:265,0
DA:266,0
DA:267,0
DA:268,0
DA:269,0
DA:270,0
DA:271,0
DA:272,0
DA:274,0
DA:276,0
DA:277,0
DA:278,0
DA:279,0
DA:280,0
DA:281,0
DA:282,0
DA:283,0
DA:286,0
DA:287,0
DA:288,0
DA:289,0
DA:290,0
DA:291,0
DA:293,0
DA:294,0
DA:296,0
DA:298,0
DA:302,0
DA:304,0
DA:306,0
DA:310,0
DA:312,0
DA:313,0
DA:314,0
DA:320,0
DA:321,0
LF:195
LH:26
end_of_record
SF:lib/middleware/messages.dart
DA:3,10
DA:4,5
DA:5,10
DA:6,10
DA:7,10
DA:8,10
DA:10,0
DA:14,0
DA:15,0
DA:16,0
DA:18,0
DA:20,0
DA:24,0
DA:28,0
DA:29,0
DA:30,0
DA:31,0
DA:32,0
DA:33,0
DA:34,0
DA:38,0
DA:39,0
DA:41,0
DA:43,0
DA:46,0
DA:48,0
DA:49,0
DA:50,0
DA:51,0
DA:54,1
DA:58,2
DA:59,3
DA:61,2
DA:63,3
LF:34
LH:11
end_of_record
SF:lib/middleware/notifications.dart
DA:3,10
DA:4,5
DA:5,10
DA:6,10
DA:7,10
DA:9,0
DA:13,0
DA:15,0
DA:16,0
DA:19,0
DA:21,0
DA:25,1
DA:29,2
DA:30,2
DA:31,4
DA:32,3
DA:35,1
DA:39,2
DA:40,3
DA:41,6
DA:42,5
DA:44,2
DA:46,1
DA:48,4
LF:24
LH:18
end_of_record
SF:lib/middleware/pass.dart
DA:3,10
DA:4,5
DA:5,10
DA:6,10
DA:7,10
DA:8,10
DA:10,0
DA:14,0
DA:15,0
DA:16,0
DA:17,0
DA:18,0
DA:19,0
DA:21,0
DA:22,0
DA:26,0
DA:27,0
DA:28,0
DA:34,0
DA:38,0
DA:39,0
DA:40,0
DA:41,0
DA:42,0
DA:44,0
DA:48,0
DA:50,0
DA:51,0
DA:54,0
DA:56,0
DA:57,0
DA:58,0
DA:59,0
DA:60,0
DA:61,0
DA:62,0
DA:63,0
DA:69,0
DA:73,0
DA:74,0
DA:76,0
DA:77,0
DA:78,0
DA:79,0
DA:80,0
LF:45
LH:6
end_of_record
SF:lib/middleware/profile.dart
DA:3,15
DA:5,10
DA:6,10
DA:7,10
DA:9,0
DA:13,0
DA:14,0
DA:15,0
DA:17,0
DA:20,0
DA:23,0
DA:27,0
DA:28,0
DA:30,0
DA:31,0
DA:35,0
DA:40,0
DA:44,0
DA:45,0
DA:47,0
DA:48,0
DA:49,0
DA:53,0
DA:56,0
DA:57,0
DA:58,0
DA:60,0
DA:62,0
LF:28
LH:4
end_of_record
SF:lib/middleware/settings.dart
DA:3,10
DA:4,5
DA:5,10
DA:6,10
DA:7,10
DA:9,1
DA:13,2
DA:14,2
DA:15,5
LF:9
LH:9
end_of_record
SF:lib/ui/sidebar.dart
DA:11,1
DA:30,1
DA:48,1
DA:50,1
DA:51,1
DA:52,1
DA:53,1
DA:55,3
DA:60,1
DA:61,1
DA:64,1
DA:65,5
DA:66,1
DA:68,1
DA:69,1
DA:70,1
DA:71,4
DA:73,0
DA:77,0
DA:78,0
DA:82,0
DA:83,0
DA:84,0
DA:86,0
DA:92,1
DA:96,2
DA:99,1
DA:101,0
DA:102,3
DA:103,2
DA:104,4
DA:105,2
DA:106,3
DA:107,1
DA:108,1
DA:109,1
DA:110,2
DA:113,1
DA:115,1
DA:116,1
DA:117,2
DA:121,1
DA:124,2
DA:125,1
DA:126,1
DA:129,2
DA:130,1
DA:132,1
DA:135,2
DA:136,1
DA:138,1
DA:141,2
DA:142,1
DA:144,1
DA:148,2
DA:149,1
DA:151,1
DA:155,1
LF:58
LH:50
end_of_record
SF:lib/container/sorted_grades_container.dart
DA:15,1
DA:17,1
DA:18,1
DA:19,1
DA:21,1
DA:22,1
DA:24,2
DA:25,2
DA:26,2
DA:27,4
DA:28,1
DA:29,1
DA:30,2
DA:31,3
DA:55,1
DA:57,1
DA:58,1
DA:59,1
DA:60,4
DA:61,3
DA:62,4
DA:63,3
DA:64,2
DA:65,1
DA:66,3
LF:25
LH:25
end_of_record
SF:lib/container/sorted_grades_container.g.dart
DA:23,1
DA:25,3
DA:27,1
DA:34,1
DA:35,1
DA:36,1
DA:37,2
DA:39,1
DA:40,1
DA:41,1
DA:42,1
DA:45,0
DA:48,0
DA:50,0
DA:52,0
DA:54,1
DA:57,1
DA:58,3
DA:59,3
DA:60,3
DA:61,3
DA:62,0
DA:63,0
DA:66,0
DA:68,0
DA:69,0
DA:70,0
DA:71,0
DA:72,0
DA:73,0
DA:74,0
DA:75,0
DA:76,0
DA:77,0
DA:80,0
DA:82,0
DA:83,0
DA:84,0
DA:85,0
DA:86,0
DA:87,0
DA:88,0
DA:89,0
DA:98,1
DA:99,2
DA:100,3
DA:103,1
DA:104,2
DA:105,1
DA:107,2
DA:110,3
DA:111,3
DA:114,3
DA:115,3
DA:118,3
DA:119,1
DA:120,2
DA:123,3
DA:124,3
DA:126,1
DA:128,1
DA:129,1
DA:131,0
DA:132,0
DA:133,0
DA:134,0
DA:135,0
DA:136,0
DA:137,0
DA:142,1
DA:144,1
DA:145,1
DA:148,1
DA:150,1
DA:153,1
DA:157,1
DA:158,1
DA:159,2
DA:160,2
DA:161,2
DA:162,1
DA:163,1
DA:164,1
DA:165,1
DA:170,0
DA:172,0
DA:174,0
DA:176,0
DA:177,0
DA:181,1
LF:90
LH:52
end_of_record
SF:lib/ui/sorted_grades_widget.dart
DA:19,1
DA:26,1
DA:27,1
DA:29,1
DA:30,3
DA:31,1
DA:32,1
DA:34,1
DA:35,2
DA:37,1
DA:39,1
DA:40,2
DA:45,2
DA:46,1
DA:48,2
DA:49,3
DA:50,2
DA:51,2
DA:52,2
DA:53,3
DA:54,0
DA:57,3
DA:58,4
DA:59,0
DA:62,0
DA:68,1
DA:70,1
DA:71,1
DA:78,1
DA:92,1
DA:101,1
DA:103,1
DA:104,1
DA:110,1
DA:112,4
DA:113,1
DA:116,1
DA:118,5
DA:119,1
DA:120,2
DA:121,1
DA:122,4
DA:123,1
DA:124,1
DA:125,3
DA:126,1
DA:127,2
DA:128,0
DA:135,1
DA:136,1
DA:138,1
DA:139,1
DA:140,5
DA:146,2
DA:147,1
DA:148,1
DA:150,3
DA:153,1
DA:154,1
DA:155,1
DA:160,1
DA:161,1
DA:162,1
DA:164,1
DA:165,1
DA:166,1
DA:167,1
DA:178,1
DA:183,1
DA:184,1
DA:185,2
DA:186,3
DA:187,2
DA:188,1
DA:189,1
DA:190,2
DA:191,3
DA:192,1
DA:197,1
DA:198,4
DA:199,1
DA:200,2
DA:201,1
DA:202,1
DA:208,3
DA:222,2
DA:223,1
DA:225,1
DA:226,1
DA:227,1
DA:228,1
DA:229,2
DA:230,2
DA:232,1
DA:234,1
DA:235,3
DA:236,0
DA:237,0
DA:238,0
DA:240,1
DA:241,9
DA:242,2
DA:244,1
DA:245,2
DA:246,3
DA:248,3
DA:249,0
DA:250,0
DA:251,0
DA:255,1
DA:256,2
DA:257,2
DA:261,3
DA:262,2
DA:263,1
DA:265,2
DA:275,1
DA:276,1
DA:277,1
DA:279,1
DA:280,1
DA:281,2
DA:282,2
DA:284,1
DA:285,13
DA:286,2
DA:296,1
DA:298,1
DA:299,1
DA:301,1
DA:303,1
DA:304,1
DA:305,1
DA:306,2
DA:307,1
DA:309,1
DA:310,1
DA:312,2
DA:313,3
DA:326,2
DA:327,1
DA:329,2
DA:337,1
DA:339,1
DA:340,1
DA:342,1
DA:343,1
DA:344,2
DA:345,1
DA:346,1
DA:350,1
DA:351,1
DA:353,1
DA:354,2
LF:154
LH:144
end_of_record
SF:lib/desktop.dart
DA:13,0
DA:14,0
DA:17,0
DA:18,0
DA:19,0
DA:29,0
DA:30,0
DA:31,0
DA:33,0
DA:34,0
DA:35,0
DA:37,0
DA:38,0
DA:40,0
DA:44,0
DA:46,0
DA:47,0
DA:49,0
DA:50,0
DA:54,0
DA:60,0
DA:64,0
DA:69,0
DA:73,0
DA:79,0
DA:83,0
DA:88,0
DA:92,0
DA:99,0
DA:103,0
DA:109,0
LF:31
LH:0
end_of_record
SF:lib/main.dart
DA:29,6
DA:35,0
DA:38,0
DA:39,0
DA:40,0
DA:41,0
DA:42,0
DA:43,0
DA:44,0
DA:45,0
DA:46,0
DA:47,0
DA:49,0
DA:50,0
DA:52,0
DA:53,0
DA:54,0
DA:55,0
DA:57,0
DA:60,0
DA:61,0
DA:66,0
DA:72,0
DA:84,0
DA:85,0
DA:86,0
DA:87,0
DA:88,0
DA:89,0
DA:90,0
DA:92,0
DA:93,0
DA:94,0
DA:96,0
DA:97,0
DA:98,0
DA:100,0
DA:101,0
DA:102,0
DA:104,0
DA:105,0
DA:106,0
DA:108,0
DA:109,0
DA:110,0
DA:112,0
DA:113,0
DA:114,0
DA:117,0
DA:118,0
DA:119,0
DA:122,0
DA:123,0
DA:124,0
DA:127,0
DA:128,0
DA:129,0
DA:133,0
DA:143,0
DA:144,0
DA:146,0
DA:147,0
DA:148,0
DA:149,0
DA:152,0
DA:153,0
DA:154,0
DA:155,0
DA:156,0
DA:159,0
DA:170,0
DA:171,0
DA:173,0
DA:174,0
DA:176,0
DA:177,0
DA:183,2
DA:184,4
DA:185,2
DA:186,2
LF:80
LH:5
end_of_record
SF:lib/reducer/reducer.dart
DA:18,30
DA:19,20
DA:20,20
DA:21,20
DA:22,20
DA:23,20
DA:24,20
DA:25,20
DA:26,20
DA:27,20
DA:28,20
DA:29,20
DA:30,20
DA:31,20
DA:32,20
DA:33,20
DA:35,2
DA:36,4
DA:39,0
DA:40,0
DA:43,1
DA:45,2
DA:48,1
DA:49,3
LF:24
LH:22
end_of_record
SF:lib/ui/grades_chart_page.dart
DA:7,13
DA:9,1
DA:11,1
DA:12,1
DA:15,1
DA:17,1
DA:23,1
LF:7
LH:7
end_of_record
SF:lib/serializers.dart
DA:17,4
DA:18,2
DA:20,1
DA:21,0
DA:22,1
DA:23,0
DA:24,1
DA:25,0
DA:27,1
DA:36,0
DA:39,0
DA:42,0
DA:45,0
LF:13
LH:6
end_of_record
SF:lib/serializers.g.dart
DA:9,4
DA:10,2
DA:11,2
DA:12,2
DA:13,2
DA:14,2
DA:15,2
DA:16,2
DA:17,2
DA:18,2
DA:19,2
DA:20,2
DA:21,2
DA:22,2
DA:23,2
DA:24,2
DA:25,2
DA:26,2
DA:27,2
DA:28,2
DA:29,2
DA:30,2
DA:31,2
DA:32,2
DA:33,2
DA:34,2
DA:35,2
DA:36,2
DA:37,2
DA:38,2
DA:39,2
DA:40,2
DA:41,2
DA:42,1
DA:44,0
DA:45,1
DA:47,2
DA:48,1
DA:50,0
DA:51,1
DA:53,0
DA:54,1
DA:57,0
DA:58,1
DA:60,0
DA:61,1
DA:63,0
DA:64,1
DA:66,2
DA:67,1
DA:69,0
DA:70,1
DA:72,2
DA:73,1
DA:75,0
DA:76,1
DA:78,0
DA:79,1
DA:81,0
DA:82,1
DA:84,0
DA:85,1
DA:87,2
DA:88,1
DA:91,2
DA:92,1
DA:97,0
DA:98,1
DA:103,0
DA:104,1
DA:109,0
DA:110,1
DA:113,2
DA:114,1
DA:117,2
DA:118,1
DA:120,2
DA:121,1
LF:78
LH:64
end_of_record
SF:lib/reducer/absences.dart
DA:9,30
DA:11,4
DA:12,4
DA:13,20
DA:15,2
DA:17,8
DA:20,2
DA:21,4
DA:22,2
DA:23,6
DA:24,6
DA:25,6
DA:26,6
DA:27,6
DA:28,10
DA:29,0
DA:31,6
DA:32,2
DA:33,2
DA:34,8
DA:35,6
DA:36,6
DA:37,0
DA:39,6
DA:40,4
DA:41,4
DA:42,2
DA:43,2
DA:44,2
DA:45,6
DA:46,8
DA:47,6
DA:48,6
DA:49,6
DA:54,10
DA:55,4
DA:56,0
DA:60,10
DA:61,4
DA:62,2
DA:68,2
DA:69,2
DA:70,2
DA:71,4
LF:44
LH:41
end_of_record
SF:lib/reducer/calendar.dart
DA:9,30
DA:11,2
DA:12,2
DA:14,20
DA:15,20
DA:17,0
DA:19,0
DA:20,0
DA:21,0
DA:23,0
DA:24,0
DA:26,0
DA:29,1
DA:31,2
DA:34,0
DA:46,0
DA:47,0
DA:49,0
DA:50,0
DA:51,0
DA:52,0
DA:53,0
DA:54,0
DA:55,0
DA:56,0
DA:59,0
DA:60,0
DA:65,0
DA:66,0
DA:67,0
DA:68,0
DA:69,0
DA:70,0
DA:71,0
DA:72,0
DA:74,0
DA:75,0
DA:76,0
DA:77,0
DA:78,0
DA:79,0
DA:82,0
DA:83,0
DA:84,0
DA:88,0
DA:89,0
DA:90,0
DA:91,0
DA:92,0
DA:93,0
DA:94,0
DA:95,0
DA:96,0
DA:97,0
DA:98,0
DA:99,0
LF:56
LH:7
end_of_record
SF:lib/reducer/certificate.dart
DA:6,30
DA:8,0
DA:9,0
DA:10,20
DA:12,0
DA:14,0
LF:6
LH:2
end_of_record
SF:lib/reducer/dashboard.dart
DA:12,30
DA:14,4
DA:15,4
DA:17,20
DA:18,20
DA:19,20
DA:20,20
DA:21,20
DA:22,20
DA:23,20
DA:24,20
DA:25,20
DA:27,20
DA:28,20
DA:29,20
DA:30,20
DA:32,1
DA:34,1
DA:35,3
DA:36,1
DA:38,1
DA:39,4
DA:42,1
DA:44,2
DA:45,2
DA:46,1
DA:47,1
DA:48,4
DA:51,0
DA:52,0
DA:53,0
DA:57,0
DA:61,1
DA:62,2
DA:63,3
DA:66,1
DA:67,4
DA:69,0
DA:70,0
DA:73,0
DA:74,0
DA:75,0
DA:76,0
DA:77,0
DA:78,0
DA:79,0
DA:80,0
DA:81,0
DA:84,1
DA:85,2
DA:86,4
DA:87,2
DA:88,2
DA:89,2
DA:90,3
DA:92,2
DA:93,0
DA:96,0
DA:97,0
DA:98,0
DA:99,0
DA:100,0
DA:101,0
DA:102,0
DA:103,0
DA:108,0
DA:110,1
DA:112,1
DA:113,0
DA:114,0
DA:116,0
DA:117,0
DA:120,0
DA:121,0
DA:122,0
DA:123,0
DA:124,0
DA:125,0
DA:127,0
DA:128,0
DA:129,0
DA:130,0
DA:131,0
DA:132,0
DA:135,2
DA:139,4
DA:141,1
DA:142,0
DA:143,0
DA:144,0
DA:146,2
DA:147,1
DA:150,1
DA:151,1
DA:152,3
DA:153,3
DA:157,0
DA:158,0
DA:159,0
DA:160,0
DA:161,0
DA:163,0
DA:169,2
DA:170,4
DA:171,1
DA:174,1
DA:175,2
DA:177,3
DA:178,3
DA:179,3
DA:180,3
DA:181,3
DA:182,3
DA:183,3
DA:184,3
DA:185,2
DA:187,0
DA:188,0
DA:189,0
DA:190,0
DA:192,2
DA:195,1
DA:198,0
DA:201,0
DA:204,0
DA:207,0
DA:214,1
DA:216,1
DA:218,0
DA:219,0
DA:224,0
DA:226,0
DA:227,0
DA:228,0
DA:229,0
DA:230,0
DA:231,0
DA:232,0
DA:233,0
DA:234,0
DA:237,0
DA:243,0
DA:245,0
DA:248,0
DA:250,0
DA:253,0
DA:255,0
DA:258,0
DA:260,0
DA:261,0
DA:262,0
DA:263,0
DA:264,0
DA:265,0
DA:266,0
DA:267,0
DA:268,0
DA:276,1
DA:278,1
DA:279,7
DA:282,1
DA:284,3
DA:286,7
DA:287,2
DA:290,1
DA:291,1
DA:292,4
DA:293,5
DA:298,0
DA:300,0
DA:301,0
DA:302,0
DA:303,0
DA:304,0
DA:305,0
DA:306,0
DA:307,0
DA:308,0
DA:315,0
DA:317,0
DA:318,0
DA:319,0
DA:320,0
DA:321,0
DA:327,0
DA:329,0
DA:330,0
DA:331,0
DA:332,0
DA:333,0
DA:334,0
DA:335,0
DA:337,0
DA:338,0
DA:344,0
DA:346,0
DA:349,0
DA:351,0
DA:352,0
DA:353,0
DA:354,0
DA:355,0
DA:356,0
DA:357,0
DA:366,0
DA:368,0
DA:369,0
DA:370,0
DA:371,0
DA:372,0
DA:373,0
DA:374,0
DA:375,0
DA:376,0
DA:377,0
LF:215
LH:81
end_of_record
SF:lib/reducer/grades.dart
DA:12,30
DA:14,0
DA:15,0
DA:17,20
DA:18,20
DA:19,20
DA:21,20
DA:22,20
DA:23,20
DA:24,20
DA:26,0
DA:28,0
DA:31,0
DA:33,0
DA:34,0
DA:36,0
DA:37,0
DA:40,0
DA:43,0
DA:44,0
DA:45,0
DA:46,0
DA:49,0
DA:50,0
DA:51,0
DA:52,0
DA:53,0
DA:58,0
DA:59,0
DA:60,0
DA:61,0
DA:62,0
DA:63,0
DA:64,0
DA:65,0
DA:66,0
DA:67,0
DA:75,0
DA:77,0
DA:78,0
DA:82,0
DA:84,0
DA:85,0
DA:86,0
DA:87,0
DA:88,0
DA:89,0
DA:90,0
DA:91,0
DA:92,0
DA:95,0
DA:96,0
DA:97,0
DA:99,0
DA:103,0
DA:104,0
DA:105,0
DA:113,0
DA:117,0
DA:118,0
DA:120,0
DA:121,0
DA:122,0
DA:123,0
DA:124,0
DA:125,0
DA:126,0
DA:127,0
DA:136,0
DA:137,0
DA:138,0
DA:139,0
DA:140,0
DA:141,0
DA:142,0
DA:143,0
DA:147,0
DA:148,0
DA:150,0
DA:151,0
DA:152,0
DA:154,0
DA:155,0
DA:159,0
DA:160,0
DA:161,0
DA:162,0
DA:163,0
DA:164,0
DA:165,0
DA:166,0
DA:170,0
DA:171,0
DA:172,0
DA:173,0
DA:174,0
DA:175,0
DA:176,0
DA:177,0
DA:178,0
DA:179,0
DA:180,0
DA:181,0
DA:182,0
DA:183,0
DA:184,0
DA:190,0
DA:191,0
DA:192,0
DA:196,0
DA:197,0
DA:198,0
DA:199,0
DA:202,0
DA:204,0
DA:207,0
DA:209,0
DA:212,0
DA:214,0
DA:215,0
DA:217,0
DA:218,0
LF:122
LH:8
end_of_record
SF:lib/reducer/login.dart
DA:9,30
DA:11,4
DA:12,4
DA:14,20
DA:15,20
DA:16,20
DA:17,20
DA:18,20
DA:19,20
DA:20,20
DA:21,20
DA:22,20
DA:23,20
DA:24,10
DA:25,30
DA:28,0
DA:31,0
DA:32,0
DA:33,0
DA:34,0
DA:37,0
DA:40,0
DA:41,0
DA:42,0
DA:43,0
DA:46,0
DA:48,0
DA:51,1
DA:54,1
DA:55,1
DA:58,0
DA:61,0
DA:62,0
DA:63,0
DA:66,2
DA:68,2
DA:71,0
DA:73,0
DA:76,0
DA:78,0
DA:81,0
DA:83,0
DA:86,2
DA:88,6
LF:44
LH:22
end_of_record
SF:lib/reducer/pass_reset.dart
DA:7,30
DA:9,0
DA:10,0
DA:12,20
DA:13,20
DA:14,20
DA:15,20
DA:17,0
DA:20,0
DA:21,0
DA:24,0
DA:27,0
DA:28,0
DA:31,0
DA:33,0
DA:36,0
DA:38,0
DA:39,0
DA:40,0
DA:41,0
DA:42,0
LF:21
LH:5
end_of_record
SF:lib/reducer/messages.dart
DA:11,30
DA:13,2
DA:14,2
DA:16,20
DA:17,20
DA:18,20
DA:19,20
DA:20,20
DA:22,0
DA:24,0
DA:25,0
DA:28,0
DA:30,0
DA:33,0
DA:35,0
DA:36,0
DA:37,0
DA:40,0
DA:42,0
DA:43,0
DA:44,0
DA:45,0
DA:46,0
DA:50,1
DA:52,3
DA:53,0
DA:55,2
DA:56,2
DA:61,0
DA:62,0
DA:63,0
DA:64,0
DA:68,0
DA:70,0
DA:71,0
DA:72,0
DA:73,0
DA:74,0
DA:78,0
DA:79,0
DA:80,0
DA:81,0
DA:82,0
DA:83,0
DA:84,0
DA:86,0
DA:87,0
DA:88,0
DA:89,0
DA:90,0
DA:91,0
DA:92,0
DA:94,0
DA:95,0
DA:97,0
LF:55
LH:12
end_of_record
SF:lib/reducer/network_protocol.dart
DA:6,30
DA:8,0
DA:9,0
DA:10,20
DA:12,0
DA:14,0
LF:6
LH:2
end_of_record
SF:lib/reducer/notifications.dart
DA:10,30
DA:12,2
DA:13,2
DA:15,20
DA:16,20
DA:17,20
DA:18,20
DA:20,0
DA:22,0
DA:25,0
DA:26,0
DA:27,0
DA:28,0
DA:29,0
DA:30,0
DA:31,0
DA:32,0
DA:33,0
DA:34,0
DA:35,0
DA:36,0
DA:37,0
DA:44,1
DA:46,6
DA:49,1
DA:51,3
DA:54,1
DA:56,5
LF:28
LH:13
end_of_record
SF:lib/reducer/profile_reducer.dart
DA:7,30
DA:9,0
DA:10,0
DA:12,20
DA:13,20
DA:15,0
DA:17,0
DA:20,0
DA:22,0
DA:25,0
DA:26,0
DA:27,0
DA:28,0
DA:29,0
DA:30,0
DA:31,0
DA:32,0
LF:17
LH:3
end_of_record
SF:lib/reducer/settings.dart
DA:9,30
DA:11,12
DA:12,12
DA:14,20
DA:15,20
DA:16,20
DA:17,20
DA:18,20
DA:19,20
DA:20,20
DA:21,20
DA:22,10
DA:23,10
DA:24,20
DA:26,20
DA:27,20
DA:28,20
DA:29,20
DA:30,10
DA:31,10
DA:32,20
DA:34,20
DA:36,20
DA:37,20
DA:38,20
DA:39,20
DA:40,10
DA:41,10
DA:43,0
DA:45,0
DA:48,0
DA:50,0
DA:53,1
DA:55,2
DA:58,1
DA:60,2
DA:63,0
DA:65,0
DA:68,0
DA:70,0
DA:73,0
DA:75,0
DA:78,1
DA:80,3
DA:83,1
DA:86,1
DA:87,1
DA:90,0
DA:93,0
DA:94,0
DA:97,0
DA:100,0
DA:101,0
DA:104,0
DA:106,0
DA:109,0
DA:111,0
DA:114,0
DA:116,0
DA:119,1
DA:121,3
DA:124,1
DA:128,6
DA:131,0
DA:133,0
DA:136,0
DA:138,0
DA:141,0
DA:143,0
DA:146,0
DA:148,0
DA:151,0
DA:153,0
DA:156,1
DA:158,2
DA:159,3
DA:160,2
DA:161,1
DA:162,3
DA:163,1
DA:164,2
DA:165,1
DA:166,2
DA:167,1
DA:168,1
DA:169,1
DA:170,0
DA:171,0
DA:172,0
DA:173,0
DA:174,0
DA:175,0
DA:178,1
DA:184,3
DA:185,4
DA:187,3
LF:96
LH:58
end_of_record
SF:lib/ui/animated_linear_progress_indicator.dart
DA:7,3
DA:10,3
DA:11,3
DA:13,3
DA:19,6
DA:21,6
DA:23,3
DA:24,3
DA:25,0
DA:29,3
DA:30,12
DA:31,6
DA:32,12
DA:33,0
DA:37,3
DA:39,3
DA:40,3
DA:43,3
DA:45,6
DA:46,3
DA:49,1
DA:51,1
DA:52,1
DA:55,3
DA:57,6
DA:60,3
DA:61,3
DA:62,3
DA:63,3
LF:29
LH:27
end_of_record
SF:lib/ui/donations.dart
DA:6,0
DA:8,0
DA:9,0
DA:10,0
DA:11,0
DA:12,0
DA:13,0
DA:15,0
DA:18,0
DA:21,0
DA:24,0
DA:25,0
DA:32,0
DA:34,0
DA:37,0
DA:40,0
DA:43,0
DA:44,0
DA:51,0
DA:53,0
DA:56,0
DA:59,0
DA:62,0
DA:63,0
DA:70,0
DA:72,0
DA:75,0
DA:78,0
DA:81,0
DA:82,0
DA:89,0
DA:91,0
DA:93,0
DA:96,0
DA:99,0
DA:100,0
DA:101,0
DA:103,0
DA:112,0
DA:114,0
DA:117,0
DA:121,0
DA:124,0
DA:125,0
DA:137,0
DA:140,0
DA:141,0
DA:143,0
LF:48
LH:0
end_of_record
SF:lib/ui/splash.dart
DA:7,0
DA:8,0
DA:9,0
DA:14,0
DA:15,0
DA:16,0
DA:17,0
DA:18,0
DA:19,0
DA:21,0
DA:30,0
DA:32,0
DA:33,0
DA:34,0
DA:36,0
LF:15
LH:0
end_of_record
SF:lib/ui/network_protocol_page.dart
DA:6,0
DA:8,0
DA:9,0
DA:12,0
LF:4
LH:0
end_of_record
SF:lib/ui/user_profile.dart
DA:6,0
DA:11,0
DA:12,0
DA:14,0
DA:15,0
DA:17,0
DA:18,0
DA:19,0
DA:20,0
DA:21,0
DA:23,0
LF:11
LH:0
end_of_record
